---
title: ChaiScript-bb74d06b1848664511d816ede1e9d9682114571f-Win64-Windows-8.1-VisualStudio-14
permalink: ChaiScript-bb74d06b1848664511d816ede1e9d9682114571f-Win64-Windows-8.1-VisualStudio-14.html
tags: data
layout: ci_results
date: 2015-05-08 14:40:45
unhandled_failure: false
build_error_count: 0
build_warning_count: 0
package_error_count: 0
package_warning_count: 0
test_count: 348
test_passed_count: 3
repository: ChaiScript/ChaiScript
compiler: Visual Studio
compiler_version: 14
architecture: Win64
os: Windows
os_release: 8.1
is_release: false
release_packaged: false
packaging_skipped: true
package_name: 
tag_name: 
commit_sha: bb74d06b1848664511d816ede1e9d9682114571f
branch_name: develop
test_run: true
pull_request_issue_id: ""
pull_request_base_repository: 
pull_request_base_ref: 
device_id: Win64-Windows-8.1-VisualStudio-14
pending: false
analyze_only: false
build_time: 398.625832
test_time: 15.328438
package_time: 
install_time: 
results_repository: ChaiScript/ChaiScript-BuildResults
machine_name: nrel81
machine_ip: 192.168.1.45
coverage_enabled: false
coverage_pass_limit: 90
coverage_warn_limit: 75
coverage_lines: 0
coverage_total_lines: 0
coverage_functions: 0
coverage_total_functions: 0
coverage_url: 
asset_url: 
---

{
  "build_results": [

  ],
  "test_results": [
    {
      "name": "3.x/bind2.chai",
      "status": "failed",
      "time": "0.139868",
      "output": null,
      "parsed_errors": [

      ]
    },
    {
      "name": "3.x/bind.chai",
      "status": "failed",
      "time": "0.139868",
      "output": null,
      "parsed_errors": [

      ]
    },
    {
      "name": "version_check",
      "status": "failed",
      "time": "0.170641",
      "output": null,
      "parsed_errors": [

      ]
    },
    {
      "name": "3.x/block_start.chai",
      "status": "failed",
      "time": "0.139868",
      "output": null,
      "parsed_errors": [

      ]
    },
    {
      "name": "3.x/assign_const.chai",
      "status": "failed",
      "time": "0.171595",
      "output": null,
      "parsed_errors": [

      ]
    },
    {
      "name": "3.x/collate.chai",
      "status": "failed",
      "time": "0.0949917",
      "output": null,
      "parsed_errors": [

      ]
    },
    {
      "name": "3.x/bool_not.chai",
      "status": "failed",
      "time": "0.267324",
      "output": null,
      "parsed_errors": [

      ]
    },
    {
      "name": "3.x/compare_gt.chai",
      "status": "failed",
      "time": "0.0949917",
      "output": null,
      "parsed_errors": [

      ]
    },
    {
      "name": "3.x/classification.chai",
      "status": "failed",
      "time": "0.0949917",
      "output": null,
      "parsed_errors": [

      ]
    },
    {
      "name": "3.x/break_while.chai",
      "status": "failed",
      "time": "0.109932",
      "output": null,
      "parsed_errors": [

      ]
    },
    {
      "name": "3.x/char_init.chai",
      "status": "failed",
      "time": "0.109932",
      "output": null,
      "parsed_errors": [

      ]
    },
    {
      "name": "3.x/convert_int_string.chai",
      "status": "failed",
      "time": "0.233856",
      "output": null,
      "parsed_errors": [

      ]
    },
    {
      "name": "3.x/concat.chai",
      "status": "failed",
      "time": "0.249355",
      "output": null,
      "parsed_errors": [

      ]
    },
    {
      "name": "3.x/const_range_test.chai",
      "status": "failed",
      "time": "0.233856",
      "output": null,
      "parsed_errors": [

      ]
    },
    {
      "name": "3.x/convert_string_double.chai",
      "status": "failed",
      "time": "0.249962",
      "output": null,
      "parsed_errors": [

      ]
    },
    {
      "name": "3.x/convert_double_string.chai",
      "status": "failed",
      "time": "0.281187",
      "output": null,
      "parsed_errors": [

      ]
    },
    {
      "name": "3.x/compare_lt.chai",
      "status": "failed",
      "time": "0.296686",
      "output": null,
      "parsed_errors": [

      ]
    },
    {
      "name": "3.x/dispatch_functions.chai",
      "status": "failed",
      "time": "0.0466442",
      "output": null,
      "parsed_errors": [

      ]
    },
    {
      "name": "3.x/convert_string_int.chai",
      "status": "failed",
      "time": "0.107666",
      "output": null,
      "parsed_errors": [

      ]
    },
    {
      "name": "3.x/drop.chai",
      "status": "failed",
      "time": "0.0930328",
      "output": null,
      "parsed_errors": [

      ]
    },
    {
      "name": "3.x/deep_array_lookup.chai",
      "status": "failed",
      "time": "0.107666",
      "output": null,
      "parsed_errors": [

      ]
    },
    {
      "name": "3.x/eval.chai",
      "status": "failed",
      "time": "0.157776",
      "output": null,
      "parsed_errors": [

      ]
    },
    {
      "name": "3.x/even.chai",
      "status": "failed",
      "time": "0.142256",
      "output": null,
      "parsed_errors": [

      ]
    },
    {
      "name": "3.x/empty.chai",
      "status": "failed",
      "time": "0.171873",
      "output": null,
      "parsed_errors": [

      ]
    },
    {
      "name": "3.x/drop_while.chai",
      "status": "failed",
      "time": "0.185793",
      "output": null,
      "parsed_errors": [

      ]
    },
    {
      "name": "3.x/equ_shortform.chai",
      "status": "failed",
      "time": "0.171696",
      "output": null,
      "parsed_errors": [

      ]
    },
    {
      "name": "3.x/exception_guards.chai",
      "status": "failed",
      "time": "0.204109",
      "output": null,
      "parsed_errors": [

      ]
    },
    {
      "name": "3.x/eval_error.chai",
      "status": "failed",
      "time": "0.376673",
      "output": null,
      "parsed_errors": [

      ]
    },
    {
      "name": "3.x/filter.chai",
      "status": "failed",
      "time": "0.203091",
      "output": null,
      "parsed_errors": [

      ]
    },
    {
      "name": "3.x/exception.chai",
      "status": "failed",
      "time": "0.217972",
      "output": null,
      "parsed_errors": [

      ]
    },
    {
      "name": "3.x/exception_finally.chai",
      "status": "failed",
      "time": "0.217972",
      "output": null,
      "parsed_errors": [

      ]
    },
    {
      "name": "3.x/float.chai",
      "status": "failed",
      "time": "0.265717",
      "output": null,
      "parsed_errors": [

      ]
    },
    {
      "name": "3.x/for_each_range.chai",
      "status": "failed",
      "time": "0.219603",
      "output": null,
      "parsed_errors": [

      ]
    },
    {
      "name": "3.x/foldl.chai",
      "status": "failed",
      "time": "0.249052",
      "output": null,
      "parsed_errors": [

      ]
    },
    {
      "name": "3.x/for_each.chai",
      "status": "failed",
      "time": "0.233541",
      "output": null,
      "parsed_errors": [

      ]
    },
    {
      "name": "3.x/for.chai",
      "status": "failed",
      "time": "0.249052",
      "output": null,
      "parsed_errors": [

      ]
    },
    {
      "name": "3.x/for_each_retro.chai",
      "status": "failed",
      "time": "0.266098",
      "output": null,
      "parsed_errors": [

      ]
    },
    {
      "name": "3.x/global_const_in_module.chai",
      "status": "failed",
      "time": "0.125107",
      "output": null,
      "parsed_errors": [

      ]
    },
    {
      "name": "3.x/function_reassignment.chai",
      "status": "failed",
      "time": "0.157307",
      "output": null,
      "parsed_errors": [

      ]
    },
    {
      "name": "3.x/function_array_adjacent.chai",
      "status": "failed",
      "time": "0.157307",
      "output": null,
      "parsed_errors": [

      ]
    },
    {
      "name": "3.x/function_introspection.chai",
      "status": "failed",
      "time": "0.157307",
      "output": null,
      "parsed_errors": [

      ]
    },
    {
      "name": "3.x/if_elseif_else.chai",
      "status": "failed",
      "time": "0.172876",
      "output": null,
      "parsed_errors": [

      ]
    },
    {
      "name": "3.x/generate_range.chai",
      "status": "failed",
      "time": "0.376387",
      "output": null,
      "parsed_errors": [

      ]
    },
    {
      "name": "3.x/if_elseif.chai",
      "status": "failed",
      "time": "0.18931",
      "output": null,
      "parsed_errors": [

      ]
    },
    {
      "name": "3.x/if_else.chai",
      "status": "failed",
      "time": "0.18931",
      "output": null,
      "parsed_errors": [

      ]
    },
    {
      "name": "3.x/if.chai",
      "status": "failed",
      "time": "0.220072",
      "output": null,
      "parsed_errors": [

      ]
    },
    {
      "name": "3.x/index_operator.chai",
      "status": "failed",
      "time": "0.205776",
      "output": null,
      "parsed_errors": [

      ]
    },
    {
      "name": "3.x/invalid_function_reassignment.chai",
      "status": "failed",
      "time": "0.200428",
      "output": null,
      "parsed_errors": [

      ]
    },
    {
      "name": "3.x/invalid_function_assignment.chai",
      "status": "failed",
      "time": "0.218758",
      "output": null,
      "parsed_errors": [

      ]
    },
    {
      "name": "3.x/instring_eval.chai",
      "status": "failed",
      "time": "0.218758",
      "output": null,
      "parsed_errors": [

      ]
    },
    {
      "name": "3.x/instring_eval_more.chai",
      "status": "failed",
      "time": "0.218758",
      "output": null,
      "parsed_errors": [

      ]
    },
    {
      "name": "3.x/is_undef.chai",
      "status": "failed",
      "time": "0.092905",
      "output": null,
      "parsed_errors": [

      ]
    },
    {
      "name": "3.x/inheritance.chai",
      "status": "failed",
      "time": "0.328239",
      "output": null,
      "parsed_errors": [

      ]
    },
    {
      "name": "3.x/list_push_front.chai",
      "status": "failed",
      "time": "0.109663",
      "output": null,
      "parsed_errors": [

      ]
    },
    {
      "name": "3.x/join.chai",
      "status": "failed",
      "time": "0.139771",
      "output": null,
      "parsed_errors": [

      ]
    },
    {
      "name": "3.x/list_push_back.chai",
      "status": "failed",
      "time": "0.12442",
      "output": null,
      "parsed_errors": [

      ]
    },
    {
      "name": "3.x/lambda.chai",
      "status": "failed",
      "time": "0.139771",
      "output": null,
      "parsed_errors": [

      ]
    },
    {
      "name": "3.x/map_access.chai",
      "status": "failed",
      "time": "0.110138",
      "output": null,
      "parsed_errors": [

      ]
    },
    {
      "name": "3.x/map_inplace_init.chai",
      "status": "failed",
      "time": "0.124943",
      "output": null,
      "parsed_errors": [

      ]
    },
    {
      "name": "3.x/map.chai",
      "status": "failed",
      "time": "0.124943",
      "output": null,
      "parsed_errors": [

      ]
    },
    {
      "name": "3.x/loop_inner_outer.chai",
      "status": "failed",
      "time": "0.139736",
      "output": null,
      "parsed_errors": [

      ]
    },
    {
      "name": "3.x/load_module.chai",
      "status": "failed",
      "time": "0.139736",
      "output": null,
      "parsed_errors": [

      ]
    },
    {
      "name": "3.x/malformed_inline_map.chai",
      "status": "failed",
      "time": "0.155277",
      "output": null,
      "parsed_errors": [

      ]
    },
    {
      "name": "3.x/math_div.chai",
      "status": "failed",
      "time": "0.0937634",
      "output": null,
      "parsed_errors": [

      ]
    },
    {
      "name": "3.x/math_dec.chai",
      "status": "failed",
      "time": "0.266573",
      "output": null,
      "parsed_errors": [

      ]
    },
    {
      "name": "3.x/math_add.chai",
      "status": "failed",
      "time": "0.282194",
      "output": null,
      "parsed_errors": [

      ]
    },
    {
      "name": "3.x/math_mod.chai",
      "status": "failed",
      "time": "0.250237",
      "output": null,
      "parsed_errors": [

      ]
    },
    {
      "name": "3.x/math_add_mixed.chai",
      "status": "failed",
      "time": "0.266573",
      "output": null,
      "parsed_errors": [

      ]
    },
    {
      "name": "3.x/math_inc.chai",
      "status": "failed",
      "time": "0.43751",
      "output": null,
      "parsed_errors": [

      ]
    },
    {
      "name": "3.x/math_paren.chai",
      "status": "failed",
      "time": "0.125008",
      "output": null,
      "parsed_errors": [

      ]
    },
    {
      "name": "3.x/math_mult.chai",
      "status": "failed",
      "time": "0.139723",
      "output": null,
      "parsed_errors": [

      ]
    },
    {
      "name": "3.x/max.chai",
      "status": "failed",
      "time": "0.140669",
      "output": null,
      "parsed_errors": [

      ]
    },
    {
      "name": "3.x/math_negate.chai",
      "status": "failed",
      "time": "0.155384",
      "output": null,
      "parsed_errors": [

      ]
    },
    {
      "name": "3.x/math_sub.chai",
      "status": "failed",
      "time": "0.188448",
      "output": null,
      "parsed_errors": [

      ]
    },
    {
      "name": "3.x/mmd1.chai",
      "status": "failed",
      "time": "0.187414",
      "output": null,
      "parsed_errors": [

      ]
    },
    {
      "name": "3.x/method_sugar.chai",
      "status": "failed",
      "time": "0.202219",
      "output": null,
      "parsed_errors": [

      ]
    },
    {
      "name": "3.x/memberscope.chai",
      "status": "failed",
      "time": "0.202219",
      "output": null,
      "parsed_errors": [

      ]
    },
    {
      "name": "3.x/min.chai",
      "status": "failed",
      "time": "0.202219",
      "output": null,
      "parsed_errors": [

      ]
    },
    {
      "name": "3.x/mmd2.chai",
      "status": "failed",
      "time": "0.343615",
      "output": null,
      "parsed_errors": [

      ]
    },
    {
      "name": "3.x/object_attr.chai",
      "status": "failed",
      "time": "0.124971",
      "output": null,
      "parsed_errors": [

      ]
    },
    {
      "name": "3.x/multiline.chai",
      "status": "failed",
      "time": "0.139704",
      "output": null,
      "parsed_errors": [

      ]
    },
    {
      "name": "3.x/object_clone.chai",
      "status": "failed",
      "time": "0.141529",
      "output": null,
      "parsed_errors": [

      ]
    },
    {
      "name": "3.x/number_formats.chai",
      "status": "failed",
      "time": "0.157175",
      "output": null,
      "parsed_errors": [

      ]
    },
    {
      "name": "3.x/object_attr_same_name.chai",
      "status": "failed",
      "time": "0.171848",
      "output": null,
      "parsed_errors": [

      ]
    },
    {
      "name": "3.x/operator_overload.chai",
      "status": "failed",
      "time": "0.157261",
      "output": null,
      "parsed_errors": [

      ]
    },
    {
      "name": "3.x/object_method_guards.chai",
      "status": "failed",
      "time": "0.186403",
      "output": null,
      "parsed_errors": [

      ]
    },
    {
      "name": "3.x/object_constructor_guards.chai",
      "status": "failed",
      "time": "0.186403",
      "output": null,
      "parsed_errors": [

      ]
    },
    {
      "name": "3.x/odd.chai",
      "status": "failed",
      "time": "0.171867",
      "output": null,
      "parsed_errors": [

      ]
    },
    {
      "name": "3.x/precedence_1.chai",
      "status": "failed",
      "time": "0.0940113",
      "output": null,
      "parsed_errors": [

      ]
    },
    {
      "name": "3.x/operator_overload2.chai",
      "status": "failed",
      "time": "0.297112",
      "output": null,
      "parsed_errors": [

      ]
    },
    {
      "name": "3.x/pointer_passed_to_constructor.chai",
      "status": "failed",
      "time": "0.0940113",
      "output": null,
      "parsed_errors": [

      ]
    },
    {
      "name": "3.x/pair.chai",
      "status": "failed",
      "time": "0.0940113",
      "output": null,
      "parsed_errors": [

      ]
    },
    {
      "name": "3.x/operators_float.chai",
      "status": "failed",
      "time": "0.125111",
      "output": null,
      "parsed_errors": [

      ]
    },
    {
      "name": "3.x/operators_int.chai",
      "status": "failed",
      "time": "0.110275",
      "output": null,
      "parsed_errors": [

      ]
    },
    {
      "name": "3.x/range.chai",
      "status": "failed",
      "time": "0.094038",
      "output": null,
      "parsed_errors": [

      ]
    },
    {
      "name": "3.x/range_back.chai",
      "status": "failed",
      "time": "0.125364",
      "output": null,
      "parsed_errors": [

      ]
    },
    {
      "name": "3.x/product.chai",
      "status": "failed",
      "time": "0.140911",
      "output": null,
      "parsed_errors": [

      ]
    },
    {
      "name": "3.x/precedence_eq.chai",
      "status": "failed",
      "time": "0.171061",
      "output": null,
      "parsed_errors": [

      ]
    },
    {
      "name": "3.x/precedence_2.chai",
      "status": "failed",
      "time": "0.171061",
      "output": null,
      "parsed_errors": [

      ]
    },
    {
      "name": "3.x/precedence_3.chai",
      "status": "failed",
      "time": "0.171061",
      "output": null,
      "parsed_errors": [

      ]
    },
    {
      "name": "3.x/reflection_test.chai",
      "status": "failed",
      "time": "0.0622215",
      "output": null,
      "parsed_errors": [

      ]
    },
    {
      "name": "3.x/ref_equal.chai",
      "status": "failed",
      "time": "0.12406",
      "output": null,
      "parsed_errors": [

      ]
    },
    {
      "name": "3.x/reduce.chai",
      "status": "failed",
      "time": "0.140015",
      "output": null,
      "parsed_errors": [

      ]
    },
    {
      "name": "3.x/range_contains.chai",
      "status": "failed",
      "time": "0.140015",
      "output": null,
      "parsed_errors": [

      ]
    },
    {
      "name": "3.x/range_inplace.chai",
      "status": "failed",
      "time": "0.140015",
      "output": null,
      "parsed_errors": [

      ]
    },
    {
      "name": "3.x/range_find.chai",
      "status": "failed",
      "time": "0.140015",
      "output": null,
      "parsed_errors": [

      ]
    },
    {
      "name": "3.x/string_charptr.chai",
      "status": "failed",
      "time": "0.156979",
      "output": null,
      "parsed_errors": [

      ]
    },
    {
      "name": "3.x/runtime_error.chai",
      "status": "failed",
      "time": "0.172609",
      "output": null,
      "parsed_errors": [

      ]
    },
    {
      "name": "3.x/retro.chai",
      "status": "failed",
      "time": "0.219101",
      "output": null,
      "parsed_errors": [

      ]
    },
    {
      "name": "3.x/return.chai",
      "status": "failed",
      "time": "0.203465",
      "output": null,
      "parsed_errors": [

      ]
    },
    {
      "name": "3.x/retroretro.chai",
      "status": "failed",
      "time": "0.203465",
      "output": null,
      "parsed_errors": [

      ]
    },
    {
      "name": "3.x/shift.chai",
      "status": "failed",
      "time": "0.249783",
      "output": null,
      "parsed_errors": [

      ]
    },
    {
      "name": "3.x/string_find_last_not_of.chai",
      "status": "failed",
      "time": "0.157137",
      "output": null,
      "parsed_errors": [

      ]
    },
    {
      "name": "3.x/string_find.chai",
      "status": "failed",
      "time": "0.171858",
      "output": null,
      "parsed_errors": [

      ]
    },
    {
      "name": "3.x/string_find_first_of.chai",
      "status": "failed",
      "time": "0.172777",
      "output": null,
      "parsed_errors": [

      ]
    },
    {
      "name": "3.x/string_find_first_not_of.chai",
      "status": "failed",
      "time": "0.172777",
      "output": null,
      "parsed_errors": [

      ]
    },
    {
      "name": "3.x/string_find_last_of.chai",
      "status": "failed",
      "time": "0.0944614",
      "output": null,
      "parsed_errors": [

      ]
    },
    {
      "name": "3.x/string_concat.chai",
      "status": "failed",
      "time": "0.329428",
      "output": null,
      "parsed_errors": [

      ]
    },
    {
      "name": "3.x/sum.chai",
      "status": "failed",
      "time": "0.0937843",
      "output": null,
      "parsed_errors": [

      ]
    },
    {
      "name": "3.x/string_init.chai",
      "status": "failed",
      "time": "0.108816",
      "output": null,
      "parsed_errors": [

      ]
    },
    {
      "name": "3.x/string_rfind.chai",
      "status": "failed",
      "time": "0.0937843",
      "output": null,
      "parsed_errors": [

      ]
    },
    {
      "name": "3.x/string_literal_access.chai",
      "status": "failed",
      "time": "0.108816",
      "output": null,
      "parsed_errors": [

      ]
    },
    {
      "name": "3.x/switch_empty.chai",
      "status": "failed",
      "time": "0.155272",
      "output": null,
      "parsed_errors": [

      ]
    },
    {
      "name": "3.x/switch_break.chai",
      "status": "failed",
      "time": "0.170948",
      "output": null,
      "parsed_errors": [

      ]
    },
    {
      "name": "3.x/take.chai",
      "status": "failed",
      "time": "0.155272",
      "output": null,
      "parsed_errors": [

      ]
    },
    {
      "name": "3.x/switch_fallthru.chai",
      "status": "failed",
      "time": "0.1709",
      "output": null,
      "parsed_errors": [

      ]
    },
    {
      "name": "3.x/switch_default.chai",
      "status": "failed",
      "time": "0.186577",
      "output": null,
      "parsed_errors": [

      ]
    },
    {
      "name": "3.x/switch_fallthru_and_break.chai",
      "status": "failed",
      "time": "0.234354",
      "output": null,
      "parsed_errors": [

      ]
    },
    {
      "name": "3.x/vector_access.chai",
      "status": "failed",
      "time": "0.0781231",
      "output": null,
      "parsed_errors": [

      ]
    },
    {
      "name": "3.x/vector_erase_at.chai",
      "status": "failed",
      "time": "0.0937157",
      "output": null,
      "parsed_errors": [

      ]
    },
    {
      "name": "3.x/take_while.chai",
      "status": "failed",
      "time": "0.108332",
      "output": null,
      "parsed_errors": [

      ]
    },
    {
      "name": "3.x/use.chai",
      "status": "failed",
      "time": "0.0937157",
      "output": null,
      "parsed_errors": [

      ]
    },
    {
      "name": "3.x/type_info.chai",
      "status": "failed",
      "time": "0.12491",
      "output": null,
      "parsed_errors": [

      ]
    },
    {
      "name": "3.x/vector_literal_acccess.chai",
      "status": "failed",
      "time": "0.140501",
      "output": null,
      "parsed_errors": [

      ]
    },
    {
      "name": "3.x/vector_inplace_init.chai",
      "status": "failed",
      "time": "0.171877",
      "output": null,
      "parsed_errors": [

      ]
    },
    {
      "name": "3.x/vector_of_one.chai",
      "status": "failed",
      "time": "0.157043",
      "output": null,
      "parsed_errors": [

      ]
    },
    {
      "name": "3.x/vector_insert_at.chai",
      "status": "failed",
      "time": "0.157043",
      "output": null,
      "parsed_errors": [

      ]
    },
    {
      "name": "3.x/vector_push_back.chai",
      "status": "failed",
      "time": "0.157043",
      "output": null,
      "parsed_errors": [

      ]
    },
    {
      "name": "3.x/zip_with.chai",
      "status": "failed",
      "time": "0.124905",
      "output": null,
      "parsed_errors": [

      ]
    },
    {
      "name": "3.x/vector_paren_literal_access.chai",
      "status": "failed",
      "time": "0.31329",
      "output": null,
      "parsed_errors": [

      ]
    },
    {
      "name": "3.x/vector_push_empty.chai",
      "status": "failed",
      "time": "0.124905",
      "output": null,
      "parsed_errors": [

      ]
    },
    {
      "name": "array_types.chai",
      "status": "failed",
      "time": "0.110285",
      "output": null,
      "parsed_errors": [

      ]
    },
    {
      "name": "3.x/zip.chai",
      "status": "failed",
      "time": "0.124905",
      "output": null,
      "parsed_errors": [

      ]
    },
    {
      "name": "assign_const.chai",
      "status": "failed",
      "time": "0.171856",
      "output": null,
      "parsed_errors": [

      ]
    },
    {
      "name": "bind2.chai",
      "status": "failed",
      "time": "0.124384",
      "output": null,
      "parsed_errors": [

      ]
    },
    {
      "name": "bind.chai",
      "status": "failed",
      "time": "0.140732",
      "output": null,
      "parsed_errors": [

      ]
    },
    {
      "name": "block_start.chai",
      "status": "failed",
      "time": "0.139086",
      "output": null,
      "parsed_errors": [

      ]
    },
    {
      "name": "bool_not.chai",
      "status": "failed",
      "time": "0.157146",
      "output": null,
      "parsed_errors": [

      ]
    },
    {
      "name": "break_for.chai",
      "status": "failed",
      "time": "0.29686",
      "output": null,
      "parsed_errors": [

      ]
    },
    {
      "name": "classification.chai",
      "status": "failed",
      "time": "0.15704",
      "output": null,
      "parsed_errors": [

      ]
    },
    {
      "name": "break_while.chai",
      "status": "failed",
      "time": "0.17164",
      "output": null,
      "parsed_errors": [

      ]
    },
    {
      "name": "class.chai",
      "status": "failed",
      "time": "0.15704",
      "output": null,
      "parsed_errors": [

      ]
    },
    {
      "name": "char_init.chai",
      "status": "failed",
      "time": "0.15704",
      "output": null,
      "parsed_errors": [

      ]
    },
    {
      "name": "collate.chai",
      "status": "failed",
      "time": "0.204121",
      "output": null,
      "parsed_errors": [

      ]
    },
    {
      "name": "continue_for.chai",
      "status": "failed",
      "time": "0.171753",
      "output": null,
      "parsed_errors": [

      ]
    },
    {
      "name": "concat.chai",
      "status": "failed",
      "time": "0.171753",
      "output": null,
      "parsed_errors": [

      ]
    },
    {
      "name": "compare_lt.chai",
      "status": "failed",
      "time": "0.188345",
      "output": null,
      "parsed_errors": [

      ]
    },
    {
      "name": "const_range_test.chai",
      "status": "failed",
      "time": "0.171753",
      "output": null,
      "parsed_errors": [

      ]
    },
    {
      "name": "convert_string_int.chai",
      "status": "failed",
      "time": "0.15723",
      "output": null,
      "parsed_errors": [

      ]
    },
    {
      "name": "convert_int_string.chai",
      "status": "failed",
      "time": "0.172815",
      "output": null,
      "parsed_errors": [

      ]
    },
    {
      "name": "compare_gt.chai",
      "status": "failed",
      "time": "0.407204",
      "output": null,
      "parsed_errors": [

      ]
    },
    {
      "name": "convert_double_string.chai",
      "status": "failed",
      "time": "0.187546",
      "output": null,
      "parsed_errors": [

      ]
    },
    {
      "name": "continue_while.chai",
      "status": "failed",
      "time": "0.187546",
      "output": null,
      "parsed_errors": [

      ]
    },
    {
      "name": "convert_string_double.chai",
      "status": "failed",
      "time": "0.218702",
      "output": null,
      "parsed_errors": [

      ]
    },
    {
      "name": "divide_by_zero_protection.chai",
      "status": "failed",
      "time": "0.155413",
      "output": null,
      "parsed_errors": [

      ]
    },
    {
      "name": "deep_array_lookup.chai",
      "status": "failed",
      "time": "0.170918",
      "output": null,
      "parsed_errors": [

      ]
    },
    {
      "name": "drop_while.chai",
      "status": "failed",
      "time": "0.155413",
      "output": null,
      "parsed_errors": [

      ]
    },
    {
      "name": "dispatch_functions.chai",
      "status": "failed",
      "time": "0.155413",
      "output": null,
      "parsed_errors": [

      ]
    },
    {
      "name": "drop.chai",
      "status": "failed",
      "time": "0.31406",
      "output": null,
      "parsed_errors": [

      ]
    },
    {
      "name": "dynamic_object_dynamic_attrs.chai",
      "status": "failed",
      "time": "0.20405",
      "output": null,
      "parsed_errors": [

      ]
    },
    {
      "name": "eval.chai",
      "status": "failed",
      "time": "0.20212",
      "output": null,
      "parsed_errors": [

      ]
    },
    {
      "name": "empty.chai",
      "status": "failed",
      "time": "0.23526",
      "output": null,
      "parsed_errors": [

      ]
    },
    {
      "name": "eval_error.chai",
      "status": "failed",
      "time": "0.218651",
      "output": null,
      "parsed_errors": [

      ]
    },
    {
      "name": "equ_shortform.chai",
      "status": "failed",
      "time": "0.390591",
      "output": null,
      "parsed_errors": [

      ]
    },
    {
      "name": "exception_finally.chai",
      "status": "failed",
      "time": "0.138756",
      "output": null,
      "parsed_errors": [

      ]
    },
    {
      "name": "eval_file.chai",
      "status": "failed",
      "time": "0.155161",
      "output": null,
      "parsed_errors": [

      ]
    },
    {
      "name": "exception.chai",
      "status": "failed",
      "time": "0.155161",
      "output": null,
      "parsed_errors": [

      ]
    },
    {
      "name": "even.chai",
      "status": "failed",
      "time": "0.155161",
      "output": null,
      "parsed_errors": [

      ]
    },
    {
      "name": "exception_guards.chai",
      "status": "failed",
      "time": "0.202211",
      "output": null,
      "parsed_errors": [

      ]
    },
    {
      "name": "filter.chai",
      "status": "failed",
      "time": "0.0947113",
      "output": null,
      "parsed_errors": [

      ]
    },
    {
      "name": "exception_typed.chai",
      "status": "failed",
      "time": "0.110317",
      "output": null,
      "parsed_errors": [

      ]
    },
    {
      "name": "float.chai",
      "status": "failed",
      "time": "0.0781231",
      "output": null,
      "parsed_errors": [

      ]
    },
    {
      "name": "exception_typed_2.chai",
      "status": "failed",
      "time": "0.109463",
      "output": null,
      "parsed_errors": [

      ]
    },
    {
      "name": "foldl.chai",
      "status": "failed",
      "time": "0.0928745",
      "output": null,
      "parsed_errors": [

      ]
    },
    {
      "name": "for_each_retro.chai",
      "status": "failed",
      "time": "0.141531",
      "output": null,
      "parsed_errors": [

      ]
    },
    {
      "name": "for_each.chai",
      "status": "failed",
      "time": "0.157177",
      "output": null,
      "parsed_errors": [

      ]
    },
    {
      "name": "for.chai",
      "status": "failed",
      "time": "0.157177",
      "output": null,
      "parsed_errors": [

      ]
    },
    {
      "name": "for_each_range.chai",
      "status": "failed",
      "time": "0.157177",
      "output": null,
      "parsed_errors": [

      ]
    },
    {
      "name": "function_array_adjacent.chai",
      "status": "failed",
      "time": "0.141531",
      "output": null,
      "parsed_errors": [

      ]
    },
    {
      "name": "function_attributes.chai",
      "status": "failed",
      "time": "0.203114",
      "output": null,
      "parsed_errors": [

      ]
    },
    {
      "name": "function_reassignment.chai",
      "status": "failed",
      "time": "0.125006",
      "output": null,
      "parsed_errors": [

      ]
    },
    {
      "name": "function_introspection.chai",
      "status": "failed",
      "time": "0.139685",
      "output": null,
      "parsed_errors": [

      ]
    },
    {
      "name": "function_redefinition.chai",
      "status": "failed",
      "time": "0.141588",
      "output": null,
      "parsed_errors": [

      ]
    },
    {
      "name": "function_members.chai",
      "status": "failed",
      "time": "0.156267",
      "output": null,
      "parsed_errors": [

      ]
    },
    {
      "name": "global_const_in_module.chai",
      "status": "failed",
      "time": "0.0617733",
      "output": null,
      "parsed_errors": [

      ]
    },
    {
      "name": "future.chai",
      "status": "failed",
      "time": "0.234367",
      "output": null,
      "parsed_errors": [

      ]
    },
    {
      "name": "generate_range.chai",
      "status": "failed",
      "time": "0.108404",
      "output": null,
      "parsed_errors": [

      ]
    },
    {
      "name": "global_in_script.chai",
      "status": "failed",
      "time": "0.0939713",
      "output": null,
      "parsed_errors": [

      ]
    },
    {
      "name": "global.chai",
      "status": "failed",
      "time": "0.0939713",
      "output": null,
      "parsed_errors": [

      ]
    },
    {
      "name": "hashbang.chai",
      "status": "failed",
      "time": "0.0939713",
      "output": null,
      "parsed_errors": [

      ]
    },
    {
      "name": "index_operator.chai",
      "status": "failed",
      "time": "0.232944",
      "output": null,
      "parsed_errors": [

      ]
    },
    {
      "name": "if_elseif.chai",
      "status": "failed",
      "time": "0.328213",
      "output": null,
      "parsed_errors": [

      ]
    },
    {
      "name": "if_else.chai",
      "status": "failed",
      "time": "0.328213",
      "output": null,
      "parsed_errors": [

      ]
    },
    {
      "name": "if.chai",
      "status": "failed",
      "time": "0.343826",
      "output": null,
      "parsed_errors": [

      ]
    },
    {
      "name": "if_elseif_else.chai",
      "status": "failed",
      "time": "0.343756",
      "output": null,
      "parsed_errors": [

      ]
    },
    {
      "name": "inheritance.chai",
      "status": "failed",
      "time": "0.403852",
      "output": null,
      "parsed_errors": [

      ]
    },
    {
      "name": "instring_eval.chai",
      "status": "failed",
      "time": "0.14151",
      "output": null,
      "parsed_errors": [

      ]
    },
    {
      "name": "invalid_function_reassignment.chai",
      "status": "failed",
      "time": "0.264967",
      "output": null,
      "parsed_errors": [

      ]
    },
    {
      "name": "instring_eval_more.chai",
      "status": "failed",
      "time": "0.280924",
      "output": null,
      "parsed_errors": [

      ]
    },
    {
      "name": "invalid_function_assignment.chai",
      "status": "failed",
      "time": "0.280924",
      "output": null,
      "parsed_errors": [

      ]
    },
    {
      "name": "is_undef.chai",
      "status": "failed",
      "time": "0.436588",
      "output": null,
      "parsed_errors": [

      ]
    },
    {
      "name": "lambda.chai",
      "status": "failed",
      "time": "0.123281",
      "output": null,
      "parsed_errors": [

      ]
    },
    {
      "name": "join.chai",
      "status": "failed",
      "time": "0.156399",
      "output": null,
      "parsed_errors": [

      ]
    },
    {
      "name": "list_push_back.chai",
      "status": "failed",
      "time": "0.154575",
      "output": null,
      "parsed_errors": [

      ]
    },
    {
      "name": "list_push_front.chai",
      "status": "failed",
      "time": "0.154575",
      "output": null,
      "parsed_errors": [

      ]
    },
    {
      "name": "load_module.chai",
      "status": "failed",
      "time": "0.188297",
      "output": null,
      "parsed_errors": [

      ]
    },
    {
      "name": "malformed_inline_map.chai",
      "status": "failed",
      "time": "0.125782",
      "output": null,
      "parsed_errors": [

      ]
    },
    {
      "name": "logical_short_circuiting.chai",
      "status": "failed",
      "time": "0.141506",
      "output": null,
      "parsed_errors": [

      ]
    },
    {
      "name": "map.chai",
      "status": "failed",
      "time": "0.156",
      "output": null,
      "parsed_errors": [

      ]
    },
    {
      "name": "loop_inner_outer.chai",
      "status": "failed",
      "time": "0.172436",
      "output": null,
      "parsed_errors": [

      ]
    },
    {
      "name": "math_dec.chai",
      "status": "failed",
      "time": "0.157009",
      "output": null,
      "parsed_errors": [

      ]
    },
    {
      "name": "map_access.chai",
      "status": "failed",
      "time": "0.374981",
      "output": null,
      "parsed_errors": [

      ]
    },
    {
      "name": "map_count.chai",
      "status": "failed",
      "time": "0.188358",
      "output": null,
      "parsed_errors": [

      ]
    },
    {
      "name": "map_inplace_init.chai",
      "status": "failed",
      "time": "0.172443",
      "output": null,
      "parsed_errors": [

      ]
    },
    {
      "name": "math_add.chai",
      "status": "failed",
      "time": "0.172443",
      "output": null,
      "parsed_errors": [

      ]
    },
    {
      "name": "math_add_mixed.chai",
      "status": "failed",
      "time": "0.218386",
      "output": null,
      "parsed_errors": [

      ]
    },
    {
      "name": "math_div.chai",
      "status": "failed",
      "time": "0.0612564",
      "output": null,
      "parsed_errors": [

      ]
    },
    {
      "name": "math_negate.chai",
      "status": "failed",
      "time": "0.0624752",
      "output": null,
      "parsed_errors": [

      ]
    },
    {
      "name": "math_inc.chai",
      "status": "failed",
      "time": "0.109503",
      "output": null,
      "parsed_errors": [

      ]
    },
    {
      "name": "math_mod.chai",
      "status": "failed",
      "time": "0.109503",
      "output": null,
      "parsed_errors": [

      ]
    },
    {
      "name": "math_mult.chai",
      "status": "failed",
      "time": "0.126017",
      "output": null,
      "parsed_errors": [

      ]
    },
    {
      "name": "memberscope.chai",
      "status": "failed",
      "time": "0.187511",
      "output": null,
      "parsed_errors": [

      ]
    },
    {
      "name": "math_paren.chai",
      "status": "failed",
      "time": "0.217852",
      "output": null,
      "parsed_errors": [

      ]
    },
    {
      "name": "max.chai",
      "status": "failed",
      "time": "0.203138",
      "output": null,
      "parsed_errors": [

      ]
    },
    {
      "name": "math_sub.chai",
      "status": "failed",
      "time": "0.217852",
      "output": null,
      "parsed_errors": [

      ]
    },
    {
      "name": "member_variable_access.chai",
      "status": "failed",
      "time": "0.203138",
      "output": null,
      "parsed_errors": [

      ]
    },
    {
      "name": "method_missing.chai",
      "status": "failed",
      "time": "0.234369",
      "output": null,
      "parsed_errors": [

      ]
    },
    {
      "name": "method_sugar.chai",
      "status": "failed",
      "time": "0.125898",
      "output": null,
      "parsed_errors": [

      ]
    },
    {
      "name": "mmd1.chai",
      "status": "failed",
      "time": "0.1103",
      "output": null,
      "parsed_errors": [

      ]
    },
    {
      "name": "mmd2.chai",
      "status": "failed",
      "time": "0.1103",
      "output": null,
      "parsed_errors": [

      ]
    },
    {
      "name": "min.chai",
      "status": "failed",
      "time": "0.125898",
      "output": null,
      "parsed_errors": [

      ]
    },
    {
      "name": "number_suffixes.chai",
      "status": "failed",
      "time": "0.0937538",
      "output": null,
      "parsed_errors": [

      ]
    },
    {
      "name": "multiline.chai",
      "status": "failed",
      "time": "0.249987",
      "output": null,
      "parsed_errors": [

      ]
    },
    {
      "name": "null_object_access.chai",
      "status": "failed",
      "time": "0.107496",
      "output": null,
      "parsed_errors": [

      ]
    },
    {
      "name": "object_attr.chai",
      "status": "failed",
      "time": "0.110334",
      "output": null,
      "parsed_errors": [

      ]
    },
    {
      "name": "multiline_oper.chai",
      "status": "failed",
      "time": "0.124077",
      "output": null,
      "parsed_errors": [

      ]
    },
    {
      "name": "number_formats.chai",
      "status": "failed",
      "time": "0.110334",
      "output": null,
      "parsed_errors": [

      ]
    },
    {
      "name": "odd.chai",
      "status": "failed",
      "time": "0.187515",
      "output": null,
      "parsed_errors": [

      ]
    },
    {
      "name": "object_method_guards.chai",
      "status": "failed",
      "time": "0.234386",
      "output": null,
      "parsed_errors": [

      ]
    },
    {
      "name": "object_clone.chai",
      "status": "failed",
      "time": "0.247702",
      "output": null,
      "parsed_errors": [

      ]
    },
    {
      "name": "object_constructor_guards.chai",
      "status": "failed",
      "time": "0.247702",
      "output": null,
      "parsed_errors": [

      ]
    },
    {
      "name": "object_attr_same_name.chai",
      "status": "failed",
      "time": "0.247702",
      "output": null,
      "parsed_errors": [

      ]
    },
    {
      "name": "operator_overload.chai",
      "status": "failed",
      "time": "0.297823",
      "output": null,
      "parsed_errors": [

      ]
    },
    {
      "name": "pair.chai",
      "status": "failed",
      "time": "0.124056",
      "output": null,
      "parsed_errors": [

      ]
    },
    {
      "name": "operators_int.chai",
      "status": "failed",
      "time": "0.139311",
      "output": null,
      "parsed_errors": [

      ]
    },
    {
      "name": "operator_scoping.chai",
      "status": "failed",
      "time": "0.139311",
      "output": null,
      "parsed_errors": [

      ]
    },
    {
      "name": "operators_float.chai",
      "status": "failed",
      "time": "0.157244",
      "output": null,
      "parsed_errors": [

      ]
    },
    {
      "name": "pass_by_reference.chai",
      "status": "failed",
      "time": "0.124998",
      "output": null,
      "parsed_errors": [

      ]
    },
    {
      "name": "operator_overload2.chai",
      "status": "failed",
      "time": "0.311188",
      "output": null,
      "parsed_errors": [

      ]
    },
    {
      "name": "precedence_2.chai",
      "status": "failed",
      "time": "0.155451",
      "output": null,
      "parsed_errors": [

      ]
    },
    {
      "name": "performance.chai",
      "status": "failed",
      "time": "0.187492",
      "output": null,
      "parsed_errors": [

      ]
    },
    {
      "name": "pointer_passed_to_constructor.chai",
      "status": "failed",
      "time": "0.170919",
      "output": null,
      "parsed_errors": [

      ]
    },
    {
      "name": "precedence_1.chai",
      "status": "failed",
      "time": "0.187492",
      "output": null,
      "parsed_errors": [

      ]
    },
    {
      "name": "product.chai",
      "status": "failed",
      "time": "0.110054",
      "output": null,
      "parsed_errors": [

      ]
    },
    {
      "name": "precedence_3.chai",
      "status": "failed",
      "time": "0.110054",
      "output": null,
      "parsed_errors": [

      ]
    },
    {
      "name": "range.chai",
      "status": "failed",
      "time": "0.141285",
      "output": null,
      "parsed_errors": [

      ]
    },
    {
      "name": "range_back.chai",
      "status": "failed",
      "time": "0.125929",
      "output": null,
      "parsed_errors": [

      ]
    },
    {
      "name": "precedence_eq.chai",
      "status": "failed",
      "time": "0.155975",
      "output": null,
      "parsed_errors": [

      ]
    },
    {
      "name": "range_contains.chai",
      "status": "failed",
      "time": "0.140619",
      "output": null,
      "parsed_errors": [

      ]
    },
    {
      "name": "range_find.chai",
      "status": "failed",
      "time": "0.140703",
      "output": null,
      "parsed_errors": [

      ]
    },
    {
      "name": "reflection_test.chai",
      "status": "failed",
      "time": "0.234371",
      "output": null,
      "parsed_errors": [

      ]
    },
    {
      "name": "range_inplace.chai",
      "status": "failed",
      "time": "0.249985",
      "output": null,
      "parsed_errors": [

      ]
    },
    {
      "name": "retroretro.chai",
      "status": "failed",
      "time": "0.218733",
      "output": null,
      "parsed_errors": [

      ]
    },
    {
      "name": "retro.chai",
      "status": "failed",
      "time": "0.266582",
      "output": null,
      "parsed_errors": [

      ]
    },
    {
      "name": "scoping.chai",
      "status": "failed",
      "time": "0.0784626",
      "output": null,
      "parsed_errors": [

      ]
    },
    {
      "name": "return.chai",
      "status": "failed",
      "time": "0.108736",
      "output": null,
      "parsed_errors": [

      ]
    },
    {
      "name": "reduce.chai",
      "status": "failed",
      "time": "0.359709",
      "output": null,
      "parsed_errors": [

      ]
    },
    {
      "name": "shift.chai",
      "status": "failed",
      "time": "0.0931263",
      "output": null,
      "parsed_errors": [

      ]
    },
    {
      "name": "runtime_error.chai",
      "status": "failed",
      "time": "0.0931263",
      "output": null,
      "parsed_errors": [

      ]
    },
    {
      "name": "string_find.chai",
      "status": "failed",
      "time": "0.204075",
      "output": null,
      "parsed_errors": [

      ]
    },
    {
      "name": "string_charptr.chai",
      "status": "failed",
      "time": "0.204075",
      "output": null,
      "parsed_errors": [

      ]
    },
    {
      "name": "string_find_first_not_of.chai",
      "status": "failed",
      "time": "0.204075",
      "output": null,
      "parsed_errors": [

      ]
    },
    {
      "name": "string_concat.chai",
      "status": "failed",
      "time": "0.218878",
      "output": null,
      "parsed_errors": [

      ]
    },
    {
      "name": "string_find_first_of.chai",
      "status": "failed",
      "time": "0.202923",
      "output": null,
      "parsed_errors": [

      ]
    },
    {
      "name": "string_find_last_not_of.chai",
      "status": "failed",
      "time": "0.359997",
      "output": null,
      "parsed_errors": [

      ]
    },
    {
      "name": "string_literal_access.chai",
      "status": "failed",
      "time": "0.125263",
      "output": null,
      "parsed_errors": [

      ]
    },
    {
      "name": "string_find_last_of.chai",
      "status": "failed",
      "time": "0.171175",
      "output": null,
      "parsed_errors": [

      ]
    },
    {
      "name": "string_init.chai",
      "status": "failed",
      "time": "0.187757",
      "output": null,
      "parsed_errors": [

      ]
    },
    {
      "name": "string_rfind.chai",
      "status": "failed",
      "time": "0.187757",
      "output": null,
      "parsed_errors": [

      ]
    },
    {
      "name": "string_size.chai",
      "status": "failed",
      "time": "0.218706",
      "output": null,
      "parsed_errors": [

      ]
    },
    {
      "name": "string_substr.chai",
      "status": "failed",
      "time": "0.220051",
      "output": null,
      "parsed_errors": [

      ]
    },
    {
      "name": "switch_break.chai",
      "status": "failed",
      "time": "0.218102",
      "output": null,
      "parsed_errors": [

      ]
    },
    {
      "name": "switch_default.chai",
      "status": "failed",
      "time": "0.218102",
      "output": null,
      "parsed_errors": [

      ]
    },
    {
      "name": "sum.chai",
      "status": "failed",
      "time": "0.234371",
      "output": null,
      "parsed_errors": [

      ]
    },
    {
      "name": "switch_empty.chai",
      "status": "failed",
      "time": "0.375027",
      "output": null,
      "parsed_errors": [

      ]
    },
    {
      "name": "system_introspection.chai",
      "status": "failed",
      "time": "0.188211",
      "output": null,
      "parsed_errors": [

      ]
    },
    {
      "name": "switch_fallthru.chai",
      "status": "failed",
      "time": "0.203421",
      "output": null,
      "parsed_errors": [

      ]
    },
    {
      "name": "switch_fallthru_and_break.chai",
      "status": "failed",
      "time": "0.188211",
      "output": null,
      "parsed_errors": [

      ]
    },
    {
      "name": "take.chai",
      "status": "failed",
      "time": "0.188211",
      "output": null,
      "parsed_errors": [

      ]
    },
    {
      "name": "user_defined_conversions.chai",
      "status": "failed",
      "time": "0.0783672",
      "output": null,
      "parsed_errors": [

      ]
    },
    {
      "name": "take_while.chai",
      "status": "failed",
      "time": "0.312523",
      "output": null,
      "parsed_errors": [

      ]
    },
    {
      "name": "type_info.chai",
      "status": "failed",
      "time": "0.0783672",
      "output": null,
      "parsed_errors": [

      ]
    },
    {
      "name": "temporary_lifetime.chai",
      "status": "failed",
      "time": "0.0927238",
      "output": null,
      "parsed_errors": [

      ]
    },
    {
      "name": "ternary_condition.chai",
      "status": "failed",
      "time": "0.108118",
      "output": null,
      "parsed_errors": [

      ]
    },
    {
      "name": "use.chai",
      "status": "failed",
      "time": "0.0937614",
      "output": null,
      "parsed_errors": [

      ]
    },
    {
      "name": "vector_erase_at.chai",
      "status": "failed",
      "time": "0.156219",
      "output": null,
      "parsed_errors": [

      ]
    },
    {
      "name": "variable_redefinition.chai",
      "status": "failed",
      "time": "0.187731",
      "output": null,
      "parsed_errors": [

      ]
    },
    {
      "name": "user_defined_conversions_2.chai",
      "status": "failed",
      "time": "0.202274",
      "output": null,
      "parsed_errors": [

      ]
    },
    {
      "name": "var_ref_decl.chai",
      "status": "failed",
      "time": "0.187731",
      "output": null,
      "parsed_errors": [

      ]
    },
    {
      "name": "var_decl.chai",
      "status": "failed",
      "time": "0.202274",
      "output": null,
      "parsed_errors": [

      ]
    },
    {
      "name": "vector_access.chai",
      "status": "failed",
      "time": "0.235418",
      "output": null,
      "parsed_errors": [

      ]
    },
    {
      "name": "vector_literal_acccess.chai",
      "status": "failed",
      "time": "0.124088",
      "output": null,
      "parsed_errors": [

      ]
    },
    {
      "name": "vector_inplace_init.chai",
      "status": "failed",
      "time": "0.124088",
      "output": null,
      "parsed_errors": [

      ]
    },
    {
      "name": "vector_insert_at.chai",
      "status": "failed",
      "time": "0.124088",
      "output": null,
      "parsed_errors": [

      ]
    },
    {
      "name": "vector_of_one.chai",
      "status": "failed",
      "time": "0.139666",
      "output": null,
      "parsed_errors": [

      ]
    },
    {
      "name": "vector_of_suffixed_numbers.chai",
      "status": "failed",
      "time": "0.281145",
      "output": null,
      "parsed_errors": [

      ]
    },
    {
      "name": "vector_push_empty.chai",
      "status": "failed",
      "time": "0.172808",
      "output": null,
      "parsed_errors": [

      ]
    },
    {
      "name": "vector_paren_literal_access.chai",
      "status": "failed",
      "time": "0.187506",
      "output": null,
      "parsed_errors": [

      ]
    },
    {
      "name": "vector_push_back.chai",
      "status": "failed",
      "time": "0.204105",
      "output": null,
      "parsed_errors": [

      ]
    },
    {
      "name": "zip.chai",
      "status": "failed",
      "time": "0.188456",
      "output": null,
      "parsed_errors": [

      ]
    },
    {
      "name": "zip_with.chai",
      "status": "failed",
      "time": "0.265627",
      "output": null,
      "parsed_errors": [

      ]
    },
    {
      "name": "C++11 Lambdas Can Be Registered",
      "status": "failed",
      "time": "0.0469189",
      "output": "\n~~~~~~~~~~~~~~~~~~~~~~~~~~~~~~~~~~~~~~~~~~~~~~~~~~~~~~~~~~~~~~~~~~~~~~~~~~~~~~~\ncompiled_tests.exe is a Catch v1.1 b1 host application.\nRun with -? for options\n\n-------------------------------------------------------------------------------\nC++11 Lambdas Can Be Registered\n-------------------------------------------------------------------------------\nc:\\programming\\10914850\\runs\\cs-bb74d06b18-win64-vs14\\unittests\\compiled_tests.cpp(33)\n...............................................................................\n\nc:\\programming\\10914850\\runs\\cs-bb74d06b18-win64-vs14\\unittests\\compiled_tests.cpp(33): FAILED:\ndue to unexpected exception with message:\n  Unable to find module: chaiscript_stdlib-5.7.0 Errors: The specified module\n  could not be found.\n  ; The specified module could not be found.\n  ; The specified module could not be found.\n  ; The specified module could not be found.\n  ; The specified module could not be found.\n  ; The specified module could not be found.\n  ; The specified module could not be found.\n  ; The specified module could not be found.\n  ; The specified module could not be found.\n  ; The specified module could not be found.\n  ; The specified module could not be found.\n  ; The specified module could not be found.\n  \n\n===============================================================================\ntest cases: 1 | 1 failed\nassertions: 1 | 1 failed\n\n",
      "parsed_errors": [

      ]
    },
    {
      "name": "Test automatic arithmetic conversions",
      "status": "failed",
      "time": "0.0321865",
      "output": "\n~~~~~~~~~~~~~~~~~~~~~~~~~~~~~~~~~~~~~~~~~~~~~~~~~~~~~~~~~~~~~~~~~~~~~~~~~~~~~~~\ncompiled_tests.exe is a Catch v1.1 b1 host application.\nRun with -? for options\n\n-------------------------------------------------------------------------------\nTest automatic arithmetic conversions\n-------------------------------------------------------------------------------\nc:\\programming\\10914850\\runs\\cs-bb74d06b18-win64-vs14\\unittests\\compiled_tests.cpp(126)\n...............................................................................\n\nc:\\programming\\10914850\\runs\\cs-bb74d06b18-win64-vs14\\unittests\\compiled_tests.cpp(126): FAILED:\ndue to unexpected exception with message:\n  Unable to find module: chaiscript_stdlib-5.7.0 Errors: The specified module\n  could not be found.\n  ; The specified module could not be found.\n  ; The specified module could not be found.\n  ; The specified module could not be found.\n  ; The specified module could not be found.\n  ; The specified module could not be found.\n  ; The specified module could not be found.\n  ; The specified module could not be found.\n  ; The specified module could not be found.\n  ; The specified module could not be found.\n  ; The specified module could not be found.\n  ; The specified module could not be found.\n  \n\n===============================================================================\ntest cases: 1 | 1 failed\nassertions: 1 | 1 failed\n\n",
      "parsed_errors": [

      ]
    },
    {
      "name": "ChaiScript can be created and destroyed on heap",
      "status": "failed",
      "time": "0.0478458",
      "output": "\n~~~~~~~~~~~~~~~~~~~~~~~~~~~~~~~~~~~~~~~~~~~~~~~~~~~~~~~~~~~~~~~~~~~~~~~~~~~~~~~\ncompiled_tests.exe is a Catch v1.1 b1 host application.\nRun with -? for options\n\n-------------------------------------------------------------------------------\nChaiScript can be created and destroyed on heap\n-------------------------------------------------------------------------------\nc:\\programming\\10914850\\runs\\cs-bb74d06b18-win64-vs14\\unittests\\compiled_tests.cpp(94)\n...............................................................................\n\nc:\\programming\\10914850\\runs\\cs-bb74d06b18-win64-vs14\\unittests\\compiled_tests.cpp(94): FAILED:\ndue to unexpected exception with message:\n  Unable to find module: chaiscript_stdlib-5.7.0 Errors: The specified module\n  could not be found.\n  ; The specified module could not be found.\n  ; The specified module could not be found.\n  ; The specified module could not be found.\n  ; The specified module could not be found.\n  ; The specified module could not be found.\n  ; The specified module could not be found.\n  ; The specified module could not be found.\n  ; The specified module could not be found.\n  ; The specified module could not be found.\n  ; The specified module could not be found.\n  ; The specified module could not be found.\n  \n\n===============================================================================\ntest cases: 1 | 1 failed\nassertions: 1 | 1 failed\n\n",
      "parsed_errors": [

      ]
    },
    {
      "name": "Dynamic_Object attributes can be shared with C++",
      "status": "failed",
      "time": "0.0624847",
      "output": "\n~~~~~~~~~~~~~~~~~~~~~~~~~~~~~~~~~~~~~~~~~~~~~~~~~~~~~~~~~~~~~~~~~~~~~~~~~~~~~~~\ncompiled_tests.exe is a Catch v1.1 b1 host application.\nRun with -? for options\n\n-------------------------------------------------------------------------------\nDynamic_Object attributes can be shared with C++\n-------------------------------------------------------------------------------\nc:\\programming\\10914850\\runs\\cs-bb74d06b18-win64-vs14\\unittests\\compiled_tests.cpp(52)\n...............................................................................\n\nc:\\programming\\10914850\\runs\\cs-bb74d06b18-win64-vs14\\unittests\\compiled_tests.cpp(52): FAILED:\ndue to unexpected exception with message:\n  Unable to find module: chaiscript_stdlib-5.7.0 Errors: The specified module\n  could not be found.\n  ; The specified module could not be found.\n  ; The specified module could not be found.\n  ; The specified module could not be found.\n  ; The specified module could not be found.\n  ; The specified module could not be found.\n  ; The specified module could not be found.\n  ; The specified module could not be found.\n  ; The specified module could not be found.\n  ; The specified module could not be found.\n  ; The specified module could not be found.\n  ; The specified module could not be found.\n  \n\n===============================================================================\ntest cases: 1 | 1 failed\nassertions: 1 | 1 failed\n\n",
      "parsed_errors": [

      ]
    },
    {
      "name": "Function objects can be created from chaiscript functions",
      "status": "failed",
      "time": "0.0624847",
      "output": "\n~~~~~~~~~~~~~~~~~~~~~~~~~~~~~~~~~~~~~~~~~~~~~~~~~~~~~~~~~~~~~~~~~~~~~~~~~~~~~~~\ncompiled_tests.exe is a Catch v1.1 b1 host application.\nRun with -? for options\n\n-------------------------------------------------------------------------------\nFunction objects can be created from chaiscript functions\n-------------------------------------------------------------------------------\nc:\\programming\\10914850\\runs\\cs-bb74d06b18-win64-vs14\\unittests\\compiled_tests.cpp(79)\n...............................................................................\n\nc:\\programming\\10914850\\runs\\cs-bb74d06b18-win64-vs14\\unittests\\compiled_tests.cpp(79): FAILED:\ndue to unexpected exception with message:\n  Unable to find module: chaiscript_stdlib-5.7.0 Errors: The specified module\n  could not be found.\n  ; The specified module could not be found.\n  ; The specified module could not be found.\n  ; The specified module could not be found.\n  ; The specified module could not be found.\n  ; The specified module could not be found.\n  ; The specified module could not be found.\n  ; The specified module could not be found.\n  ; The specified module could not be found.\n  ; The specified module could not be found.\n  ; The specified module could not be found.\n  ; The specified module could not be found.\n  \n\n===============================================================================\ntest cases: 1 | 1 failed\nassertions: 1 | 1 failed\n\n",
      "parsed_errors": [

      ]
    },
    {
      "name": "Throw a runtime_error",
      "status": "failed",
      "time": "0.032177",
      "output": "\n~~~~~~~~~~~~~~~~~~~~~~~~~~~~~~~~~~~~~~~~~~~~~~~~~~~~~~~~~~~~~~~~~~~~~~~~~~~~~~~\ncompiled_tests.exe is a Catch v1.1 b1 host application.\nRun with -? for options\n\n-------------------------------------------------------------------------------\nThrow a runtime_error\n-------------------------------------------------------------------------------\nc:\\programming\\10914850\\runs\\cs-bb74d06b18-win64-vs14\\unittests\\compiled_tests.cpp(204)\n...............................................................................\n\nc:\\programming\\10914850\\runs\\cs-bb74d06b18-win64-vs14\\unittests\\compiled_tests.cpp(204): FAILED:\ndue to unexpected exception with message:\n  Unable to find module: chaiscript_stdlib-5.7.0 Errors: The specified module\n  could not be found.\n  ; The specified module could not be found.\n  ; The specified module could not be found.\n  ; The specified module could not be found.\n  ; The specified module could not be found.\n  ; The specified module could not be found.\n  ; The specified module could not be found.\n  ; The specified module could not be found.\n  ; The specified module could not be found.\n  ; The specified module could not be found.\n  ; The specified module could not be found.\n  ; The specified module could not be found.\n  \n\n===============================================================================\ntest cases: 1 | 1 failed\nassertions: 1 | 1 failed\n\n",
      "parsed_errors": [

      ]
    },
    {
      "name": "Throw unhandled type",
      "status": "failed",
      "time": "0.0468884",
      "output": "\n~~~~~~~~~~~~~~~~~~~~~~~~~~~~~~~~~~~~~~~~~~~~~~~~~~~~~~~~~~~~~~~~~~~~~~~~~~~~~~~\ncompiled_tests.exe is a Catch v1.1 b1 host application.\nRun with -? for options\n\n-------------------------------------------------------------------------------\nThrow unhandled type\n-------------------------------------------------------------------------------\nc:\\programming\\10914850\\runs\\cs-bb74d06b18-win64-vs14\\unittests\\compiled_tests.cpp(224)\n...............................................................................\n\nc:\\programming\\10914850\\runs\\cs-bb74d06b18-win64-vs14\\unittests\\compiled_tests.cpp(224): FAILED:\ndue to unexpected exception with message:\n  Unable to find module: chaiscript_stdlib-5.7.0 Errors: The specified module\n  could not be found.\n  ; The specified module could not be found.\n  ; The specified module could not be found.\n  ; The specified module could not be found.\n  ; The specified module could not be found.\n  ; The specified module could not be found.\n  ; The specified module could not be found.\n  ; The specified module could not be found.\n  ; The specified module could not be found.\n  ; The specified module could not be found.\n  ; The specified module could not be found.\n  ; The specified module could not be found.\n  \n\n===============================================================================\ntest cases: 1 | 1 failed\nassertions: 1 | 1 failed\n\n",
      "parsed_errors": [

      ]
    },
    {
      "name": "Throw an int",
      "status": "failed",
      "time": "0.0616188",
      "output": "\n~~~~~~~~~~~~~~~~~~~~~~~~~~~~~~~~~~~~~~~~~~~~~~~~~~~~~~~~~~~~~~~~~~~~~~~~~~~~~~~\ncompiled_tests.exe is a Catch v1.1 b1 host application.\nRun with -? for options\n\n-------------------------------------------------------------------------------\nThrow an int\n-------------------------------------------------------------------------------\nc:\\programming\\10914850\\runs\\cs-bb74d06b18-win64-vs14\\unittests\\compiled_tests.cpp(180)\n...............................................................................\n\nc:\\programming\\10914850\\runs\\cs-bb74d06b18-win64-vs14\\unittests\\compiled_tests.cpp(180): FAILED:\ndue to unexpected exception with message:\n  Unable to find module: chaiscript_stdlib-5.7.0 Errors: The specified module\n  could not be found.\n  ; The specified module could not be found.\n  ; The specified module could not be found.\n  ; The specified module could not be found.\n  ; The specified module could not be found.\n  ; The specified module could not be found.\n  ; The specified module could not be found.\n  ; The specified module could not be found.\n  ; The specified module could not be found.\n  ; The specified module could not be found.\n  ; The specified module could not be found.\n  ; The specified module could not be found.\n  \n\n===============================================================================\ntest cases: 1 | 1 failed\nassertions: 1 | 1 failed\n\n",
      "parsed_errors": [

      ]
    },
    {
      "name": "Generic exception handling with C++",
      "status": "failed",
      "time": "0.0616188",
      "output": "\n~~~~~~~~~~~~~~~~~~~~~~~~~~~~~~~~~~~~~~~~~~~~~~~~~~~~~~~~~~~~~~~~~~~~~~~~~~~~~~~\ncompiled_tests.exe is a Catch v1.1 b1 host application.\nRun with -? for options\n\n-------------------------------------------------------------------------------\nGeneric exception handling with C++\n-------------------------------------------------------------------------------\nc:\\programming\\10914850\\runs\\cs-bb74d06b18-win64-vs14\\unittests\\compiled_tests.cpp(167)\n...............................................................................\n\nc:\\programming\\10914850\\runs\\cs-bb74d06b18-win64-vs14\\unittests\\compiled_tests.cpp(167): FAILED:\ndue to unexpected exception with message:\n  Unable to find module: chaiscript_stdlib-5.7.0 Errors: The specified module\n  could not be found.\n  ; The specified module could not be found.\n  ; The specified module could not be found.\n  ; The specified module could not be found.\n  ; The specified module could not be found.\n  ; The specified module could not be found.\n  ; The specified module could not be found.\n  ; The specified module could not be found.\n  ; The specified module could not be found.\n  ; The specified module could not be found.\n  ; The specified module could not be found.\n  ; The specified module could not be found.\n  \n\n===============================================================================\ntest cases: 1 | 1 failed\nassertions: 1 | 1 failed\n\n",
      "parsed_errors": [

      ]
    },
    {
      "name": "No unexpected exceptions leak",
      "status": "failed",
      "time": "0.0468884",
      "output": "\n~~~~~~~~~~~~~~~~~~~~~~~~~~~~~~~~~~~~~~~~~~~~~~~~~~~~~~~~~~~~~~~~~~~~~~~~~~~~~~~\ncompiled_tests.exe is a Catch v1.1 b1 host application.\nRun with -? for options\n\n-------------------------------------------------------------------------------\nNo unexpected exceptions leak\n-------------------------------------------------------------------------------\nc:\\programming\\10914850\\runs\\cs-bb74d06b18-win64-vs14\\unittests\\compiled_tests.cpp(253)\n...............................................................................\n\nc:\\programming\\10914850\\runs\\cs-bb74d06b18-win64-vs14\\unittests\\compiled_tests.cpp(253): FAILED:\ndue to unexpected exception with message:\n  Unable to find module: chaiscript_stdlib-5.7.0 Errors: The specified module\n  could not be found.\n  ; The specified module could not be found.\n  ; The specified module could not be found.\n  ; The specified module could not be found.\n  ; The specified module could not be found.\n  ; The specified module could not be found.\n  ; The specified module could not be found.\n  ; The specified module could not be found.\n  ; The specified module could not be found.\n  ; The specified module could not be found.\n  ; The specified module could not be found.\n  ; The specified module could not be found.\n  \n\n===============================================================================\ntest cases: 1 | 1 failed\nassertions: 1 | 1 failed\n\n",
      "parsed_errors": [

      ]
    },
    {
      "name": "Throw int or double",
      "status": "failed",
      "time": "0.0468884",
      "output": "\n~~~~~~~~~~~~~~~~~~~~~~~~~~~~~~~~~~~~~~~~~~~~~~~~~~~~~~~~~~~~~~~~~~~~~~~~~~~~~~~\ncompiled_tests.exe is a Catch v1.1 b1 host application.\nRun with -? for options\n\n-------------------------------------------------------------------------------\nThrow int or double\n-------------------------------------------------------------------------------\nc:\\programming\\10914850\\runs\\cs-bb74d06b18-win64-vs14\\unittests\\compiled_tests.cpp(192)\n...............................................................................\n\nc:\\programming\\10914850\\runs\\cs-bb74d06b18-win64-vs14\\unittests\\compiled_tests.cpp(192): FAILED:\ndue to unexpected exception with message:\n  Unable to find module: chaiscript_stdlib-5.7.0 Errors: The specified module\n  could not be found.\n  ; The specified module could not be found.\n  ; The specified module could not be found.\n  ; The specified module could not be found.\n  ; The specified module could not be found.\n  ; The specified module could not be found.\n  ; The specified module could not be found.\n  ; The specified module could not be found.\n  ; The specified module could not be found.\n  ; The specified module could not be found.\n  ; The specified module could not be found.\n  ; The specified module could not be found.\n  \n\n===============================================================================\ntest cases: 1 | 1 failed\nassertions: 1 | 1 failed\n\n",
      "parsed_errors": [

      ]
    },
    {
      "name": "Simultaneous ChaiScript tests",
      "status": "failed",
      "time": "0.0467854",
      "output": "\n~~~~~~~~~~~~~~~~~~~~~~~~~~~~~~~~~~~~~~~~~~~~~~~~~~~~~~~~~~~~~~~~~~~~~~~~~~~~~~~\ncompiled_tests.exe is a Catch v1.1 b1 host application.\nRun with -? for options\n\n-------------------------------------------------------------------------------\nSimultaneous ChaiScript tests\n-------------------------------------------------------------------------------\nc:\\programming\\10914850\\runs\\cs-bb74d06b18-win64-vs14\\unittests\\compiled_tests.cpp(454)\n...............................................................................\n\nc:\\programming\\10914850\\runs\\cs-bb74d06b18-win64-vs14\\unittests\\compiled_tests.cpp(454): FAILED:\ndue to unexpected exception with message:\n  Unable to find module: chaiscript_stdlib-5.7.0 Errors: The specified module\n  could not be found.\n  ; The specified module could not be found.\n  ; The specified module could not be found.\n  ; The specified module could not be found.\n  ; The specified module could not be found.\n  ; The specified module could not be found.\n  ; The specified module could not be found.\n  ; The specified module could not be found.\n  ; The specified module could not be found.\n  ; The specified module could not be found.\n  ; The specified module could not be found.\n  ; The specified module could not be found.\n  \n\n===============================================================================\ntest cases: 1 | 1 failed\nassertions: 1 | 1 failed\n\n",
      "parsed_errors": [

      ]
    },
    {
      "name": "Functor cast",
      "status": "failed",
      "time": "0.0615768",
      "output": "\n~~~~~~~~~~~~~~~~~~~~~~~~~~~~~~~~~~~~~~~~~~~~~~~~~~~~~~~~~~~~~~~~~~~~~~~~~~~~~~~\ncompiled_tests.exe is a Catch v1.1 b1 host application.\nRun with -? for options\n\n-------------------------------------------------------------------------------\nFunctor cast\n-------------------------------------------------------------------------------\nc:\\programming\\10914850\\runs\\cs-bb74d06b18-win64-vs14\\unittests\\compiled_tests.cpp(339)\n...............................................................................\n\nc:\\programming\\10914850\\runs\\cs-bb74d06b18-win64-vs14\\unittests\\compiled_tests.cpp(339): FAILED:\ndue to unexpected exception with message:\n  Unable to find module: chaiscript_stdlib-5.7.0 Errors: The specified module\n  could not be found.\n  ; The specified module could not be found.\n  ; The specified module could not be found.\n  ; The specified module could not be found.\n  ; The specified module could not be found.\n  ; The specified module could not be found.\n  ; The specified module could not be found.\n  ; The specified module could not be found.\n  ; The specified module could not be found.\n  ; The specified module could not be found.\n  ; The specified module could not be found.\n  ; The specified module could not be found.\n  \n\n===============================================================================\ntest cases: 1 | 1 failed\nassertions: 1 | 1 failed\n\n",
      "parsed_errors": [

      ]
    },
    {
      "name": "Test lookup of type names",
      "status": "failed",
      "time": "0.0615768",
      "output": "\n~~~~~~~~~~~~~~~~~~~~~~~~~~~~~~~~~~~~~~~~~~~~~~~~~~~~~~~~~~~~~~~~~~~~~~~~~~~~~~~\ncompiled_tests.exe is a Catch v1.1 b1 host application.\nRun with -? for options\n\n-------------------------------------------------------------------------------\nTest lookup of type names\n-------------------------------------------------------------------------------\nc:\\programming\\10914850\\runs\\cs-bb74d06b18-win64-vs14\\unittests\\compiled_tests.cpp(428)\n...............................................................................\n\nc:\\programming\\10914850\\runs\\cs-bb74d06b18-win64-vs14\\unittests\\compiled_tests.cpp(428): FAILED:\ndue to unexpected exception with message:\n  Unable to find module: chaiscript_stdlib-5.7.0 Errors: The specified module\n  could not be found.\n  ; The specified module could not be found.\n  ; The specified module could not be found.\n  ; The specified module could not be found.\n  ; The specified module could not be found.\n  ; The specified module could not be found.\n  ; The specified module could not be found.\n  ; The specified module could not be found.\n  ; The specified module could not be found.\n  ; The specified module could not be found.\n  ; The specified module could not be found.\n  ; The specified module could not be found.\n  \n\n===============================================================================\ntest cases: 1 | 1 failed\nassertions: 1 | 1 failed\n\n",
      "parsed_errors": [

      ]
    },
    {
      "name": "Set and restore chai state",
      "status": "failed",
      "time": "0.0615768",
      "output": "\n~~~~~~~~~~~~~~~~~~~~~~~~~~~~~~~~~~~~~~~~~~~~~~~~~~~~~~~~~~~~~~~~~~~~~~~~~~~~~~~\ncompiled_tests.exe is a Catch v1.1 b1 host application.\nRun with -? for options\n\n-------------------------------------------------------------------------------\nSet and restore chai state\n-------------------------------------------------------------------------------\nc:\\programming\\10914850\\runs\\cs-bb74d06b18-win64-vs14\\unittests\\compiled_tests.cpp(359)\n...............................................................................\n\nc:\\programming\\10914850\\runs\\cs-bb74d06b18-win64-vs14\\unittests\\compiled_tests.cpp(359): FAILED:\ndue to unexpected exception with message:\n  Unable to find module: chaiscript_stdlib-5.7.0 Errors: The specified module\n  could not be found.\n  ; The specified module could not be found.\n  ; The specified module could not be found.\n  ; The specified module could not be found.\n  ; The specified module could not be found.\n  ; The specified module could not be found.\n  ; The specified module could not be found.\n  ; The specified module could not be found.\n  ; The specified module could not be found.\n  ; The specified module could not be found.\n  ; The specified module could not be found.\n  ; The specified module could not be found.\n  \n\n===============================================================================\ntest cases: 1 | 1 failed\nassertions: 1 | 1 failed\n\n",
      "parsed_errors": [

      ]
    },
    {
      "name": "Function ordering",
      "status": "failed",
      "time": "0.0940552",
      "output": "\n~~~~~~~~~~~~~~~~~~~~~~~~~~~~~~~~~~~~~~~~~~~~~~~~~~~~~~~~~~~~~~~~~~~~~~~~~~~~~~~\ncompiled_tests.exe is a Catch v1.1 b1 host application.\nRun with -? for options\n\n-------------------------------------------------------------------------------\nFunction ordering\n-------------------------------------------------------------------------------\nc:\\programming\\10914850\\runs\\cs-bb74d06b18-win64-vs14\\unittests\\compiled_tests.cpp(316)\n...............................................................................\n\nc:\\programming\\10914850\\runs\\cs-bb74d06b18-win64-vs14\\unittests\\compiled_tests.cpp(316): FAILED:\ndue to unexpected exception with message:\n  Unable to find module: chaiscript_stdlib-5.7.0 Errors: The specified module\n  could not be found.\n  ; The specified module could not be found.\n  ; The specified module could not be found.\n  ; The specified module could not be found.\n  ; The specified module could not be found.\n  ; The specified module could not be found.\n  ; The specified module could not be found.\n  ; The specified module could not be found.\n  ; The specified module could not be found.\n  ; The specified module could not be found.\n  ; The specified module could not be found.\n  ; The specified module could not be found.\n  \n\n===============================================================================\ntest cases: 1 | 1 failed\nassertions: 1 | 1 failed\n\n",
      "parsed_errors": [

      ]
    },
    {
      "name": "Short comparison with int",
      "status": "failed",
      "time": "0.0784664",
      "output": "\n~~~~~~~~~~~~~~~~~~~~~~~~~~~~~~~~~~~~~~~~~~~~~~~~~~~~~~~~~~~~~~~~~~~~~~~~~~~~~~~\ncompiled_tests.exe is a Catch v1.1 b1 host application.\nRun with -? for options\n\n-------------------------------------------------------------------------------\nShort comparison with int\n-------------------------------------------------------------------------------\nc:\\programming\\10914850\\runs\\cs-bb74d06b18-win64-vs14\\unittests\\compiled_tests.cpp(405)\n...............................................................................\n\nc:\\programming\\10914850\\runs\\cs-bb74d06b18-win64-vs14\\unittests\\compiled_tests.cpp(405): FAILED:\ndue to unexpected exception with message:\n  Unable to find module: chaiscript_stdlib-5.7.0 Errors: The specified module\n  could not be found.\n  ; The specified module could not be found.\n  ; The specified module could not be found.\n  ; The specified module could not be found.\n  ; The specified module could not be found.\n  ; The specified module could not be found.\n  ; The specified module could not be found.\n  ; The specified module could not be found.\n  ; The specified module could not be found.\n  ; The specified module could not be found.\n  ; The specified module could not be found.\n  ; The specified module could not be found.\n  \n\n===============================================================================\ntest cases: 1 | 1 failed\nassertions: 1 | 1 failed\n\n",
      "parsed_errors": [

      ]
    },
    {
      "name": "Object copy counts",
      "status": "failed",
      "time": "0.0620308",
      "output": "\n~~~~~~~~~~~~~~~~~~~~~~~~~~~~~~~~~~~~~~~~~~~~~~~~~~~~~~~~~~~~~~~~~~~~~~~~~~~~~~~\ncompiled_tests.exe is a Catch v1.1 b1 host application.\nRun with -? for options\n\n-------------------------------------------------------------------------------\nObject copy counts\n-------------------------------------------------------------------------------\nc:\\programming\\10914850\\runs\\cs-bb74d06b18-win64-vs14\\unittests\\compiled_tests.cpp(581)\n...............................................................................\n\nc:\\programming\\10914850\\runs\\cs-bb74d06b18-win64-vs14\\unittests\\compiled_tests.cpp(581): FAILED:\ndue to unexpected exception with message:\n  Unable to find module: chaiscript_stdlib-5.7.0 Errors: The specified module\n  could not be found.\n  ; The specified module could not be found.\n  ; The specified module could not be found.\n  ; The specified module could not be found.\n  ; The specified module could not be found.\n  ; The specified module could not be found.\n  ; The specified module could not be found.\n  ; The specified module could not be found.\n  ; The specified module could not be found.\n  ; The specified module could not be found.\n  ; The specified module could not be found.\n  ; The specified module could not be found.\n  \n\n===============================================================================\ntest cases: 1 | 1 failed\nassertions: 1 | 1 failed\n\n",
      "parsed_errors": [

      ]
    },
    {
      "name": "Boxed_Cast_Test",
      "status": "passed",
      "time": "0.0781212",
      "output": null,
      "parsed_errors": [

      ]
    },
    {
      "name": "Object lifetime tests",
      "status": "failed",
      "time": "0.0781212",
      "output": "\n~~~~~~~~~~~~~~~~~~~~~~~~~~~~~~~~~~~~~~~~~~~~~~~~~~~~~~~~~~~~~~~~~~~~~~~~~~~~~~~\ncompiled_tests.exe is a Catch v1.1 b1 host application.\nRun with -? for options\n\n-------------------------------------------------------------------------------\nObject lifetime tests\n-------------------------------------------------------------------------------\nc:\\programming\\10914850\\runs\\cs-bb74d06b18-win64-vs14\\unittests\\compiled_tests.cpp(637)\n...............................................................................\n\nc:\\programming\\10914850\\runs\\cs-bb74d06b18-win64-vs14\\unittests\\compiled_tests.cpp(637): FAILED:\ndue to unexpected exception with message:\n  Unable to find module: chaiscript_stdlib-5.7.0 Errors: The specified module\n  could not be found.\n  ; The specified module could not be found.\n  ; The specified module could not be found.\n  ; The specified module could not be found.\n  ; The specified module could not be found.\n  ; The specified module could not be found.\n  ; The specified module could not be found.\n  ; The specified module could not be found.\n  ; The specified module could not be found.\n  ; The specified module could not be found.\n  ; The specified module could not be found.\n  ; The specified module could not be found.\n  \n\n===============================================================================\ntest cases: 1 | 1 failed\nassertions: 1 | 1 failed\n\n",
      "parsed_errors": [

      ]
    },
    {
      "name": "Type_Info_Test",
      "status": "passed",
      "time": "0.061327",
      "output": "Size of Type_Info 24\n",
      "parsed_errors": [

      ]
    },
    {
      "name": "Utility_Test utility class wrapper",
      "status": "failed",
      "time": "0.0928097",
      "output": "\n~~~~~~~~~~~~~~~~~~~~~~~~~~~~~~~~~~~~~~~~~~~~~~~~~~~~~~~~~~~~~~~~~~~~~~~~~~~~~~~\ncompiled_tests.exe is a Catch v1.1 b1 host application.\nRun with -? for options\n\n-------------------------------------------------------------------------------\nUtility_Test utility class wrapper\n-------------------------------------------------------------------------------\nc:\\programming\\10914850\\runs\\cs-bb74d06b18-win64-vs14\\unittests\\compiled_tests.cpp(488)\n...............................................................................\n\nc:\\programming\\10914850\\runs\\cs-bb74d06b18-win64-vs14\\unittests\\compiled_tests.cpp(488): FAILED:\ndue to unexpected exception with message:\n  Unable to find module: chaiscript_stdlib-5.7.0 Errors: The specified module\n  could not be found.\n  ; The specified module could not be found.\n  ; The specified module could not be found.\n  ; The specified module could not be found.\n  ; The specified module could not be found.\n  ; The specified module could not be found.\n  ; The specified module could not be found.\n  ; The specified module could not be found.\n  ; The specified module could not be found.\n  ; The specified module could not be found.\n  ; The specified module could not be found.\n  ; The specified module could not be found.\n  \n\n===============================================================================\ntest cases: 1 | 1 failed\nassertions: 1 | 1 failed\n\n",
      "parsed_errors": [

      ]
    },
    {
      "name": "Object lifetime test 2",
      "status": "failed",
      "time": "0.0781212",
      "output": "\n~~~~~~~~~~~~~~~~~~~~~~~~~~~~~~~~~~~~~~~~~~~~~~~~~~~~~~~~~~~~~~~~~~~~~~~~~~~~~~~\ncompiled_tests.exe is a Catch v1.1 b1 host application.\nRun with -? for options\n\n-------------------------------------------------------------------------------\nObject lifetime test 2\n-------------------------------------------------------------------------------\nc:\\programming\\10914850\\runs\\cs-bb74d06b18-win64-vs14\\unittests\\compiled_tests.cpp(697)\n...............................................................................\n\nc:\\programming\\10914850\\runs\\cs-bb74d06b18-win64-vs14\\unittests\\compiled_tests.cpp(697): FAILED:\ndue to unexpected exception with message:\n  Unable to find module: chaiscript_stdlib-5.7.0 Errors: The specified module\n  could not be found.\n  ; The specified module could not be found.\n  ; The specified module could not be found.\n  ; The specified module could not be found.\n  ; The specified module could not be found.\n  ; The specified module could not be found.\n  ; The specified module could not be found.\n  ; The specified module could not be found.\n  ; The specified module could not be found.\n  ; The specified module could not be found.\n  ; The specified module could not be found.\n  ; The specified module could not be found.\n  \n\n===============================================================================\ntest cases: 1 | 1 failed\nassertions: 1 | 1 failed\n\n",
      "parsed_errors": [

      ]
    },
    {
      "name": "Integer_Literal_Test",
      "status": "failed",
      "time": "0.109371",
      "output": null,
      "parsed_errors": [

      ]
    },
    {
      "name": "Multithreaded_Test",
      "status": "failed",
      "time": "0.0937443",
      "output": null,
      "parsed_errors": [

      ]
    },
    {
      "name": "C_Linkage_Test",
      "status": "failed",
      "time": "0.140633",
      "output": null,
      "parsed_errors": [

      ]
    },
    {
      "name": "MultiFile_Test",
      "status": "passed",
      "time": "0.0439529",
      "output": null,
      "parsed_errors": [

      ]
    }
  ],
  "failure": null,
  "package_results": [

  ]
}

