---
title: ChaiScript-c21c21dfda816cde179e7e23e50780919242a6f3-PR177-Win64-Windows-8.1-VisualStudio-14
permalink: ChaiScript-c21c21dfda816cde179e7e23e50780919242a6f3-PR177-Win64-Windows-8.1-VisualStudio-14.html
tags: data
layout: ci_results
date: 2015-05-08 14:18:25
unhandled_failure: false
build_error_count: 0
build_warning_count: 0
package_error_count: 0
package_warning_count: 0
test_count: 348
test_passed_count: 3
repository: totalgee/ChaiScript
compiler: Visual Studio
compiler_version: 14
architecture: Win64
os: Windows
os_release: 8.1
is_release: false
release_packaged: false
packaging_skipped: true
package_name: 
tag_name: 
commit_sha: c21c21dfda816cde179e7e23e50780919242a6f3
branch_name: patch-1
test_run: true
pull_request_issue_id: "177"
pull_request_base_repository: ChaiScript/ChaiScript
pull_request_base_ref: develop
device_id: Win64-Windows-8.1-VisualStudio-14
pending: false
analyze_only: false
build_time: 471.718047
test_time: 13.452965
package_time: 
install_time: 
results_repository: ChaiScript/ChaiScript-BuildResults
machine_name: nrel81
machine_ip: 192.168.1.45
coverage_enabled: false
coverage_pass_limit: 90
coverage_warn_limit: 75
coverage_lines: 0
coverage_total_lines: 0
coverage_functions: 0
coverage_total_functions: 0
coverage_url: 
asset_url: 
---

{
  "build_results": [

  ],
  "test_results": [
    {
      "name": "3.x/bind.chai",
      "status": "failed",
      "time": "0.328152",
      "output": null,
      "parsed_errors": [

      ]
    },
    {
      "name": "3.x/block_start.chai",
      "status": "failed",
      "time": "0.310076",
      "output": null,
      "parsed_errors": [

      ]
    },
    {
      "name": "version_check",
      "status": "failed",
      "time": "0.357195",
      "output": null,
      "parsed_errors": [

      ]
    },
    {
      "name": "3.x/bool_not.chai",
      "status": "failed",
      "time": "0.29529",
      "output": null,
      "parsed_errors": [

      ]
    },
    {
      "name": "3.x/assign_const.chai",
      "status": "failed",
      "time": "0.375345",
      "output": null,
      "parsed_errors": [

      ]
    },
    {
      "name": "3.x/break_while.chai",
      "status": "failed",
      "time": "0.0930882",
      "output": null,
      "parsed_errors": [

      ]
    },
    {
      "name": "3.x/collate.chai",
      "status": "failed",
      "time": "0.0931282",
      "output": null,
      "parsed_errors": [

      ]
    },
    {
      "name": "3.x/classification.chai",
      "status": "failed",
      "time": "0.0931282",
      "output": null,
      "parsed_errors": [

      ]
    },
    {
      "name": "3.x/bind2.chai",
      "status": "failed",
      "time": "0.435036",
      "output": null,
      "parsed_errors": [

      ]
    },
    {
      "name": "3.x/char_init.chai",
      "status": "failed",
      "time": "0.108688",
      "output": null,
      "parsed_errors": [

      ]
    },
    {
      "name": "3.x/compare_gt.chai",
      "status": "failed",
      "time": "0.121138",
      "output": null,
      "parsed_errors": [

      ]
    },
    {
      "name": "3.x/const_range_test.chai",
      "status": "failed",
      "time": "0.125015",
      "output": null,
      "parsed_errors": [

      ]
    },
    {
      "name": "3.x/convert_double_string.chai",
      "status": "failed",
      "time": "0.10763",
      "output": null,
      "parsed_errors": [

      ]
    },
    {
      "name": "3.x/convert_int_string.chai",
      "status": "failed",
      "time": "0.10763",
      "output": null,
      "parsed_errors": [

      ]
    },
    {
      "name": "3.x/concat.chai",
      "status": "failed",
      "time": "0.125015",
      "output": null,
      "parsed_errors": [

      ]
    },
    {
      "name": "3.x/compare_lt.chai",
      "status": "failed",
      "time": "0.125015",
      "output": null,
      "parsed_errors": [

      ]
    },
    {
      "name": "3.x/convert_string_double.chai",
      "status": "failed",
      "time": "0.0781441",
      "output": null,
      "parsed_errors": [

      ]
    },
    {
      "name": "3.x/dispatch_functions.chai",
      "status": "failed",
      "time": "0.0783176",
      "output": null,
      "parsed_errors": [

      ]
    },
    {
      "name": "3.x/drop.chai",
      "status": "failed",
      "time": "0.0783176",
      "output": null,
      "parsed_errors": [

      ]
    },
    {
      "name": "3.x/drop_while.chai",
      "status": "failed",
      "time": "0.0783176",
      "output": null,
      "parsed_errors": [

      ]
    },
    {
      "name": "3.x/deep_array_lookup.chai",
      "status": "failed",
      "time": "0.0783176",
      "output": null,
      "parsed_errors": [

      ]
    },
    {
      "name": "3.x/convert_string_int.chai",
      "status": "failed",
      "time": "0.0939636",
      "output": null,
      "parsed_errors": [

      ]
    },
    {
      "name": "3.x/eval_error.chai",
      "status": "failed",
      "time": "0.13838",
      "output": null,
      "parsed_errors": [

      ]
    },
    {
      "name": "3.x/even.chai",
      "status": "failed",
      "time": "0.199041",
      "output": null,
      "parsed_errors": [

      ]
    },
    {
      "name": "3.x/equ_shortform.chai",
      "status": "failed",
      "time": "0.218744",
      "output": null,
      "parsed_errors": [

      ]
    },
    {
      "name": "3.x/eval.chai",
      "status": "failed",
      "time": "0.199041",
      "output": null,
      "parsed_errors": [

      ]
    },
    {
      "name": "3.x/exception.chai",
      "status": "failed",
      "time": "0.175924",
      "output": null,
      "parsed_errors": [

      ]
    },
    {
      "name": "3.x/empty.chai",
      "status": "failed",
      "time": "0.281261",
      "output": null,
      "parsed_errors": [

      ]
    },
    {
      "name": "3.x/float.chai",
      "status": "failed",
      "time": "0.0776997",
      "output": null,
      "parsed_errors": [

      ]
    },
    {
      "name": "3.x/foldl.chai",
      "status": "failed",
      "time": "0.0776997",
      "output": null,
      "parsed_errors": [

      ]
    },
    {
      "name": "3.x/filter.chai",
      "status": "failed",
      "time": "0.0933266",
      "output": null,
      "parsed_errors": [

      ]
    },
    {
      "name": "3.x/exception_finally.chai",
      "status": "failed",
      "time": "0.108438",
      "output": null,
      "parsed_errors": [

      ]
    },
    {
      "name": "3.x/exception_guards.chai",
      "status": "failed",
      "time": "0.108438",
      "output": null,
      "parsed_errors": [

      ]
    },
    {
      "name": "3.x/for.chai",
      "status": "failed",
      "time": "0.108421",
      "output": null,
      "parsed_errors": [

      ]
    },
    {
      "name": "3.x/function_introspection.chai",
      "status": "failed",
      "time": "0.0917034",
      "output": null,
      "parsed_errors": [

      ]
    },
    {
      "name": "3.x/for_each.chai",
      "status": "failed",
      "time": "0.140493",
      "output": null,
      "parsed_errors": [

      ]
    },
    {
      "name": "3.x/for_each_range.chai",
      "status": "failed",
      "time": "0.125088",
      "output": null,
      "parsed_errors": [

      ]
    },
    {
      "name": "3.x/for_each_retro.chai",
      "status": "failed",
      "time": "0.125088",
      "output": null,
      "parsed_errors": [

      ]
    },
    {
      "name": "3.x/function_array_adjacent.chai",
      "status": "failed",
      "time": "0.125088",
      "output": null,
      "parsed_errors": [

      ]
    },
    {
      "name": "3.x/function_reassignment.chai",
      "status": "failed",
      "time": "0.093811",
      "output": null,
      "parsed_errors": [

      ]
    },
    {
      "name": "3.x/if_elseif.chai",
      "status": "failed",
      "time": "0.076704",
      "output": null,
      "parsed_errors": [

      ]
    },
    {
      "name": "3.x/global_const_in_module.chai",
      "status": "failed",
      "time": "0.0937767",
      "output": null,
      "parsed_errors": [

      ]
    },
    {
      "name": "3.x/if.chai",
      "status": "failed",
      "time": "0.0937767",
      "output": null,
      "parsed_errors": [

      ]
    },
    {
      "name": "3.x/if_else.chai",
      "status": "failed",
      "time": "0.0937767",
      "output": null,
      "parsed_errors": [

      ]
    },
    {
      "name": "3.x/generate_range.chai",
      "status": "failed",
      "time": "0.10939",
      "output": null,
      "parsed_errors": [

      ]
    },
    {
      "name": "3.x/invalid_function_assignment.chai",
      "status": "failed",
      "time": "0.185068",
      "output": null,
      "parsed_errors": [

      ]
    },
    {
      "name": "3.x/inheritance.chai",
      "status": "failed",
      "time": "0.236",
      "output": null,
      "parsed_errors": [

      ]
    },
    {
      "name": "3.x/instring_eval.chai",
      "status": "failed",
      "time": "0.250431",
      "output": null,
      "parsed_errors": [

      ]
    },
    {
      "name": "3.x/instring_eval_more.chai",
      "status": "failed",
      "time": "0.217243",
      "output": null,
      "parsed_errors": [

      ]
    },
    {
      "name": "3.x/index_operator.chai",
      "status": "failed",
      "time": "0.266144",
      "output": null,
      "parsed_errors": [

      ]
    },
    {
      "name": "3.x/if_elseif_else.chai",
      "status": "failed",
      "time": "0.329273",
      "output": null,
      "parsed_errors": [

      ]
    },
    {
      "name": "3.x/lambda.chai",
      "status": "failed",
      "time": "0.0733929",
      "output": null,
      "parsed_errors": [

      ]
    },
    {
      "name": "3.x/list_push_back.chai",
      "status": "failed",
      "time": "0.0614624",
      "output": null,
      "parsed_errors": [

      ]
    },
    {
      "name": "3.x/invalid_function_reassignment.chai",
      "status": "failed",
      "time": "0.107769",
      "output": null,
      "parsed_errors": [

      ]
    },
    {
      "name": "3.x/is_undef.chai",
      "status": "failed",
      "time": "0.110172",
      "output": null,
      "parsed_errors": [

      ]
    },
    {
      "name": "3.x/join.chai",
      "status": "failed",
      "time": "0.0897121",
      "output": null,
      "parsed_errors": [

      ]
    },
    {
      "name": "3.x/list_push_front.chai",
      "status": "failed",
      "time": "0.0781307",
      "output": null,
      "parsed_errors": [

      ]
    },
    {
      "name": "3.x/map_access.chai",
      "status": "failed",
      "time": "0.0937462",
      "output": null,
      "parsed_errors": [

      ]
    },
    {
      "name": "3.x/map.chai",
      "status": "failed",
      "time": "0.0937462",
      "output": null,
      "parsed_errors": [

      ]
    },
    {
      "name": "3.x/load_module.chai",
      "status": "failed",
      "time": "0.107668",
      "output": null,
      "parsed_errors": [

      ]
    },
    {
      "name": "3.x/loop_inner_outer.chai",
      "status": "failed",
      "time": "0.0937462",
      "output": null,
      "parsed_errors": [

      ]
    },
    {
      "name": "3.x/malformed_inline_map.chai",
      "status": "failed",
      "time": "0.0937462",
      "output": null,
      "parsed_errors": [

      ]
    },
    {
      "name": "3.x/map_inplace_init.chai",
      "status": "failed",
      "time": "0.127598",
      "output": null,
      "parsed_errors": [

      ]
    },
    {
      "name": "3.x/math_inc.chai",
      "status": "failed",
      "time": "0.0958157",
      "output": null,
      "parsed_errors": [

      ]
    },
    {
      "name": "3.x/math_div.chai",
      "status": "failed",
      "time": "0.0958157",
      "output": null,
      "parsed_errors": [

      ]
    },
    {
      "name": "3.x/math_add.chai",
      "status": "failed",
      "time": "0.127598",
      "output": null,
      "parsed_errors": [

      ]
    },
    {
      "name": "3.x/math_add_mixed.chai",
      "status": "failed",
      "time": "0.122858",
      "output": null,
      "parsed_errors": [

      ]
    },
    {
      "name": "3.x/math_dec.chai",
      "status": "failed",
      "time": "0.122858",
      "output": null,
      "parsed_errors": [

      ]
    },
    {
      "name": "3.x/math_mod.chai",
      "status": "failed",
      "time": "0.142647",
      "output": null,
      "parsed_errors": [

      ]
    },
    {
      "name": "3.x/max.chai",
      "status": "failed",
      "time": "0.123962",
      "output": null,
      "parsed_errors": [

      ]
    },
    {
      "name": "3.x/math_mult.chai",
      "status": "failed",
      "time": "0.171907",
      "output": null,
      "parsed_errors": [

      ]
    },
    {
      "name": "3.x/math_negate.chai",
      "status": "failed",
      "time": "0.171907",
      "output": null,
      "parsed_errors": [

      ]
    },
    {
      "name": "3.x/math_paren.chai",
      "status": "failed",
      "time": "0.171907",
      "output": null,
      "parsed_errors": [

      ]
    },
    {
      "name": "3.x/math_sub.chai",
      "status": "failed",
      "time": "0.156277",
      "output": null,
      "parsed_errors": [

      ]
    },
    {
      "name": "3.x/memberscope.chai",
      "status": "failed",
      "time": "0.108854",
      "output": null,
      "parsed_errors": [

      ]
    },
    {
      "name": "3.x/multiline.chai",
      "status": "failed",
      "time": "0.078352",
      "output": null,
      "parsed_errors": [

      ]
    },
    {
      "name": "3.x/method_sugar.chai",
      "status": "failed",
      "time": "0.108854",
      "output": null,
      "parsed_errors": [

      ]
    },
    {
      "name": "3.x/min.chai",
      "status": "failed",
      "time": "0.0924091",
      "output": null,
      "parsed_errors": [

      ]
    },
    {
      "name": "3.x/mmd1.chai",
      "status": "failed",
      "time": "0.123381",
      "output": null,
      "parsed_errors": [

      ]
    },
    {
      "name": "3.x/mmd2.chai",
      "status": "failed",
      "time": "0.109324",
      "output": null,
      "parsed_errors": [

      ]
    },
    {
      "name": "3.x/number_formats.chai",
      "status": "failed",
      "time": "0.0623589",
      "output": null,
      "parsed_errors": [

      ]
    },
    {
      "name": "3.x/object_constructor_guards.chai",
      "status": "failed",
      "time": "0.111275",
      "output": null,
      "parsed_errors": [

      ]
    },
    {
      "name": "3.x/object_attr_same_name.chai",
      "status": "failed",
      "time": "0.12674",
      "output": null,
      "parsed_errors": [

      ]
    },
    {
      "name": "3.x/object_clone.chai",
      "status": "failed",
      "time": "0.111275",
      "output": null,
      "parsed_errors": [

      ]
    },
    {
      "name": "3.x/object_method_guards.chai",
      "status": "failed",
      "time": "0.111275",
      "output": null,
      "parsed_errors": [

      ]
    },
    {
      "name": "3.x/object_attr.chai",
      "status": "failed",
      "time": "0.12674",
      "output": null,
      "parsed_errors": [

      ]
    },
    {
      "name": "3.x/odd.chai",
      "status": "failed",
      "time": "0.110065",
      "output": null,
      "parsed_errors": [

      ]
    },
    {
      "name": "3.x/operator_overload2.chai",
      "status": "failed",
      "time": "0.109877",
      "output": null,
      "parsed_errors": [

      ]
    },
    {
      "name": "3.x/operators_float.chai",
      "status": "failed",
      "time": "0.109877",
      "output": null,
      "parsed_errors": [

      ]
    },
    {
      "name": "3.x/operator_overload.chai",
      "status": "failed",
      "time": "0.125887",
      "output": null,
      "parsed_errors": [

      ]
    },
    {
      "name": "3.x/operators_int.chai",
      "status": "failed",
      "time": "0.109877",
      "output": null,
      "parsed_errors": [

      ]
    },
    {
      "name": "3.x/pair.chai",
      "status": "failed",
      "time": "0.0944557",
      "output": null,
      "parsed_errors": [

      ]
    },
    {
      "name": "3.x/pointer_passed_to_constructor.chai",
      "status": "failed",
      "time": "0.109249",
      "output": null,
      "parsed_errors": [

      ]
    },
    {
      "name": "3.x/product.chai",
      "status": "failed",
      "time": "0.0937119",
      "output": null,
      "parsed_errors": [

      ]
    },
    {
      "name": "3.x/precedence_1.chai",
      "status": "failed",
      "time": "0.12578",
      "output": null,
      "parsed_errors": [

      ]
    },
    {
      "name": "3.x/precedence_2.chai",
      "status": "failed",
      "time": "0.110107",
      "output": null,
      "parsed_errors": [

      ]
    },
    {
      "name": "3.x/precedence_3.chai",
      "status": "failed",
      "time": "0.110107",
      "output": null,
      "parsed_errors": [

      ]
    },
    {
      "name": "3.x/precedence_eq.chai",
      "status": "failed",
      "time": "0.110107",
      "output": null,
      "parsed_errors": [

      ]
    },
    {
      "name": "3.x/range.chai",
      "status": "failed",
      "time": "0.124346",
      "output": null,
      "parsed_errors": [

      ]
    },
    {
      "name": "3.x/range_inplace.chai",
      "status": "failed",
      "time": "0.109385",
      "output": null,
      "parsed_errors": [

      ]
    },
    {
      "name": "3.x/range_contains.chai",
      "status": "failed",
      "time": "0.109385",
      "output": null,
      "parsed_errors": [

      ]
    },
    {
      "name": "3.x/range_find.chai",
      "status": "failed",
      "time": "0.109385",
      "output": null,
      "parsed_errors": [

      ]
    },
    {
      "name": "3.x/reduce.chai",
      "status": "failed",
      "time": "0.0937634",
      "output": null,
      "parsed_errors": [

      ]
    },
    {
      "name": "3.x/range_back.chai",
      "status": "failed",
      "time": "0.109385",
      "output": null,
      "parsed_errors": [

      ]
    },
    {
      "name": "3.x/ref_equal.chai",
      "status": "failed",
      "time": "0.109383",
      "output": null,
      "parsed_errors": [

      ]
    },
    {
      "name": "3.x/return.chai",
      "status": "failed",
      "time": "0.0773067",
      "output": null,
      "parsed_errors": [

      ]
    },
    {
      "name": "3.x/retro.chai",
      "status": "failed",
      "time": "0.093708",
      "output": null,
      "parsed_errors": [

      ]
    },
    {
      "name": "3.x/retroretro.chai",
      "status": "failed",
      "time": "0.093708",
      "output": null,
      "parsed_errors": [

      ]
    },
    {
      "name": "3.x/runtime_error.chai",
      "status": "failed",
      "time": "0.0773067",
      "output": null,
      "parsed_errors": [

      ]
    },
    {
      "name": "3.x/reflection_test.chai",
      "status": "failed",
      "time": "0.093708",
      "output": null,
      "parsed_errors": [

      ]
    },
    {
      "name": "3.x/shift.chai",
      "status": "failed",
      "time": "0.125854",
      "output": null,
      "parsed_errors": [

      ]
    },
    {
      "name": "3.x/string_find_first_not_of.chai",
      "status": "failed",
      "time": "0.187765",
      "output": null,
      "parsed_errors": [

      ]
    },
    {
      "name": "3.x/string_concat.chai",
      "status": "failed",
      "time": "0.203461",
      "output": null,
      "parsed_errors": [

      ]
    },
    {
      "name": "3.x/string_find.chai",
      "status": "failed",
      "time": "0.203461",
      "output": null,
      "parsed_errors": [

      ]
    },
    {
      "name": "3.x/string_find_first_of.chai",
      "status": "failed",
      "time": "0.187765",
      "output": null,
      "parsed_errors": [

      ]
    },
    {
      "name": "3.x/string_charptr.chai",
      "status": "failed",
      "time": "0.203461",
      "output": null,
      "parsed_errors": [

      ]
    },
    {
      "name": "3.x/string_find_last_not_of.chai",
      "status": "failed",
      "time": "0.1084",
      "output": null,
      "parsed_errors": [

      ]
    },
    {
      "name": "3.x/string_rfind.chai",
      "status": "failed",
      "time": "0.108418",
      "output": null,
      "parsed_errors": [

      ]
    },
    {
      "name": "3.x/string_init.chai",
      "status": "failed",
      "time": "0.108418",
      "output": null,
      "parsed_errors": [

      ]
    },
    {
      "name": "3.x/string_literal_access.chai",
      "status": "failed",
      "time": "0.108418",
      "output": null,
      "parsed_errors": [

      ]
    },
    {
      "name": "3.x/sum.chai",
      "status": "failed",
      "time": "0.108418",
      "output": null,
      "parsed_errors": [

      ]
    },
    {
      "name": "3.x/string_find_last_of.chai",
      "status": "failed",
      "time": "0.124037",
      "output": null,
      "parsed_errors": [

      ]
    },
    {
      "name": "3.x/switch_break.chai",
      "status": "failed",
      "time": "0.123262",
      "output": null,
      "parsed_errors": [

      ]
    },
    {
      "name": "3.x/switch_fallthru_and_break.chai",
      "status": "failed",
      "time": "0.124334",
      "output": null,
      "parsed_errors": [

      ]
    },
    {
      "name": "3.x/switch_empty.chai",
      "status": "failed",
      "time": "0.124334",
      "output": null,
      "parsed_errors": [

      ]
    },
    {
      "name": "3.x/switch_fallthru.chai",
      "status": "failed",
      "time": "0.124334",
      "output": null,
      "parsed_errors": [

      ]
    },
    {
      "name": "3.x/take.chai",
      "status": "failed",
      "time": "0.108126",
      "output": null,
      "parsed_errors": [

      ]
    },
    {
      "name": "3.x/switch_default.chai",
      "status": "failed",
      "time": "0.139",
      "output": null,
      "parsed_errors": [

      ]
    },
    {
      "name": "3.x/take_while.chai",
      "status": "failed",
      "time": "0.06106",
      "output": null,
      "parsed_errors": [

      ]
    },
    {
      "name": "3.x/vector_access.chai",
      "status": "failed",
      "time": "0.0781345",
      "output": null,
      "parsed_errors": [

      ]
    },
    {
      "name": "3.x/use.chai",
      "status": "failed",
      "time": "0.0926819",
      "output": null,
      "parsed_errors": [

      ]
    },
    {
      "name": "3.x/vector_inplace_init.chai",
      "status": "failed",
      "time": "0.187536",
      "output": null,
      "parsed_errors": [

      ]
    },
    {
      "name": "3.x/type_info.chai",
      "status": "failed",
      "time": "0.217745",
      "output": null,
      "parsed_errors": [

      ]
    },
    {
      "name": "3.x/vector_insert_at.chai",
      "status": "failed",
      "time": "0.123894",
      "output": null,
      "parsed_errors": [

      ]
    },
    {
      "name": "3.x/vector_push_back.chai",
      "status": "failed",
      "time": "0.0776787",
      "output": null,
      "parsed_errors": [

      ]
    },
    {
      "name": "3.x/vector_paren_literal_access.chai",
      "status": "failed",
      "time": "0.109898",
      "output": null,
      "parsed_errors": [

      ]
    },
    {
      "name": "3.x/vector_literal_acccess.chai",
      "status": "failed",
      "time": "0.109898",
      "output": null,
      "parsed_errors": [

      ]
    },
    {
      "name": "3.x/vector_erase_at.chai",
      "status": "failed",
      "time": "0.375591",
      "output": null,
      "parsed_errors": [

      ]
    },
    {
      "name": "3.x/vector_of_one.chai",
      "status": "failed",
      "time": "0.109898",
      "output": null,
      "parsed_errors": [

      ]
    },
    {
      "name": "3.x/vector_push_empty.chai",
      "status": "failed",
      "time": "0.0624657",
      "output": null,
      "parsed_errors": [

      ]
    },
    {
      "name": "assign_const.chai",
      "status": "failed",
      "time": "0.0954838",
      "output": null,
      "parsed_errors": [

      ]
    },
    {
      "name": "3.x/zip.chai",
      "status": "failed",
      "time": "0.124983",
      "output": null,
      "parsed_errors": [

      ]
    },
    {
      "name": "3.x/zip_with.chai",
      "status": "failed",
      "time": "0.124983",
      "output": null,
      "parsed_errors": [

      ]
    },
    {
      "name": "array_types.chai",
      "status": "failed",
      "time": "0.109758",
      "output": null,
      "parsed_errors": [

      ]
    },
    {
      "name": "bind.chai",
      "status": "failed",
      "time": "0.109758",
      "output": null,
      "parsed_errors": [

      ]
    },
    {
      "name": "bool_not.chai",
      "status": "failed",
      "time": "0.311811",
      "output": null,
      "parsed_errors": [

      ]
    },
    {
      "name": "break_while.chai",
      "status": "failed",
      "time": "0.240826",
      "output": null,
      "parsed_errors": [

      ]
    },
    {
      "name": "char_init.chai",
      "status": "failed",
      "time": "0.234413",
      "output": null,
      "parsed_errors": [

      ]
    },
    {
      "name": "break_for.chai",
      "status": "failed",
      "time": "0.342863",
      "output": null,
      "parsed_errors": [

      ]
    },
    {
      "name": "block_start.chai",
      "status": "failed",
      "time": "0.342863",
      "output": null,
      "parsed_errors": [

      ]
    },
    {
      "name": "bind2.chai",
      "status": "failed",
      "time": "0.389933",
      "output": null,
      "parsed_errors": [

      ]
    },
    {
      "name": "classification.chai",
      "status": "failed",
      "time": "0.092041",
      "output": null,
      "parsed_errors": [

      ]
    },
    {
      "name": "compare_gt.chai",
      "status": "failed",
      "time": "0.092041",
      "output": null,
      "parsed_errors": [

      ]
    },
    {
      "name": "compare_lt.chai",
      "status": "failed",
      "time": "0.0778809",
      "output": null,
      "parsed_errors": [

      ]
    },
    {
      "name": "collate.chai",
      "status": "failed",
      "time": "0.092041",
      "output": null,
      "parsed_errors": [

      ]
    },
    {
      "name": "class.chai",
      "status": "failed",
      "time": "0.092041",
      "output": null,
      "parsed_errors": [

      ]
    },
    {
      "name": "concat.chai",
      "status": "failed",
      "time": "0.0934238",
      "output": null,
      "parsed_errors": [

      ]
    },
    {
      "name": "continue_for.chai",
      "status": "failed",
      "time": "0.0778275",
      "output": null,
      "parsed_errors": [

      ]
    },
    {
      "name": "convert_double_string.chai",
      "status": "failed",
      "time": "0.0779228",
      "output": null,
      "parsed_errors": [

      ]
    },
    {
      "name": "convert_int_string.chai",
      "status": "failed",
      "time": "0.0779228",
      "output": null,
      "parsed_errors": [

      ]
    },
    {
      "name": "continue_while.chai",
      "status": "failed",
      "time": "0.0779228",
      "output": null,
      "parsed_errors": [

      ]
    },
    {
      "name": "const_range_test.chai",
      "status": "failed",
      "time": "0.093708",
      "output": null,
      "parsed_errors": [

      ]
    },
    {
      "name": "convert_string_double.chai",
      "status": "failed",
      "time": "0.110035",
      "output": null,
      "parsed_errors": [

      ]
    },
    {
      "name": "dispatch_functions.chai",
      "status": "failed",
      "time": "0.124983",
      "output": null,
      "parsed_errors": [

      ]
    },
    {
      "name": "divide_by_zero_protection.chai",
      "status": "failed",
      "time": "0.123852",
      "output": null,
      "parsed_errors": [

      ]
    },
    {
      "name": "drop.chai",
      "status": "failed",
      "time": "0.123852",
      "output": null,
      "parsed_errors": [

      ]
    },
    {
      "name": "convert_string_int.chai",
      "status": "failed",
      "time": "0.140638",
      "output": null,
      "parsed_errors": [

      ]
    },
    {
      "name": "deep_array_lookup.chai",
      "status": "failed",
      "time": "0.140638",
      "output": null,
      "parsed_errors": [

      ]
    },
    {
      "name": "drop_while.chai",
      "status": "failed",
      "time": "0.312597",
      "output": null,
      "parsed_errors": [

      ]
    },
    {
      "name": "equ_shortform.chai",
      "status": "failed",
      "time": "0.222149",
      "output": null,
      "parsed_errors": [

      ]
    },
    {
      "name": "dynamic_object_dynamic_attrs.chai",
      "status": "failed",
      "time": "0.312597",
      "output": null,
      "parsed_errors": [

      ]
    },
    {
      "name": "empty.chai",
      "status": "failed",
      "time": "0.310646",
      "output": null,
      "parsed_errors": [

      ]
    },
    {
      "name": "eval.chai",
      "status": "failed",
      "time": "0.0891609",
      "output": null,
      "parsed_errors": [

      ]
    },
    {
      "name": "eval_error.chai",
      "status": "failed",
      "time": "0.0612888",
      "output": null,
      "parsed_errors": [

      ]
    },
    {
      "name": "eval_file.chai",
      "status": "failed",
      "time": "0.0895519",
      "output": null,
      "parsed_errors": [

      ]
    },
    {
      "name": "exception_finally.chai",
      "status": "failed",
      "time": "0.093111",
      "output": null,
      "parsed_errors": [

      ]
    },
    {
      "name": "even.chai",
      "status": "failed",
      "time": "0.104855",
      "output": null,
      "parsed_errors": [

      ]
    },
    {
      "name": "exception.chai",
      "status": "failed",
      "time": "0.120348",
      "output": null,
      "parsed_errors": [

      ]
    },
    {
      "name": "exception_guards.chai",
      "status": "failed",
      "time": "0.105253",
      "output": null,
      "parsed_errors": [

      ]
    },
    {
      "name": "exception_typed.chai",
      "status": "failed",
      "time": "0.0897522",
      "output": null,
      "parsed_errors": [

      ]
    },
    {
      "name": "foldl.chai",
      "status": "failed",
      "time": "0.140852",
      "output": null,
      "parsed_errors": [

      ]
    },
    {
      "name": "filter.chai",
      "status": "failed",
      "time": "0.187798",
      "output": null,
      "parsed_errors": [

      ]
    },
    {
      "name": "float.chai",
      "status": "failed",
      "time": "0.187481",
      "output": null,
      "parsed_errors": [

      ]
    },
    {
      "name": "for.chai",
      "status": "failed",
      "time": "0.187481",
      "output": null,
      "parsed_errors": [

      ]
    },
    {
      "name": "for_each.chai",
      "status": "failed",
      "time": "0.169083",
      "output": null,
      "parsed_errors": [

      ]
    },
    {
      "name": "exception_typed_2.chai",
      "status": "failed",
      "time": "0.249952",
      "output": null,
      "parsed_errors": [

      ]
    },
    {
      "name": "function_array_adjacent.chai",
      "status": "failed",
      "time": "0.110432",
      "output": null,
      "parsed_errors": [

      ]
    },
    {
      "name": "for_each_range.chai",
      "status": "failed",
      "time": "0.125175",
      "output": null,
      "parsed_errors": [

      ]
    },
    {
      "name": "for_each_retro.chai",
      "status": "failed",
      "time": "0.110432",
      "output": null,
      "parsed_errors": [

      ]
    },
    {
      "name": "function_attributes.chai",
      "status": "failed",
      "time": "0.110432",
      "output": null,
      "parsed_errors": [

      ]
    },
    {
      "name": "function_introspection.chai",
      "status": "failed",
      "time": "0.0948315",
      "output": null,
      "parsed_errors": [

      ]
    },
    {
      "name": "function_members.chai",
      "status": "failed",
      "time": "0.0624828",
      "output": null,
      "parsed_errors": [

      ]
    },
    {
      "name": "function_reassignment.chai",
      "status": "failed",
      "time": "0.0624828",
      "output": null,
      "parsed_errors": [

      ]
    },
    {
      "name": "function_redefinition.chai",
      "status": "failed",
      "time": "0.0939884",
      "output": null,
      "parsed_errors": [

      ]
    },
    {
      "name": "global.chai",
      "status": "failed",
      "time": "0.0774517",
      "output": null,
      "parsed_errors": [

      ]
    },
    {
      "name": "future.chai",
      "status": "failed",
      "time": "0.0774517",
      "output": null,
      "parsed_errors": [

      ]
    },
    {
      "name": "generate_range.chai",
      "status": "failed",
      "time": "0.0774517",
      "output": null,
      "parsed_errors": [

      ]
    },
    {
      "name": "global_const_in_module.chai",
      "status": "failed",
      "time": "0.140722",
      "output": null,
      "parsed_errors": [

      ]
    },
    {
      "name": "if_else.chai",
      "status": "failed",
      "time": "0.140486",
      "output": null,
      "parsed_errors": [

      ]
    },
    {
      "name": "hashbang.chai",
      "status": "failed",
      "time": "0.156506",
      "output": null,
      "parsed_errors": [

      ]
    },
    {
      "name": "if.chai",
      "status": "failed",
      "time": "0.200117",
      "output": null,
      "parsed_errors": [

      ]
    },
    {
      "name": "if_elseif.chai",
      "status": "failed",
      "time": "0.218733",
      "output": null,
      "parsed_errors": [

      ]
    },
    {
      "name": "global_in_script.chai",
      "status": "failed",
      "time": "0.234753",
      "output": null,
      "parsed_errors": [

      ]
    },
    {
      "name": "if_elseif_else.chai",
      "status": "failed",
      "time": "0.0782909",
      "output": null,
      "parsed_errors": [

      ]
    },
    {
      "name": "instring_eval.chai",
      "status": "failed",
      "time": "0.0625515",
      "output": null,
      "parsed_errors": [

      ]
    },
    {
      "name": "index_operator.chai",
      "status": "failed",
      "time": "0.0782909",
      "output": null,
      "parsed_errors": [

      ]
    },
    {
      "name": "inheritance.chai",
      "status": "failed",
      "time": "0.0625515",
      "output": null,
      "parsed_errors": [

      ]
    },
    {
      "name": "instring_eval_more.chai",
      "status": "failed",
      "time": "0.0624981",
      "output": null,
      "parsed_errors": [

      ]
    },
    {
      "name": "invalid_function_assignment.chai",
      "status": "failed",
      "time": "0.0624981",
      "output": null,
      "parsed_errors": [

      ]
    },
    {
      "name": "invalid_function_reassignment.chai",
      "status": "failed",
      "time": "0.0624809",
      "output": null,
      "parsed_errors": [

      ]
    },
    {
      "name": "lambda.chai",
      "status": "failed",
      "time": "0.0938759",
      "output": null,
      "parsed_errors": [

      ]
    },
    {
      "name": "is_undef.chai",
      "status": "failed",
      "time": "0.0938759",
      "output": null,
      "parsed_errors": [

      ]
    },
    {
      "name": "join.chai",
      "status": "failed",
      "time": "0.0938759",
      "output": null,
      "parsed_errors": [

      ]
    },
    {
      "name": "list_push_back.chai",
      "status": "failed",
      "time": "0.0782871",
      "output": null,
      "parsed_errors": [

      ]
    },
    {
      "name": "list_push_front.chai",
      "status": "failed",
      "time": "0.0782871",
      "output": null,
      "parsed_errors": [

      ]
    },
    {
      "name": "map.chai",
      "status": "failed",
      "time": "0.202431",
      "output": null,
      "parsed_errors": [

      ]
    },
    {
      "name": "loop_inner_outer.chai",
      "status": "failed",
      "time": "0.248899",
      "output": null,
      "parsed_errors": [

      ]
    },
    {
      "name": "malformed_inline_map.chai",
      "status": "failed",
      "time": "0.210661",
      "output": null,
      "parsed_errors": [

      ]
    },
    {
      "name": "map_access.chai",
      "status": "failed",
      "time": "0.202431",
      "output": null,
      "parsed_errors": [

      ]
    },
    {
      "name": "logical_short_circuiting.chai",
      "status": "failed",
      "time": "0.264824",
      "output": null,
      "parsed_errors": [

      ]
    },
    {
      "name": "load_module.chai",
      "status": "failed",
      "time": "0.342993",
      "output": null,
      "parsed_errors": [

      ]
    },
    {
      "name": "math_add.chai",
      "status": "failed",
      "time": "0.0934753",
      "output": null,
      "parsed_errors": [

      ]
    },
    {
      "name": "map_count.chai",
      "status": "failed",
      "time": "0.125626",
      "output": null,
      "parsed_errors": [

      ]
    },
    {
      "name": "map_inplace_init.chai",
      "status": "failed",
      "time": "0.0934753",
      "output": null,
      "parsed_errors": [

      ]
    },
    {
      "name": "math_add_mixed.chai",
      "status": "failed",
      "time": "0.108997",
      "output": null,
      "parsed_errors": [

      ]
    },
    {
      "name": "math_dec.chai",
      "status": "failed",
      "time": "0.0942211",
      "output": null,
      "parsed_errors": [

      ]
    },
    {
      "name": "math_div.chai",
      "status": "failed",
      "time": "0.110258",
      "output": null,
      "parsed_errors": [

      ]
    },
    {
      "name": "math_mult.chai",
      "status": "failed",
      "time": "0.0942001",
      "output": null,
      "parsed_errors": [

      ]
    },
    {
      "name": "math_inc.chai",
      "status": "failed",
      "time": "0.110212",
      "output": null,
      "parsed_errors": [

      ]
    },
    {
      "name": "math_mod.chai",
      "status": "failed",
      "time": "0.110212",
      "output": null,
      "parsed_errors": [

      ]
    },
    {
      "name": "math_negate.chai",
      "status": "failed",
      "time": "0.0942001",
      "output": null,
      "parsed_errors": [

      ]
    },
    {
      "name": "math_paren.chai",
      "status": "failed",
      "time": "0.0942001",
      "output": null,
      "parsed_errors": [

      ]
    },
    {
      "name": "memberscope.chai",
      "status": "failed",
      "time": "0.0780201",
      "output": null,
      "parsed_errors": [

      ]
    },
    {
      "name": "max.chai",
      "status": "failed",
      "time": "0.14061",
      "output": null,
      "parsed_errors": [

      ]
    },
    {
      "name": "member_variable_access.chai",
      "status": "failed",
      "time": "0.0918388",
      "output": null,
      "parsed_errors": [

      ]
    },
    {
      "name": "method_missing.chai",
      "status": "failed",
      "time": "0.0780201",
      "output": null,
      "parsed_errors": [

      ]
    },
    {
      "name": "math_sub.chai",
      "status": "failed",
      "time": "0.14061",
      "output": null,
      "parsed_errors": [

      ]
    },
    {
      "name": "method_sugar.chai",
      "status": "failed",
      "time": "0.0780201",
      "output": null,
      "parsed_errors": [

      ]
    },
    {
      "name": "mmd1.chai",
      "status": "failed",
      "time": "0.125019",
      "output": null,
      "parsed_errors": [

      ]
    },
    {
      "name": "mmd2.chai",
      "status": "failed",
      "time": "0.125019",
      "output": null,
      "parsed_errors": [

      ]
    },
    {
      "name": "multiline_oper.chai",
      "status": "failed",
      "time": "0.109278",
      "output": null,
      "parsed_errors": [

      ]
    },
    {
      "name": "min.chai",
      "status": "failed",
      "time": "0.125019",
      "output": null,
      "parsed_errors": [

      ]
    },
    {
      "name": "null_object_access.chai",
      "status": "failed",
      "time": "0.109278",
      "output": null,
      "parsed_errors": [

      ]
    },
    {
      "name": "number_formats.chai",
      "status": "failed",
      "time": "0.108311",
      "output": null,
      "parsed_errors": [

      ]
    },
    {
      "name": "multiline.chai",
      "status": "failed",
      "time": "0.234766",
      "output": null,
      "parsed_errors": [

      ]
    },
    {
      "name": "object_attr.chai",
      "status": "failed",
      "time": "0.0937386",
      "output": null,
      "parsed_errors": [

      ]
    },
    {
      "name": "object_attr_same_name.chai",
      "status": "failed",
      "time": "0.0937386",
      "output": null,
      "parsed_errors": [

      ]
    },
    {
      "name": "number_suffixes.chai",
      "status": "failed",
      "time": "0.0937386",
      "output": null,
      "parsed_errors": [

      ]
    },
    {
      "name": "object_clone.chai",
      "status": "failed",
      "time": "0.0786057",
      "output": null,
      "parsed_errors": [

      ]
    },
    {
      "name": "operator_overload2.chai",
      "status": "failed",
      "time": "0.0938873",
      "output": null,
      "parsed_errors": [

      ]
    },
    {
      "name": "odd.chai",
      "status": "failed",
      "time": "0.109539",
      "output": null,
      "parsed_errors": [

      ]
    },
    {
      "name": "operator_overload.chai",
      "status": "failed",
      "time": "0.0938873",
      "output": null,
      "parsed_errors": [

      ]
    },
    {
      "name": "operator_scoping.chai",
      "status": "failed",
      "time": "0.0938873",
      "output": null,
      "parsed_errors": [

      ]
    },
    {
      "name": "object_constructor_guards.chai",
      "status": "failed",
      "time": "0.109539",
      "output": null,
      "parsed_errors": [

      ]
    },
    {
      "name": "object_method_guards.chai",
      "status": "failed",
      "time": "0.109539",
      "output": null,
      "parsed_errors": [

      ]
    },
    {
      "name": "operators_int.chai",
      "status": "failed",
      "time": "0.125216",
      "output": null,
      "parsed_errors": [

      ]
    },
    {
      "name": "pair.chai",
      "status": "failed",
      "time": "0.161716",
      "output": null,
      "parsed_errors": [

      ]
    },
    {
      "name": "performance.chai",
      "status": "failed",
      "time": "0.156254",
      "output": null,
      "parsed_errors": [

      ]
    },
    {
      "name": "operators_float.chai",
      "status": "failed",
      "time": "0.171898",
      "output": null,
      "parsed_errors": [

      ]
    },
    {
      "name": "pointer_passed_to_constructor.chai",
      "status": "failed",
      "time": "0.156254",
      "output": null,
      "parsed_errors": [

      ]
    },
    {
      "name": "precedence_1.chai",
      "status": "failed",
      "time": "0.0786057",
      "output": null,
      "parsed_errors": [

      ]
    },
    {
      "name": "pass_by_reference.chai",
      "status": "failed",
      "time": "0.250519",
      "output": null,
      "parsed_errors": [

      ]
    },
    {
      "name": "precedence_3.chai",
      "status": "failed",
      "time": "0.0630207",
      "output": null,
      "parsed_errors": [

      ]
    },
    {
      "name": "precedence_eq.chai",
      "status": "failed",
      "time": "0.0630207",
      "output": null,
      "parsed_errors": [

      ]
    },
    {
      "name": "precedence_2.chai",
      "status": "failed",
      "time": "0.0781326",
      "output": null,
      "parsed_errors": [

      ]
    },
    {
      "name": "product.chai",
      "status": "failed",
      "time": "0.0624809",
      "output": null,
      "parsed_errors": [

      ]
    },
    {
      "name": "range.chai",
      "status": "failed",
      "time": "0.124987",
      "output": null,
      "parsed_errors": [

      ]
    },
    {
      "name": "range_inplace.chai",
      "status": "failed",
      "time": "0.109636",
      "output": null,
      "parsed_errors": [

      ]
    },
    {
      "name": "range_contains.chai",
      "status": "failed",
      "time": "0.124853",
      "output": null,
      "parsed_errors": [

      ]
    },
    {
      "name": "range_find.chai",
      "status": "failed",
      "time": "0.124853",
      "output": null,
      "parsed_errors": [

      ]
    },
    {
      "name": "reduce.chai",
      "status": "failed",
      "time": "0.109636",
      "output": null,
      "parsed_errors": [

      ]
    },
    {
      "name": "range_back.chai",
      "status": "failed",
      "time": "0.124853",
      "output": null,
      "parsed_errors": [

      ]
    },
    {
      "name": "reflection_test.chai",
      "status": "failed",
      "time": "0.107727",
      "output": null,
      "parsed_errors": [

      ]
    },
    {
      "name": "runtime_error.chai",
      "status": "failed",
      "time": "0.0749016",
      "output": null,
      "parsed_errors": [

      ]
    },
    {
      "name": "retroretro.chai",
      "status": "failed",
      "time": "0.155378",
      "output": null,
      "parsed_errors": [

      ]
    },
    {
      "name": "return.chai",
      "status": "failed",
      "time": "0.137177",
      "output": null,
      "parsed_errors": [

      ]
    },
    {
      "name": "scoping.chai",
      "status": "failed",
      "time": "0.124825",
      "output": null,
      "parsed_errors": [

      ]
    },
    {
      "name": "retro.chai",
      "status": "failed",
      "time": "0.155378",
      "output": null,
      "parsed_errors": [

      ]
    },
    {
      "name": "shift.chai",
      "status": "failed",
      "time": "0.109333",
      "output": null,
      "parsed_errors": [

      ]
    },
    {
      "name": "string_find_first_not_of.chai",
      "status": "failed",
      "time": "0.123177",
      "output": null,
      "parsed_errors": [

      ]
    },
    {
      "name": "string_find_first_of.chai",
      "status": "failed",
      "time": "0.107967",
      "output": null,
      "parsed_errors": [

      ]
    },
    {
      "name": "string_concat.chai",
      "status": "failed",
      "time": "0.140579",
      "output": null,
      "parsed_errors": [

      ]
    },
    {
      "name": "string_find.chai",
      "status": "failed",
      "time": "0.140579",
      "output": null,
      "parsed_errors": [

      ]
    },
    {
      "name": "string_charptr.chai",
      "status": "failed",
      "time": "0.156281",
      "output": null,
      "parsed_errors": [

      ]
    },
    {
      "name": "string_size.chai",
      "status": "failed",
      "time": "0.108524",
      "output": null,
      "parsed_errors": [

      ]
    },
    {
      "name": "string_find_last_of.chai",
      "status": "failed",
      "time": "0.1406",
      "output": null,
      "parsed_errors": [

      ]
    },
    {
      "name": "string_literal_access.chai",
      "status": "failed",
      "time": "0.124989",
      "output": null,
      "parsed_errors": [

      ]
    },
    {
      "name": "string_rfind.chai",
      "status": "failed",
      "time": "0.108524",
      "output": null,
      "parsed_errors": [

      ]
    },
    {
      "name": "string_init.chai",
      "status": "failed",
      "time": "0.124989",
      "output": null,
      "parsed_errors": [

      ]
    },
    {
      "name": "string_find_last_not_of.chai",
      "status": "failed",
      "time": "0.203224",
      "output": null,
      "parsed_errors": [

      ]
    },
    {
      "name": "switch_default.chai",
      "status": "failed",
      "time": "0.0784073",
      "output": null,
      "parsed_errors": [

      ]
    },
    {
      "name": "sum.chai",
      "status": "failed",
      "time": "0.0940571",
      "output": null,
      "parsed_errors": [

      ]
    },
    {
      "name": "switch_break.chai",
      "status": "failed",
      "time": "0.0937271",
      "output": null,
      "parsed_errors": [

      ]
    },
    {
      "name": "switch_empty.chai",
      "status": "failed",
      "time": "0.0937271",
      "output": null,
      "parsed_errors": [

      ]
    },
    {
      "name": "string_substr.chai",
      "status": "failed",
      "time": "0.109377",
      "output": null,
      "parsed_errors": [

      ]
    },
    {
      "name": "take_while.chai",
      "status": "failed",
      "time": "0.187906",
      "output": null,
      "parsed_errors": [

      ]
    },
    {
      "name": "system_introspection.chai",
      "status": "failed",
      "time": "0.2197",
      "output": null,
      "parsed_errors": [

      ]
    },
    {
      "name": "take.chai",
      "status": "failed",
      "time": "0.203781",
      "output": null,
      "parsed_errors": [

      ]
    },
    {
      "name": "temporary_lifetime.chai",
      "status": "failed",
      "time": "0.168962",
      "output": null,
      "parsed_errors": [

      ]
    },
    {
      "name": "switch_fallthru_and_break.chai",
      "status": "failed",
      "time": "0.2197",
      "output": null,
      "parsed_errors": [

      ]
    },
    {
      "name": "switch_fallthru.chai",
      "status": "failed",
      "time": "0.263983",
      "output": null,
      "parsed_errors": [

      ]
    },
    {
      "name": "user_defined_conversions.chai",
      "status": "failed",
      "time": "0.0782642",
      "output": null,
      "parsed_errors": [

      ]
    },
    {
      "name": "user_defined_conversions_2.chai",
      "status": "failed",
      "time": "0.0782642",
      "output": null,
      "parsed_errors": [

      ]
    },
    {
      "name": "type_info.chai",
      "status": "failed",
      "time": "0.0937977",
      "output": null,
      "parsed_errors": [

      ]
    },
    {
      "name": "use.chai",
      "status": "failed",
      "time": "0.0782642",
      "output": null,
      "parsed_errors": [

      ]
    },
    {
      "name": "ternary_condition.chai",
      "status": "failed",
      "time": "0.0937977",
      "output": null,
      "parsed_errors": [

      ]
    },
    {
      "name": "var_decl.chai",
      "status": "failed",
      "time": "0.0926304",
      "output": null,
      "parsed_errors": [

      ]
    },
    {
      "name": "vector_erase_at.chai",
      "status": "failed",
      "time": "0.0634747",
      "output": null,
      "parsed_errors": [

      ]
    },
    {
      "name": "vector_inplace_init.chai",
      "status": "failed",
      "time": "0.0634747",
      "output": null,
      "parsed_errors": [

      ]
    },
    {
      "name": "variable_redefinition.chai",
      "status": "failed",
      "time": "0.0789852",
      "output": null,
      "parsed_errors": [

      ]
    },
    {
      "name": "vector_access.chai",
      "status": "failed",
      "time": "0.0634747",
      "output": null,
      "parsed_errors": [

      ]
    },
    {
      "name": "var_ref_decl.chai",
      "status": "failed",
      "time": "0.0789852",
      "output": null,
      "parsed_errors": [

      ]
    },
    {
      "name": "vector_insert_at.chai",
      "status": "failed",
      "time": "0.078001",
      "output": null,
      "parsed_errors": [

      ]
    },
    {
      "name": "vector_paren_literal_access.chai",
      "status": "failed",
      "time": "0.0775089",
      "output": null,
      "parsed_errors": [

      ]
    },
    {
      "name": "vector_of_one.chai",
      "status": "failed",
      "time": "0.0936184",
      "output": null,
      "parsed_errors": [

      ]
    },
    {
      "name": "vector_of_suffixed_numbers.chai",
      "status": "failed",
      "time": "0.0775089",
      "output": null,
      "parsed_errors": [

      ]
    },
    {
      "name": "vector_push_back.chai",
      "status": "failed",
      "time": "0.0775089",
      "output": null,
      "parsed_errors": [

      ]
    },
    {
      "name": "vector_literal_acccess.chai",
      "status": "failed",
      "time": "0.0936184",
      "output": null,
      "parsed_errors": [

      ]
    },
    {
      "name": "vector_push_empty.chai",
      "status": "failed",
      "time": "0.140556",
      "output": null,
      "parsed_errors": [

      ]
    },
    {
      "name": "Dynamic_Object attributes can be shared with C++",
      "status": "failed",
      "time": "0.0138855",
      "output": "\n~~~~~~~~~~~~~~~~~~~~~~~~~~~~~~~~~~~~~~~~~~~~~~~~~~~~~~~~~~~~~~~~~~~~~~~~~~~~~~~\ncompiled_tests.exe is a Catch v1.1 b1 host application.\nRun with -? for options\n\n-------------------------------------------------------------------------------\nDynamic_Object attributes can be shared with C++\n-------------------------------------------------------------------------------\nc:\\programming\\10914850\\runs\\cs-c21c21dfda-pr177-win64-vs14\\unittests\\compiled_tests.cpp(52)\n...............................................................................\n\nc:\\programming\\10914850\\runs\\cs-c21c21dfda-pr177-win64-vs14\\unittests\\compiled_tests.cpp(52): FAILED:\ndue to unexpected exception with message:\n  Unable to find module: chaiscript_stdlib-5.7.0 Errors: The specified module\n  could not be found.\n  ; The specified module could not be found.\n  ; The specified module could not be found.\n  ; The specified module could not be found.\n  ; The specified module could not be found.\n  ; The specified module could not be found.\n  ; The specified module could not be found.\n  ; The specified module could not be found.\n  ; The specified module could not be found.\n  ; The specified module could not be found.\n  ; The specified module could not be found.\n  ; The specified module could not be found.\n  \n\n===============================================================================\ntest cases: 1 | 1 failed\nassertions: 1 | 1 failed\n\n",
      "parsed_errors": [

      ]
    },
    {
      "name": "Function objects can be created from chaiscript functions",
      "status": "failed",
      "time": "0.0158348",
      "output": "\n~~~~~~~~~~~~~~~~~~~~~~~~~~~~~~~~~~~~~~~~~~~~~~~~~~~~~~~~~~~~~~~~~~~~~~~~~~~~~~~\ncompiled_tests.exe is a Catch v1.1 b1 host application.\nRun with -? for options\n\n-------------------------------------------------------------------------------\nFunction objects can be created from chaiscript functions\n-------------------------------------------------------------------------------\nc:\\programming\\10914850\\runs\\cs-c21c21dfda-pr177-win64-vs14\\unittests\\compiled_tests.cpp(79)\n...............................................................................\n\nc:\\programming\\10914850\\runs\\cs-c21c21dfda-pr177-win64-vs14\\unittests\\compiled_tests.cpp(79): FAILED:\ndue to unexpected exception with message:\n  Unable to find module: chaiscript_stdlib-5.7.0 Errors: The specified module\n  could not be found.\n  ; The specified module could not be found.\n  ; The specified module could not be found.\n  ; The specified module could not be found.\n  ; The specified module could not be found.\n  ; The specified module could not be found.\n  ; The specified module could not be found.\n  ; The specified module could not be found.\n  ; The specified module could not be found.\n  ; The specified module could not be found.\n  ; The specified module could not be found.\n  ; The specified module could not be found.\n  \n\n===============================================================================\ntest cases: 1 | 1 failed\nassertions: 1 | 1 failed\n\n",
      "parsed_errors": [

      ]
    },
    {
      "name": "zip_with.chai",
      "status": "failed",
      "time": "0.125244",
      "output": null,
      "parsed_errors": [

      ]
    },
    {
      "name": "C++11 Lambdas Can Be Registered",
      "status": "failed",
      "time": "0.104576",
      "output": "\n~~~~~~~~~~~~~~~~~~~~~~~~~~~~~~~~~~~~~~~~~~~~~~~~~~~~~~~~~~~~~~~~~~~~~~~~~~~~~~~\ncompiled_tests.exe is a Catch v1.1 b1 host application.\nRun with -? for options\n\n-------------------------------------------------------------------------------\nC++11 Lambdas Can Be Registered\n-------------------------------------------------------------------------------\nc:\\programming\\10914850\\runs\\cs-c21c21dfda-pr177-win64-vs14\\unittests\\compiled_tests.cpp(33)\n...............................................................................\n\nc:\\programming\\10914850\\runs\\cs-c21c21dfda-pr177-win64-vs14\\unittests\\compiled_tests.cpp(33): FAILED:\ndue to unexpected exception with message:\n  Unable to find module: chaiscript_stdlib-5.7.0 Errors: The specified module\n  could not be found.\n  ; The specified module could not be found.\n  ; The specified module could not be found.\n  ; The specified module could not be found.\n  ; The specified module could not be found.\n  ; The specified module could not be found.\n  ; The specified module could not be found.\n  ; The specified module could not be found.\n  ; The specified module could not be found.\n  ; The specified module could not be found.\n  ; The specified module could not be found.\n  ; The specified module could not be found.\n  \n\n===============================================================================\ntest cases: 1 | 1 failed\nassertions: 1 | 1 failed\n\n",
      "parsed_errors": [

      ]
    },
    {
      "name": "zip.chai",
      "status": "failed",
      "time": "0.140066",
      "output": null,
      "parsed_errors": [

      ]
    },
    {
      "name": "ChaiScript can be created and destroyed on heap",
      "status": "failed",
      "time": "0.0977402",
      "output": "\n~~~~~~~~~~~~~~~~~~~~~~~~~~~~~~~~~~~~~~~~~~~~~~~~~~~~~~~~~~~~~~~~~~~~~~~~~~~~~~~\ncompiled_tests.exe is a Catch v1.1 b1 host application.\nRun with -? for options\n\n-------------------------------------------------------------------------------\nChaiScript can be created and destroyed on heap\n-------------------------------------------------------------------------------\nc:\\programming\\10914850\\runs\\cs-c21c21dfda-pr177-win64-vs14\\unittests\\compiled_tests.cpp(94)\n...............................................................................\n\nc:\\programming\\10914850\\runs\\cs-c21c21dfda-pr177-win64-vs14\\unittests\\compiled_tests.cpp(94): FAILED:\ndue to unexpected exception with message:\n  Unable to find module: chaiscript_stdlib-5.7.0 Errors: The specified module\n  could not be found.\n  ; The specified module could not be found.\n  ; The specified module could not be found.\n  ; The specified module could not be found.\n  ; The specified module could not be found.\n  ; The specified module could not be found.\n  ; The specified module could not be found.\n  ; The specified module could not be found.\n  ; The specified module could not be found.\n  ; The specified module could not be found.\n  ; The specified module could not be found.\n  ; The specified module could not be found.\n  \n\n===============================================================================\ntest cases: 1 | 1 failed\nassertions: 1 | 1 failed\n\n",
      "parsed_errors": [

      ]
    },
    {
      "name": "Throw int or double",
      "status": "failed",
      "time": "0.0937634",
      "output": "\n~~~~~~~~~~~~~~~~~~~~~~~~~~~~~~~~~~~~~~~~~~~~~~~~~~~~~~~~~~~~~~~~~~~~~~~~~~~~~~~\ncompiled_tests.exe is a Catch v1.1 b1 host application.\nRun with -? for options\n\n-------------------------------------------------------------------------------\nThrow int or double\n-------------------------------------------------------------------------------\nc:\\programming\\10914850\\runs\\cs-c21c21dfda-pr177-win64-vs14\\unittests\\compiled_tests.cpp(192)\n...............................................................................\n\nc:\\programming\\10914850\\runs\\cs-c21c21dfda-pr177-win64-vs14\\unittests\\compiled_tests.cpp(192): FAILED:\ndue to unexpected exception with message:\n  Unable to find module: chaiscript_stdlib-5.7.0 Errors: The specified module\n  could not be found.\n  ; The specified module could not be found.\n  ; The specified module could not be found.\n  ; The specified module could not be found.\n  ; The specified module could not be found.\n  ; The specified module could not be found.\n  ; The specified module could not be found.\n  ; The specified module could not be found.\n  ; The specified module could not be found.\n  ; The specified module could not be found.\n  ; The specified module could not be found.\n  ; The specified module could not be found.\n  \n\n===============================================================================\ntest cases: 1 | 1 failed\nassertions: 1 | 1 failed\n\n",
      "parsed_errors": [

      ]
    },
    {
      "name": "Throw a runtime_error",
      "status": "failed",
      "time": "0.0937634",
      "output": "\n~~~~~~~~~~~~~~~~~~~~~~~~~~~~~~~~~~~~~~~~~~~~~~~~~~~~~~~~~~~~~~~~~~~~~~~~~~~~~~~\ncompiled_tests.exe is a Catch v1.1 b1 host application.\nRun with -? for options\n\n-------------------------------------------------------------------------------\nThrow a runtime_error\n-------------------------------------------------------------------------------\nc:\\programming\\10914850\\runs\\cs-c21c21dfda-pr177-win64-vs14\\unittests\\compiled_tests.cpp(204)\n...............................................................................\n\nc:\\programming\\10914850\\runs\\cs-c21c21dfda-pr177-win64-vs14\\unittests\\compiled_tests.cpp(204): FAILED:\ndue to unexpected exception with message:\n  Unable to find module: chaiscript_stdlib-5.7.0 Errors: The specified module\n  could not be found.\n  ; The specified module could not be found.\n  ; The specified module could not be found.\n  ; The specified module could not be found.\n  ; The specified module could not be found.\n  ; The specified module could not be found.\n  ; The specified module could not be found.\n  ; The specified module could not be found.\n  ; The specified module could not be found.\n  ; The specified module could not be found.\n  ; The specified module could not be found.\n  ; The specified module could not be found.\n  \n\n===============================================================================\ntest cases: 1 | 1 failed\nassertions: 1 | 1 failed\n\n",
      "parsed_errors": [

      ]
    },
    {
      "name": "Generic exception handling with C++",
      "status": "failed",
      "time": "0.109627",
      "output": "\n~~~~~~~~~~~~~~~~~~~~~~~~~~~~~~~~~~~~~~~~~~~~~~~~~~~~~~~~~~~~~~~~~~~~~~~~~~~~~~~\ncompiled_tests.exe is a Catch v1.1 b1 host application.\nRun with -? for options\n\n-------------------------------------------------------------------------------\nGeneric exception handling with C++\n-------------------------------------------------------------------------------\nc:\\programming\\10914850\\runs\\cs-c21c21dfda-pr177-win64-vs14\\unittests\\compiled_tests.cpp(167)\n...............................................................................\n\nc:\\programming\\10914850\\runs\\cs-c21c21dfda-pr177-win64-vs14\\unittests\\compiled_tests.cpp(167): FAILED:\ndue to unexpected exception with message:\n  Unable to find module: chaiscript_stdlib-5.7.0 Errors: The specified module\n  could not be found.\n  ; The specified module could not be found.\n  ; The specified module could not be found.\n  ; The specified module could not be found.\n  ; The specified module could not be found.\n  ; The specified module could not be found.\n  ; The specified module could not be found.\n  ; The specified module could not be found.\n  ; The specified module could not be found.\n  ; The specified module could not be found.\n  ; The specified module could not be found.\n  ; The specified module could not be found.\n  \n\n===============================================================================\ntest cases: 1 | 1 failed\nassertions: 1 | 1 failed\n\n",
      "parsed_errors": [

      ]
    },
    {
      "name": "Test automatic arithmetic conversions",
      "status": "failed",
      "time": "0.109627",
      "output": "\n~~~~~~~~~~~~~~~~~~~~~~~~~~~~~~~~~~~~~~~~~~~~~~~~~~~~~~~~~~~~~~~~~~~~~~~~~~~~~~~\ncompiled_tests.exe is a Catch v1.1 b1 host application.\nRun with -? for options\n\n-------------------------------------------------------------------------------\nTest automatic arithmetic conversions\n-------------------------------------------------------------------------------\nc:\\programming\\10914850\\runs\\cs-c21c21dfda-pr177-win64-vs14\\unittests\\compiled_tests.cpp(126)\n...............................................................................\n\nc:\\programming\\10914850\\runs\\cs-c21c21dfda-pr177-win64-vs14\\unittests\\compiled_tests.cpp(126): FAILED:\ndue to unexpected exception with message:\n  Unable to find module: chaiscript_stdlib-5.7.0 Errors: The specified module\n  could not be found.\n  ; The specified module could not be found.\n  ; The specified module could not be found.\n  ; The specified module could not be found.\n  ; The specified module could not be found.\n  ; The specified module could not be found.\n  ; The specified module could not be found.\n  ; The specified module could not be found.\n  ; The specified module could not be found.\n  ; The specified module could not be found.\n  ; The specified module could not be found.\n  ; The specified module could not be found.\n  \n\n===============================================================================\ntest cases: 1 | 1 failed\nassertions: 1 | 1 failed\n\n",
      "parsed_errors": [

      ]
    },
    {
      "name": "Throw an int",
      "status": "failed",
      "time": "0.109627",
      "output": "\n~~~~~~~~~~~~~~~~~~~~~~~~~~~~~~~~~~~~~~~~~~~~~~~~~~~~~~~~~~~~~~~~~~~~~~~~~~~~~~~\ncompiled_tests.exe is a Catch v1.1 b1 host application.\nRun with -? for options\n\n-------------------------------------------------------------------------------\nThrow an int\n-------------------------------------------------------------------------------\nc:\\programming\\10914850\\runs\\cs-c21c21dfda-pr177-win64-vs14\\unittests\\compiled_tests.cpp(180)\n...............................................................................\n\nc:\\programming\\10914850\\runs\\cs-c21c21dfda-pr177-win64-vs14\\unittests\\compiled_tests.cpp(180): FAILED:\ndue to unexpected exception with message:\n  Unable to find module: chaiscript_stdlib-5.7.0 Errors: The specified module\n  could not be found.\n  ; The specified module could not be found.\n  ; The specified module could not be found.\n  ; The specified module could not be found.\n  ; The specified module could not be found.\n  ; The specified module could not be found.\n  ; The specified module could not be found.\n  ; The specified module could not be found.\n  ; The specified module could not be found.\n  ; The specified module could not be found.\n  ; The specified module could not be found.\n  ; The specified module could not be found.\n  \n\n===============================================================================\ntest cases: 1 | 1 failed\nassertions: 1 | 1 failed\n\n",
      "parsed_errors": [

      ]
    },
    {
      "name": "Function ordering",
      "status": "failed",
      "time": "0.0164509",
      "output": "\n~~~~~~~~~~~~~~~~~~~~~~~~~~~~~~~~~~~~~~~~~~~~~~~~~~~~~~~~~~~~~~~~~~~~~~~~~~~~~~~\ncompiled_tests.exe is a Catch v1.1 b1 host application.\nRun with -? for options\n\n-------------------------------------------------------------------------------\nFunction ordering\n-------------------------------------------------------------------------------\nc:\\programming\\10914850\\runs\\cs-c21c21dfda-pr177-win64-vs14\\unittests\\compiled_tests.cpp(316)\n...............................................................................\n\nc:\\programming\\10914850\\runs\\cs-c21c21dfda-pr177-win64-vs14\\unittests\\compiled_tests.cpp(316): FAILED:\ndue to unexpected exception with message:\n  Unable to find module: chaiscript_stdlib-5.7.0 Errors: The specified module\n  could not be found.\n  ; The specified module could not be found.\n  ; The specified module could not be found.\n  ; The specified module could not be found.\n  ; The specified module could not be found.\n  ; The specified module could not be found.\n  ; The specified module could not be found.\n  ; The specified module could not be found.\n  ; The specified module could not be found.\n  ; The specified module could not be found.\n  ; The specified module could not be found.\n  ; The specified module could not be found.\n  \n\n===============================================================================\ntest cases: 1 | 1 failed\nassertions: 1 | 1 failed\n\n",
      "parsed_errors": [

      ]
    },
    {
      "name": "No unexpected exceptions leak",
      "status": "failed",
      "time": "0.0312195",
      "output": "\n~~~~~~~~~~~~~~~~~~~~~~~~~~~~~~~~~~~~~~~~~~~~~~~~~~~~~~~~~~~~~~~~~~~~~~~~~~~~~~~\ncompiled_tests.exe is a Catch v1.1 b1 host application.\nRun with -? for options\n\n-------------------------------------------------------------------------------\nNo unexpected exceptions leak\n-------------------------------------------------------------------------------\nc:\\programming\\10914850\\runs\\cs-c21c21dfda-pr177-win64-vs14\\unittests\\compiled_tests.cpp(253)\n...............................................................................\n\nc:\\programming\\10914850\\runs\\cs-c21c21dfda-pr177-win64-vs14\\unittests\\compiled_tests.cpp(253): FAILED:\ndue to unexpected exception with message:\n  Unable to find module: chaiscript_stdlib-5.7.0 Errors: The specified module\n  could not be found.\n  ; The specified module could not be found.\n  ; The specified module could not be found.\n  ; The specified module could not be found.\n  ; The specified module could not be found.\n  ; The specified module could not be found.\n  ; The specified module could not be found.\n  ; The specified module could not be found.\n  ; The specified module could not be found.\n  ; The specified module could not be found.\n  ; The specified module could not be found.\n  ; The specified module could not be found.\n  \n\n===============================================================================\ntest cases: 1 | 1 failed\nassertions: 1 | 1 failed\n\n",
      "parsed_errors": [

      ]
    },
    {
      "name": "Short comparison with int",
      "status": "failed",
      "time": "0.0147686",
      "output": "\n~~~~~~~~~~~~~~~~~~~~~~~~~~~~~~~~~~~~~~~~~~~~~~~~~~~~~~~~~~~~~~~~~~~~~~~~~~~~~~~\ncompiled_tests.exe is a Catch v1.1 b1 host application.\nRun with -? for options\n\n-------------------------------------------------------------------------------\nShort comparison with int\n-------------------------------------------------------------------------------\nc:\\programming\\10914850\\runs\\cs-c21c21dfda-pr177-win64-vs14\\unittests\\compiled_tests.cpp(405)\n...............................................................................\n\nc:\\programming\\10914850\\runs\\cs-c21c21dfda-pr177-win64-vs14\\unittests\\compiled_tests.cpp(405): FAILED:\ndue to unexpected exception with message:\n  Unable to find module: chaiscript_stdlib-5.7.0 Errors: The specified module\n  could not be found.\n  ; The specified module could not be found.\n  ; The specified module could not be found.\n  ; The specified module could not be found.\n  ; The specified module could not be found.\n  ; The specified module could not be found.\n  ; The specified module could not be found.\n  ; The specified module could not be found.\n  ; The specified module could not be found.\n  ; The specified module could not be found.\n  ; The specified module could not be found.\n  ; The specified module could not be found.\n  \n\n===============================================================================\ntest cases: 1 | 1 failed\nassertions: 1 | 1 failed\n\n",
      "parsed_errors": [

      ]
    },
    {
      "name": "Throw unhandled type",
      "status": "failed",
      "time": "0.0467911",
      "output": "\n~~~~~~~~~~~~~~~~~~~~~~~~~~~~~~~~~~~~~~~~~~~~~~~~~~~~~~~~~~~~~~~~~~~~~~~~~~~~~~~\ncompiled_tests.exe is a Catch v1.1 b1 host application.\nRun with -? for options\n\n-------------------------------------------------------------------------------\nThrow unhandled type\n-------------------------------------------------------------------------------\nc:\\programming\\10914850\\runs\\cs-c21c21dfda-pr177-win64-vs14\\unittests\\compiled_tests.cpp(224)\n...............................................................................\n\nc:\\programming\\10914850\\runs\\cs-c21c21dfda-pr177-win64-vs14\\unittests\\compiled_tests.cpp(224): FAILED:\ndue to unexpected exception with message:\n  Unable to find module: chaiscript_stdlib-5.7.0 Errors: The specified module\n  could not be found.\n  ; The specified module could not be found.\n  ; The specified module could not be found.\n  ; The specified module could not be found.\n  ; The specified module could not be found.\n  ; The specified module could not be found.\n  ; The specified module could not be found.\n  ; The specified module could not be found.\n  ; The specified module could not be found.\n  ; The specified module could not be found.\n  ; The specified module could not be found.\n  ; The specified module could not be found.\n  \n\n===============================================================================\ntest cases: 1 | 1 failed\nassertions: 1 | 1 failed\n\n",
      "parsed_errors": [

      ]
    },
    {
      "name": "Functor cast",
      "status": "failed",
      "time": "0.0312195",
      "output": "\n~~~~~~~~~~~~~~~~~~~~~~~~~~~~~~~~~~~~~~~~~~~~~~~~~~~~~~~~~~~~~~~~~~~~~~~~~~~~~~~\ncompiled_tests.exe is a Catch v1.1 b1 host application.\nRun with -? for options\n\n-------------------------------------------------------------------------------\nFunctor cast\n-------------------------------------------------------------------------------\nc:\\programming\\10914850\\runs\\cs-c21c21dfda-pr177-win64-vs14\\unittests\\compiled_tests.cpp(339)\n...............................................................................\n\nc:\\programming\\10914850\\runs\\cs-c21c21dfda-pr177-win64-vs14\\unittests\\compiled_tests.cpp(339): FAILED:\ndue to unexpected exception with message:\n  Unable to find module: chaiscript_stdlib-5.7.0 Errors: The specified module\n  could not be found.\n  ; The specified module could not be found.\n  ; The specified module could not be found.\n  ; The specified module could not be found.\n  ; The specified module could not be found.\n  ; The specified module could not be found.\n  ; The specified module could not be found.\n  ; The specified module could not be found.\n  ; The specified module could not be found.\n  ; The specified module could not be found.\n  ; The specified module could not be found.\n  ; The specified module could not be found.\n  \n\n===============================================================================\ntest cases: 1 | 1 failed\nassertions: 1 | 1 failed\n\n",
      "parsed_errors": [

      ]
    },
    {
      "name": "Set and restore chai state",
      "status": "failed",
      "time": "0.0312195",
      "output": "\n~~~~~~~~~~~~~~~~~~~~~~~~~~~~~~~~~~~~~~~~~~~~~~~~~~~~~~~~~~~~~~~~~~~~~~~~~~~~~~~\ncompiled_tests.exe is a Catch v1.1 b1 host application.\nRun with -? for options\n\n-------------------------------------------------------------------------------\nSet and restore chai state\n-------------------------------------------------------------------------------\nc:\\programming\\10914850\\runs\\cs-c21c21dfda-pr177-win64-vs14\\unittests\\compiled_tests.cpp(359)\n...............................................................................\n\nc:\\programming\\10914850\\runs\\cs-c21c21dfda-pr177-win64-vs14\\unittests\\compiled_tests.cpp(359): FAILED:\ndue to unexpected exception with message:\n  Unable to find module: chaiscript_stdlib-5.7.0 Errors: The specified module\n  could not be found.\n  ; The specified module could not be found.\n  ; The specified module could not be found.\n  ; The specified module could not be found.\n  ; The specified module could not be found.\n  ; The specified module could not be found.\n  ; The specified module could not be found.\n  ; The specified module could not be found.\n  ; The specified module could not be found.\n  ; The specified module could not be found.\n  ; The specified module could not be found.\n  ; The specified module could not be found.\n  \n\n===============================================================================\ntest cases: 1 | 1 failed\nassertions: 1 | 1 failed\n\n",
      "parsed_errors": [

      ]
    },
    {
      "name": "Utility_Test utility class wrapper",
      "status": "failed",
      "time": "0.044281",
      "output": "\n~~~~~~~~~~~~~~~~~~~~~~~~~~~~~~~~~~~~~~~~~~~~~~~~~~~~~~~~~~~~~~~~~~~~~~~~~~~~~~~\ncompiled_tests.exe is a Catch v1.1 b1 host application.\nRun with -? for options\n\n-------------------------------------------------------------------------------\nUtility_Test utility class wrapper\n-------------------------------------------------------------------------------\nc:\\programming\\10914850\\runs\\cs-c21c21dfda-pr177-win64-vs14\\unittests\\compiled_tests.cpp(488)\n...............................................................................\n\nc:\\programming\\10914850\\runs\\cs-c21c21dfda-pr177-win64-vs14\\unittests\\compiled_tests.cpp(488): FAILED:\ndue to unexpected exception with message:\n  Unable to find module: chaiscript_stdlib-5.7.0 Errors: The specified module\n  could not be found.\n  ; The specified module could not be found.\n  ; The specified module could not be found.\n  ; The specified module could not be found.\n  ; The specified module could not be found.\n  ; The specified module could not be found.\n  ; The specified module could not be found.\n  ; The specified module could not be found.\n  ; The specified module could not be found.\n  ; The specified module could not be found.\n  ; The specified module could not be found.\n  ; The specified module could not be found.\n  \n\n===============================================================================\ntest cases: 1 | 1 failed\nassertions: 1 | 1 failed\n\n",
      "parsed_errors": [

      ]
    },
    {
      "name": "Object lifetime test 2",
      "status": "failed",
      "time": "0.0307961",
      "output": "\n~~~~~~~~~~~~~~~~~~~~~~~~~~~~~~~~~~~~~~~~~~~~~~~~~~~~~~~~~~~~~~~~~~~~~~~~~~~~~~~\ncompiled_tests.exe is a Catch v1.1 b1 host application.\nRun with -? for options\n\n-------------------------------------------------------------------------------\nObject lifetime test 2\n-------------------------------------------------------------------------------\nc:\\programming\\10914850\\runs\\cs-c21c21dfda-pr177-win64-vs14\\unittests\\compiled_tests.cpp(697)\n...............................................................................\n\nc:\\programming\\10914850\\runs\\cs-c21c21dfda-pr177-win64-vs14\\unittests\\compiled_tests.cpp(697): FAILED:\ndue to unexpected exception with message:\n  Unable to find module: chaiscript_stdlib-5.7.0 Errors: The specified module\n  could not be found.\n  ; The specified module could not be found.\n  ; The specified module could not be found.\n  ; The specified module could not be found.\n  ; The specified module could not be found.\n  ; The specified module could not be found.\n  ; The specified module could not be found.\n  ; The specified module could not be found.\n  ; The specified module could not be found.\n  ; The specified module could not be found.\n  ; The specified module could not be found.\n  ; The specified module could not be found.\n  \n\n===============================================================================\ntest cases: 1 | 1 failed\nassertions: 1 | 1 failed\n\n",
      "parsed_errors": [

      ]
    },
    {
      "name": "Simultaneous ChaiScript tests",
      "status": "failed",
      "time": "0.044281",
      "output": "\n~~~~~~~~~~~~~~~~~~~~~~~~~~~~~~~~~~~~~~~~~~~~~~~~~~~~~~~~~~~~~~~~~~~~~~~~~~~~~~~\ncompiled_tests.exe is a Catch v1.1 b1 host application.\nRun with -? for options\n\n-------------------------------------------------------------------------------\nSimultaneous ChaiScript tests\n-------------------------------------------------------------------------------\nc:\\programming\\10914850\\runs\\cs-c21c21dfda-pr177-win64-vs14\\unittests\\compiled_tests.cpp(454)\n...............................................................................\n\nc:\\programming\\10914850\\runs\\cs-c21c21dfda-pr177-win64-vs14\\unittests\\compiled_tests.cpp(454): FAILED:\ndue to unexpected exception with message:\n  Unable to find module: chaiscript_stdlib-5.7.0 Errors: The specified module\n  could not be found.\n  ; The specified module could not be found.\n  ; The specified module could not be found.\n  ; The specified module could not be found.\n  ; The specified module could not be found.\n  ; The specified module could not be found.\n  ; The specified module could not be found.\n  ; The specified module could not be found.\n  ; The specified module could not be found.\n  ; The specified module could not be found.\n  ; The specified module could not be found.\n  ; The specified module could not be found.\n  \n\n===============================================================================\ntest cases: 1 | 1 failed\nassertions: 1 | 1 failed\n\n",
      "parsed_errors": [

      ]
    },
    {
      "name": "Test lookup of type names",
      "status": "failed",
      "time": "0.044281",
      "output": "\n~~~~~~~~~~~~~~~~~~~~~~~~~~~~~~~~~~~~~~~~~~~~~~~~~~~~~~~~~~~~~~~~~~~~~~~~~~~~~~~\ncompiled_tests.exe is a Catch v1.1 b1 host application.\nRun with -? for options\n\n-------------------------------------------------------------------------------\nTest lookup of type names\n-------------------------------------------------------------------------------\nc:\\programming\\10914850\\runs\\cs-c21c21dfda-pr177-win64-vs14\\unittests\\compiled_tests.cpp(428)\n...............................................................................\n\nc:\\programming\\10914850\\runs\\cs-c21c21dfda-pr177-win64-vs14\\unittests\\compiled_tests.cpp(428): FAILED:\ndue to unexpected exception with message:\n  Unable to find module: chaiscript_stdlib-5.7.0 Errors: The specified module\n  could not be found.\n  ; The specified module could not be found.\n  ; The specified module could not be found.\n  ; The specified module could not be found.\n  ; The specified module could not be found.\n  ; The specified module could not be found.\n  ; The specified module could not be found.\n  ; The specified module could not be found.\n  ; The specified module could not be found.\n  ; The specified module could not be found.\n  ; The specified module could not be found.\n  ; The specified module could not be found.\n  \n\n===============================================================================\ntest cases: 1 | 1 failed\nassertions: 1 | 1 failed\n\n",
      "parsed_errors": [

      ]
    },
    {
      "name": "Object copy counts",
      "status": "failed",
      "time": "0.0307961",
      "output": "\n~~~~~~~~~~~~~~~~~~~~~~~~~~~~~~~~~~~~~~~~~~~~~~~~~~~~~~~~~~~~~~~~~~~~~~~~~~~~~~~\ncompiled_tests.exe is a Catch v1.1 b1 host application.\nRun with -? for options\n\n-------------------------------------------------------------------------------\nObject copy counts\n-------------------------------------------------------------------------------\nc:\\programming\\10914850\\runs\\cs-c21c21dfda-pr177-win64-vs14\\unittests\\compiled_tests.cpp(581)\n...............................................................................\n\nc:\\programming\\10914850\\runs\\cs-c21c21dfda-pr177-win64-vs14\\unittests\\compiled_tests.cpp(581): FAILED:\ndue to unexpected exception with message:\n  Unable to find module: chaiscript_stdlib-5.7.0 Errors: The specified module\n  could not be found.\n  ; The specified module could not be found.\n  ; The specified module could not be found.\n  ; The specified module could not be found.\n  ; The specified module could not be found.\n  ; The specified module could not be found.\n  ; The specified module could not be found.\n  ; The specified module could not be found.\n  ; The specified module could not be found.\n  ; The specified module could not be found.\n  ; The specified module could not be found.\n  ; The specified module could not be found.\n  \n\n===============================================================================\ntest cases: 1 | 1 failed\nassertions: 1 | 1 failed\n\n",
      "parsed_errors": [

      ]
    },
    {
      "name": "Object lifetime tests",
      "status": "failed",
      "time": "0.0307961",
      "output": "\n~~~~~~~~~~~~~~~~~~~~~~~~~~~~~~~~~~~~~~~~~~~~~~~~~~~~~~~~~~~~~~~~~~~~~~~~~~~~~~~\ncompiled_tests.exe is a Catch v1.1 b1 host application.\nRun with -? for options\n\n-------------------------------------------------------------------------------\nObject lifetime tests\n-------------------------------------------------------------------------------\nc:\\programming\\10914850\\runs\\cs-c21c21dfda-pr177-win64-vs14\\unittests\\compiled_tests.cpp(637)\n...............................................................................\n\nc:\\programming\\10914850\\runs\\cs-c21c21dfda-pr177-win64-vs14\\unittests\\compiled_tests.cpp(637): FAILED:\ndue to unexpected exception with message:\n  Unable to find module: chaiscript_stdlib-5.7.0 Errors: The specified module\n  could not be found.\n  ; The specified module could not be found.\n  ; The specified module could not be found.\n  ; The specified module could not be found.\n  ; The specified module could not be found.\n  ; The specified module could not be found.\n  ; The specified module could not be found.\n  ; The specified module could not be found.\n  ; The specified module could not be found.\n  ; The specified module could not be found.\n  ; The specified module could not be found.\n  ; The specified module could not be found.\n  \n\n===============================================================================\ntest cases: 1 | 1 failed\nassertions: 1 | 1 failed\n\n",
      "parsed_errors": [

      ]
    },
    {
      "name": "C_Linkage_Test",
      "status": "failed",
      "time": "0.139727",
      "output": null,
      "parsed_errors": [

      ]
    },
    {
      "name": "Type_Info_Test",
      "status": "passed",
      "time": "0.20311",
      "output": "Size of Type_Info 24\n",
      "parsed_errors": [

      ]
    },
    {
      "name": "Boxed_Cast_Test",
      "status": "passed",
      "time": "0.218758",
      "output": null,
      "parsed_errors": [

      ]
    },
    {
      "name": "Integer_Literal_Test",
      "status": "failed",
      "time": "0.0922642",
      "output": null,
      "parsed_errors": [

      ]
    },
    {
      "name": "Multithreaded_Test",
      "status": "failed",
      "time": "0.0940132",
      "output": null,
      "parsed_errors": [

      ]
    },
    {
      "name": "MultiFile_Test",
      "status": "passed",
      "time": "0.0781078",
      "output": null,
      "parsed_errors": [

      ]
    }
  ],
  "failure": null,
  "package_results": [

  ]
}

