---
title: ChaiScript-ef92b6619e51d8e0f155207bb86b541f11ff16c6-i386-Windows-8.1-VisualStudio-14
permalink: ChaiScript-ef92b6619e51d8e0f155207bb86b541f11ff16c6-i386-Windows-8.1-VisualStudio-14.html
tags: data
layout: ci_results
date: 2015-05-07 15:15:21
unhandled_failure: false
build_error_count: 0
build_warning_count: 0
package_error_count: 0
package_warning_count: 0
test_count: 348
test_passed_count: 3
repository: ChaiScript/ChaiScript
compiler: Visual Studio
compiler_version: 14
architecture: 
os: Windows
os_release: 8.1
is_release: false
release_packaged: false
packaging_skipped: true
package_name: 
tag_name: 
commit_sha: ef92b6619e51d8e0f155207bb86b541f11ff16c6
branch_name: develop
test_run: true
pull_request_issue_id: ""
pull_request_base_repository: 
pull_request_base_ref: 
device_id: i386-Windows-8.1-VisualStudio-14
pending: false
analyze_only: false
build_time: 264.312807
test_time: 11.530165
package_time: 
install_time: 
results_repository: ChaiScript/ChaiScript-BuildResults
machine_name: nrel81
machine_ip: 192.168.1.45
coverage_enabled: false
coverage_pass_limit: 90
coverage_warn_limit: 75
coverage_lines: 0
coverage_total_lines: 0
coverage_functions: 0
coverage_total_functions: 0
coverage_url: 
asset_url: 
---

{
  "build_results": [

  ],
  "test_results": [
    {
      "name": "3.x/bind2.chai",
      "status": "failed",
      "time": "0.126976",
      "output": null,
      "parsed_errors": [

      ]
    },
    {
      "name": "3.x/block_start.chai",
      "status": "failed",
      "time": "0.140594",
      "output": null,
      "parsed_errors": [

      ]
    },
    {
      "name": "3.x/bool_not.chai",
      "status": "failed",
      "time": "0.140594",
      "output": null,
      "parsed_errors": [

      ]
    },
    {
      "name": "version_check",
      "status": "failed",
      "time": "0.171869",
      "output": null,
      "parsed_errors": [

      ]
    },
    {
      "name": "3.x/assign_const.chai",
      "status": "failed",
      "time": "0.155523",
      "output": null,
      "parsed_errors": [

      ]
    },
    {
      "name": "3.x/bind.chai",
      "status": "failed",
      "time": "0.186911",
      "output": null,
      "parsed_errors": [

      ]
    },
    {
      "name": "3.x/collate.chai",
      "status": "failed",
      "time": "0.124914",
      "output": null,
      "parsed_errors": [

      ]
    },
    {
      "name": "3.x/classification.chai",
      "status": "failed",
      "time": "0.124914",
      "output": null,
      "parsed_errors": [

      ]
    },
    {
      "name": "3.x/break_while.chai",
      "status": "failed",
      "time": "0.140612",
      "output": null,
      "parsed_errors": [

      ]
    },
    {
      "name": "3.x/char_init.chai",
      "status": "failed",
      "time": "0.140612",
      "output": null,
      "parsed_errors": [

      ]
    },
    {
      "name": "3.x/convert_int_string.chai",
      "status": "failed",
      "time": "0.078701",
      "output": null,
      "parsed_errors": [

      ]
    },
    {
      "name": "3.x/const_range_test.chai",
      "status": "failed",
      "time": "0.0937386",
      "output": null,
      "parsed_errors": [

      ]
    },
    {
      "name": "3.x/compare_gt.chai",
      "status": "failed",
      "time": "0.249813",
      "output": null,
      "parsed_errors": [

      ]
    },
    {
      "name": "3.x/convert_double_string.chai",
      "status": "failed",
      "time": "0.0937386",
      "output": null,
      "parsed_errors": [

      ]
    },
    {
      "name": "3.x/compare_lt.chai",
      "status": "failed",
      "time": "0.109367",
      "output": null,
      "parsed_errors": [

      ]
    },
    {
      "name": "3.x/concat.chai",
      "status": "failed",
      "time": "0.109367",
      "output": null,
      "parsed_errors": [

      ]
    },
    {
      "name": "3.x/deep_array_lookup.chai",
      "status": "failed",
      "time": "0.0624886",
      "output": null,
      "parsed_errors": [

      ]
    },
    {
      "name": "3.x/drop_while.chai",
      "status": "failed",
      "time": "0.0624886",
      "output": null,
      "parsed_errors": [

      ]
    },
    {
      "name": "3.x/drop.chai",
      "status": "failed",
      "time": "0.0624886",
      "output": null,
      "parsed_errors": [

      ]
    },
    {
      "name": "3.x/convert_string_double.chai",
      "status": "failed",
      "time": "0.0930977",
      "output": null,
      "parsed_errors": [

      ]
    },
    {
      "name": "3.x/convert_string_int.chai",
      "status": "failed",
      "time": "0.0786114",
      "output": null,
      "parsed_errors": [

      ]
    },
    {
      "name": "3.x/dispatch_functions.chai",
      "status": "failed",
      "time": "0.0786114",
      "output": null,
      "parsed_errors": [

      ]
    },
    {
      "name": "3.x/even.chai",
      "status": "failed",
      "time": "0.0616074",
      "output": null,
      "parsed_errors": [

      ]
    },
    {
      "name": "3.x/eval.chai",
      "status": "failed",
      "time": "0.0616074",
      "output": null,
      "parsed_errors": [

      ]
    },
    {
      "name": "3.x/equ_shortform.chai",
      "status": "failed",
      "time": "0.0616074",
      "output": null,
      "parsed_errors": [

      ]
    },
    {
      "name": "3.x/eval_error.chai",
      "status": "failed",
      "time": "0.0616074",
      "output": null,
      "parsed_errors": [

      ]
    },
    {
      "name": "3.x/exception.chai",
      "status": "failed",
      "time": "0.0625305",
      "output": null,
      "parsed_errors": [

      ]
    },
    {
      "name": "3.x/empty.chai",
      "status": "failed",
      "time": "0.0772514",
      "output": null,
      "parsed_errors": [

      ]
    },
    {
      "name": "3.x/foldl.chai",
      "status": "failed",
      "time": "0.0633926",
      "output": null,
      "parsed_errors": [

      ]
    },
    {
      "name": "3.x/filter.chai",
      "status": "failed",
      "time": "0.0790958",
      "output": null,
      "parsed_errors": [

      ]
    },
    {
      "name": "3.x/float.chai",
      "status": "failed",
      "time": "0.0790958",
      "output": null,
      "parsed_errors": [

      ]
    },
    {
      "name": "3.x/for.chai",
      "status": "failed",
      "time": "0.0633926",
      "output": null,
      "parsed_errors": [

      ]
    },
    {
      "name": "3.x/exception_finally.chai",
      "status": "failed",
      "time": "0.0790958",
      "output": null,
      "parsed_errors": [

      ]
    },
    {
      "name": "3.x/exception_guards.chai",
      "status": "failed",
      "time": "0.0790958",
      "output": null,
      "parsed_errors": [

      ]
    },
    {
      "name": "3.x/for_each_retro.chai",
      "status": "failed",
      "time": "0.047699",
      "output": null,
      "parsed_errors": [

      ]
    },
    {
      "name": "3.x/function_introspection.chai",
      "status": "failed",
      "time": "0.0945663",
      "output": null,
      "parsed_errors": [

      ]
    },
    {
      "name": "3.x/function_reassignment.chai",
      "status": "failed",
      "time": "0.109245",
      "output": null,
      "parsed_errors": [

      ]
    },
    {
      "name": "3.x/for_each.chai",
      "status": "failed",
      "time": "0.124985",
      "output": null,
      "parsed_errors": [

      ]
    },
    {
      "name": "3.x/for_each_range.chai",
      "status": "failed",
      "time": "0.124985",
      "output": null,
      "parsed_errors": [

      ]
    },
    {
      "name": "3.x/function_array_adjacent.chai",
      "status": "failed",
      "time": "0.124985",
      "output": null,
      "parsed_errors": [

      ]
    },
    {
      "name": "3.x/if_elseif_else.chai",
      "status": "failed",
      "time": "0.0928154",
      "output": null,
      "parsed_errors": [

      ]
    },
    {
      "name": "3.x/if.chai",
      "status": "failed",
      "time": "0.109352",
      "output": null,
      "parsed_errors": [

      ]
    },
    {
      "name": "3.x/if_elseif.chai",
      "status": "failed",
      "time": "0.109352",
      "output": null,
      "parsed_errors": [

      ]
    },
    {
      "name": "3.x/generate_range.chai",
      "status": "failed",
      "time": "0.140661",
      "output": null,
      "parsed_errors": [

      ]
    },
    {
      "name": "3.x/global_const_in_module.chai",
      "status": "failed",
      "time": "0.140661",
      "output": null,
      "parsed_errors": [

      ]
    },
    {
      "name": "3.x/if_else.chai",
      "status": "failed",
      "time": "0.12501",
      "output": null,
      "parsed_errors": [

      ]
    },
    {
      "name": "3.x/instring_eval.chai",
      "status": "failed",
      "time": "0.139843",
      "output": null,
      "parsed_errors": [

      ]
    },
    {
      "name": "3.x/invalid_function_reassignment.chai",
      "status": "failed",
      "time": "0.139843",
      "output": null,
      "parsed_errors": [

      ]
    },
    {
      "name": "3.x/index_operator.chai",
      "status": "failed",
      "time": "0.155336",
      "output": null,
      "parsed_errors": [

      ]
    },
    {
      "name": "3.x/inheritance.chai",
      "status": "failed",
      "time": "0.155336",
      "output": null,
      "parsed_errors": [

      ]
    },
    {
      "name": "3.x/invalid_function_assignment.chai",
      "status": "failed",
      "time": "0.139843",
      "output": null,
      "parsed_errors": [

      ]
    },
    {
      "name": "3.x/instring_eval_more.chai",
      "status": "failed",
      "time": "0.186808",
      "output": null,
      "parsed_errors": [

      ]
    },
    {
      "name": "3.x/lambda.chai",
      "status": "failed",
      "time": "0.110218",
      "output": null,
      "parsed_errors": [

      ]
    },
    {
      "name": "3.x/list_push_back.chai",
      "status": "failed",
      "time": "0.124897",
      "output": null,
      "parsed_errors": [

      ]
    },
    {
      "name": "3.x/is_undef.chai",
      "status": "failed",
      "time": "0.139738",
      "output": null,
      "parsed_errors": [

      ]
    },
    {
      "name": "3.x/join.chai",
      "status": "failed",
      "time": "0.139738",
      "output": null,
      "parsed_errors": [

      ]
    },
    {
      "name": "3.x/list_push_front.chai",
      "status": "failed",
      "time": "0.281147",
      "output": null,
      "parsed_errors": [

      ]
    },
    {
      "name": "3.x/map.chai",
      "status": "failed",
      "time": "0.124956",
      "output": null,
      "parsed_errors": [

      ]
    },
    {
      "name": "3.x/load_module.chai",
      "status": "failed",
      "time": "0.140614",
      "output": null,
      "parsed_errors": [

      ]
    },
    {
      "name": "3.x/loop_inner_outer.chai",
      "status": "failed",
      "time": "0.124956",
      "output": null,
      "parsed_errors": [

      ]
    },
    {
      "name": "3.x/map_access.chai",
      "status": "failed",
      "time": "0.124956",
      "output": null,
      "parsed_errors": [

      ]
    },
    {
      "name": "3.x/malformed_inline_map.chai",
      "status": "failed",
      "time": "0.171864",
      "output": null,
      "parsed_errors": [

      ]
    },
    {
      "name": "3.x/math_dec.chai",
      "status": "failed",
      "time": "0.0632133",
      "output": null,
      "parsed_errors": [

      ]
    },
    {
      "name": "3.x/math_div.chai",
      "status": "failed",
      "time": "0.0475883",
      "output": null,
      "parsed_errors": [

      ]
    },
    {
      "name": "3.x/math_add_mixed.chai",
      "status": "failed",
      "time": "0.0632133",
      "output": null,
      "parsed_errors": [

      ]
    },
    {
      "name": "3.x/map_inplace_init.chai",
      "status": "failed",
      "time": "0.0632133",
      "output": null,
      "parsed_errors": [

      ]
    },
    {
      "name": "3.x/math_add.chai",
      "status": "failed",
      "time": "0.0790863",
      "output": null,
      "parsed_errors": [

      ]
    },
    {
      "name": "3.x/math_negate.chai",
      "status": "failed",
      "time": "0.124065",
      "output": null,
      "parsed_errors": [

      ]
    },
    {
      "name": "3.x/math_sub.chai",
      "status": "failed",
      "time": "0.109272",
      "output": null,
      "parsed_errors": [

      ]
    },
    {
      "name": "3.x/math_mult.chai",
      "status": "failed",
      "time": "0.124065",
      "output": null,
      "parsed_errors": [

      ]
    },
    {
      "name": "3.x/math_inc.chai",
      "status": "failed",
      "time": "0.157108",
      "output": null,
      "parsed_errors": [

      ]
    },
    {
      "name": "3.x/math_mod.chai",
      "status": "failed",
      "time": "0.140583",
      "output": null,
      "parsed_errors": [

      ]
    },
    {
      "name": "3.x/memberscope.chai",
      "status": "failed",
      "time": "0.0624771",
      "output": null,
      "parsed_errors": [

      ]
    },
    {
      "name": "3.x/math_paren.chai",
      "status": "failed",
      "time": "0.217813",
      "output": null,
      "parsed_errors": [

      ]
    },
    {
      "name": "3.x/min.chai",
      "status": "failed",
      "time": "0.0937309",
      "output": null,
      "parsed_errors": [

      ]
    },
    {
      "name": "3.x/mmd1.chai",
      "status": "failed",
      "time": "0.0929775",
      "output": null,
      "parsed_errors": [

      ]
    },
    {
      "name": "3.x/method_sugar.chai",
      "status": "failed",
      "time": "0.124971",
      "output": null,
      "parsed_errors": [

      ]
    },
    {
      "name": "3.x/max.chai",
      "status": "failed",
      "time": "0.124971",
      "output": null,
      "parsed_errors": [

      ]
    },
    {
      "name": "3.x/object_attr.chai",
      "status": "failed",
      "time": "0.187151",
      "output": null,
      "parsed_errors": [

      ]
    },
    {
      "name": "3.x/number_formats.chai",
      "status": "failed",
      "time": "0.187151",
      "output": null,
      "parsed_errors": [

      ]
    },
    {
      "name": "3.x/object_attr_same_name.chai",
      "status": "failed",
      "time": "0.171854",
      "output": null,
      "parsed_errors": [

      ]
    },
    {
      "name": "3.x/multiline.chai",
      "status": "failed",
      "time": "0.218744",
      "output": null,
      "parsed_errors": [

      ]
    },
    {
      "name": "3.x/mmd2.chai",
      "status": "failed",
      "time": "0.218744",
      "output": null,
      "parsed_errors": [

      ]
    },
    {
      "name": "3.x/object_clone.chai",
      "status": "failed",
      "time": "0.219248",
      "output": null,
      "parsed_errors": [

      ]
    },
    {
      "name": "3.x/operator_overload2.chai",
      "status": "failed",
      "time": "0.0310802",
      "output": null,
      "parsed_errors": [

      ]
    },
    {
      "name": "3.x/odd.chai",
      "status": "failed",
      "time": "0.0467777",
      "output": null,
      "parsed_errors": [

      ]
    },
    {
      "name": "3.x/operator_overload.chai",
      "status": "failed",
      "time": "0.062933",
      "output": null,
      "parsed_errors": [

      ]
    },
    {
      "name": "3.x/object_constructor_guards.chai",
      "status": "failed",
      "time": "0.0791473",
      "output": null,
      "parsed_errors": [

      ]
    },
    {
      "name": "3.x/object_method_guards.chai",
      "status": "failed",
      "time": "0.062933",
      "output": null,
      "parsed_errors": [

      ]
    },
    {
      "name": "3.x/pair.chai",
      "status": "failed",
      "time": "0.171865",
      "output": null,
      "parsed_errors": [

      ]
    },
    {
      "name": "3.x/precedence_1.chai",
      "status": "failed",
      "time": "0.171865",
      "output": null,
      "parsed_errors": [

      ]
    },
    {
      "name": "3.x/pointer_passed_to_constructor.chai",
      "status": "failed",
      "time": "0.171865",
      "output": null,
      "parsed_errors": [

      ]
    },
    {
      "name": "3.x/operators_float.chai",
      "status": "failed",
      "time": "0.187492",
      "output": null,
      "parsed_errors": [

      ]
    },
    {
      "name": "3.x/operators_int.chai",
      "status": "failed",
      "time": "0.171865",
      "output": null,
      "parsed_errors": [

      ]
    },
    {
      "name": "3.x/precedence_2.chai",
      "status": "failed",
      "time": "0.202265",
      "output": null,
      "parsed_errors": [

      ]
    },
    {
      "name": "3.x/range_back.chai",
      "status": "failed",
      "time": "0.0937195",
      "output": null,
      "parsed_errors": [

      ]
    },
    {
      "name": "3.x/range.chai",
      "status": "failed",
      "time": "0.0937195",
      "output": null,
      "parsed_errors": [

      ]
    },
    {
      "name": "3.x/precedence_eq.chai",
      "status": "failed",
      "time": "0.0937195",
      "output": null,
      "parsed_errors": [

      ]
    },
    {
      "name": "3.x/precedence_3.chai",
      "status": "failed",
      "time": "0.108469",
      "output": null,
      "parsed_errors": [

      ]
    },
    {
      "name": "3.x/product.chai",
      "status": "failed",
      "time": "0.0937195",
      "output": null,
      "parsed_errors": [

      ]
    },
    {
      "name": "3.x/ref_equal.chai",
      "status": "failed",
      "time": "0.0937805",
      "output": null,
      "parsed_errors": [

      ]
    },
    {
      "name": "3.x/reduce.chai",
      "status": "failed",
      "time": "0.0937805",
      "output": null,
      "parsed_errors": [

      ]
    },
    {
      "name": "3.x/range_inplace.chai",
      "status": "failed",
      "time": "0.0937805",
      "output": null,
      "parsed_errors": [

      ]
    },
    {
      "name": "3.x/reflection_test.chai",
      "status": "failed",
      "time": "0.0932846",
      "output": null,
      "parsed_errors": [

      ]
    },
    {
      "name": "3.x/range_contains.chai",
      "status": "failed",
      "time": "0.108551",
      "output": null,
      "parsed_errors": [

      ]
    },
    {
      "name": "3.x/range_find.chai",
      "status": "failed",
      "time": "0.108551",
      "output": null,
      "parsed_errors": [

      ]
    },
    {
      "name": "3.x/string_charptr.chai",
      "status": "failed",
      "time": "0.0777912",
      "output": null,
      "parsed_errors": [

      ]
    },
    {
      "name": "3.x/retroretro.chai",
      "status": "failed",
      "time": "0.0928612",
      "output": null,
      "parsed_errors": [

      ]
    },
    {
      "name": "3.x/return.chai",
      "status": "failed",
      "time": "0.0777912",
      "output": null,
      "parsed_errors": [

      ]
    },
    {
      "name": "3.x/shift.chai",
      "status": "failed",
      "time": "0.0777912",
      "output": null,
      "parsed_errors": [

      ]
    },
    {
      "name": "3.x/runtime_error.chai",
      "status": "failed",
      "time": "0.0934143",
      "output": null,
      "parsed_errors": [

      ]
    },
    {
      "name": "3.x/retro.chai",
      "status": "failed",
      "time": "0.108484",
      "output": null,
      "parsed_errors": [

      ]
    },
    {
      "name": "3.x/string_find_last_of.chai",
      "status": "failed",
      "time": "0.0937309",
      "output": null,
      "parsed_errors": [

      ]
    },
    {
      "name": "3.x/string_find_first_of.chai",
      "status": "failed",
      "time": "0.0937309",
      "output": null,
      "parsed_errors": [

      ]
    },
    {
      "name": "3.x/string_find_first_not_of.chai",
      "status": "failed",
      "time": "0.0937309",
      "output": null,
      "parsed_errors": [

      ]
    },
    {
      "name": "3.x/string_find_last_not_of.chai",
      "status": "failed",
      "time": "0.0937309",
      "output": null,
      "parsed_errors": [

      ]
    },
    {
      "name": "3.x/string_concat.chai",
      "status": "failed",
      "time": "0.108433",
      "output": null,
      "parsed_errors": [

      ]
    },
    {
      "name": "3.x/string_find.chai",
      "status": "failed",
      "time": "0.108433",
      "output": null,
      "parsed_errors": [

      ]
    },
    {
      "name": "3.x/switch_break.chai",
      "status": "failed",
      "time": "0.125355",
      "output": null,
      "parsed_errors": [

      ]
    },
    {
      "name": "3.x/sum.chai",
      "status": "failed",
      "time": "0.125355",
      "output": null,
      "parsed_errors": [

      ]
    },
    {
      "name": "3.x/switch_default.chai",
      "status": "failed",
      "time": "0.108841",
      "output": null,
      "parsed_errors": [

      ]
    },
    {
      "name": "3.x/string_init.chai",
      "status": "failed",
      "time": "0.140017",
      "output": null,
      "parsed_errors": [

      ]
    },
    {
      "name": "3.x/string_literal_access.chai",
      "status": "failed",
      "time": "0.140017",
      "output": null,
      "parsed_errors": [

      ]
    },
    {
      "name": "3.x/take_while.chai",
      "status": "failed",
      "time": "0.0790138",
      "output": null,
      "parsed_errors": [

      ]
    },
    {
      "name": "3.x/string_rfind.chai",
      "status": "failed",
      "time": "0.265738",
      "output": null,
      "parsed_errors": [

      ]
    },
    {
      "name": "3.x/take.chai",
      "status": "failed",
      "time": "0.0938377",
      "output": null,
      "parsed_errors": [

      ]
    },
    {
      "name": "3.x/switch_fallthru_and_break.chai",
      "status": "failed",
      "time": "0.108669",
      "output": null,
      "parsed_errors": [

      ]
    },
    {
      "name": "3.x/switch_empty.chai",
      "status": "failed",
      "time": "0.108669",
      "output": null,
      "parsed_errors": [

      ]
    },
    {
      "name": "3.x/switch_fallthru.chai",
      "status": "failed",
      "time": "0.108669",
      "output": null,
      "parsed_errors": [

      ]
    },
    {
      "name": "3.x/vector_insert_at.chai",
      "status": "failed",
      "time": "0.0777836",
      "output": null,
      "parsed_errors": [

      ]
    },
    {
      "name": "3.x/vector_access.chai",
      "status": "failed",
      "time": "0.0937614",
      "output": null,
      "parsed_errors": [

      ]
    },
    {
      "name": "3.x/vector_inplace_init.chai",
      "status": "failed",
      "time": "0.0937614",
      "output": null,
      "parsed_errors": [

      ]
    },
    {
      "name": "3.x/vector_erase_at.chai",
      "status": "failed",
      "time": "0.0937614",
      "output": null,
      "parsed_errors": [

      ]
    },
    {
      "name": "3.x/type_info.chai",
      "status": "failed",
      "time": "0.107517",
      "output": null,
      "parsed_errors": [

      ]
    },
    {
      "name": "3.x/use.chai",
      "status": "failed",
      "time": "0.0937614",
      "output": null,
      "parsed_errors": [

      ]
    },
    {
      "name": "3.x/vector_paren_literal_access.chai",
      "status": "failed",
      "time": "0.1406",
      "output": null,
      "parsed_errors": [

      ]
    },
    {
      "name": "3.x/vector_push_empty.chai",
      "status": "failed",
      "time": "0.1406",
      "output": null,
      "parsed_errors": [

      ]
    },
    {
      "name": "3.x/zip.chai",
      "status": "failed",
      "time": "0.156208",
      "output": null,
      "parsed_errors": [

      ]
    },
    {
      "name": "3.x/vector_literal_acccess.chai",
      "status": "failed",
      "time": "0.17095",
      "output": null,
      "parsed_errors": [

      ]
    },
    {
      "name": "3.x/vector_of_one.chai",
      "status": "failed",
      "time": "0.156208",
      "output": null,
      "parsed_errors": [

      ]
    },
    {
      "name": "bind.chai",
      "status": "failed",
      "time": "0.107502",
      "output": null,
      "parsed_errors": [

      ]
    },
    {
      "name": "bind2.chai",
      "status": "failed",
      "time": "0.0928459",
      "output": null,
      "parsed_errors": [

      ]
    },
    {
      "name": "3.x/vector_push_back.chai",
      "status": "failed",
      "time": "0.298737",
      "output": null,
      "parsed_errors": [

      ]
    },
    {
      "name": "array_types.chai",
      "status": "failed",
      "time": "0.125017",
      "output": null,
      "parsed_errors": [

      ]
    },
    {
      "name": "3.x/zip_with.chai",
      "status": "failed",
      "time": "0.142529",
      "output": null,
      "parsed_errors": [

      ]
    },
    {
      "name": "assign_const.chai",
      "status": "failed",
      "time": "0.125017",
      "output": null,
      "parsed_errors": [

      ]
    },
    {
      "name": "char_init.chai",
      "status": "failed",
      "time": "0.0938301",
      "output": null,
      "parsed_errors": [

      ]
    },
    {
      "name": "break_while.chai",
      "status": "failed",
      "time": "0.109671",
      "output": null,
      "parsed_errors": [

      ]
    },
    {
      "name": "class.chai",
      "status": "failed",
      "time": "0.0938301",
      "output": null,
      "parsed_errors": [

      ]
    },
    {
      "name": "break_for.chai",
      "status": "failed",
      "time": "0.125",
      "output": null,
      "parsed_errors": [

      ]
    },
    {
      "name": "block_start.chai",
      "status": "failed",
      "time": "0.140631",
      "output": null,
      "parsed_errors": [

      ]
    },
    {
      "name": "bool_not.chai",
      "status": "failed",
      "time": "0.125",
      "output": null,
      "parsed_errors": [

      ]
    },
    {
      "name": "compare_gt.chai",
      "status": "failed",
      "time": "0.0928001",
      "output": null,
      "parsed_errors": [

      ]
    },
    {
      "name": "const_range_test.chai",
      "status": "failed",
      "time": "0.111265",
      "output": null,
      "parsed_errors": [

      ]
    },
    {
      "name": "concat.chai",
      "status": "failed",
      "time": "0.111265",
      "output": null,
      "parsed_errors": [

      ]
    },
    {
      "name": "compare_lt.chai",
      "status": "failed",
      "time": "0.125885",
      "output": null,
      "parsed_errors": [

      ]
    },
    {
      "name": "classification.chai",
      "status": "failed",
      "time": "0.139648",
      "output": null,
      "parsed_errors": [

      ]
    },
    {
      "name": "collate.chai",
      "status": "failed",
      "time": "0.139648",
      "output": null,
      "parsed_errors": [

      ]
    },
    {
      "name": "convert_string_double.chai",
      "status": "failed",
      "time": "0.110277",
      "output": null,
      "parsed_errors": [

      ]
    },
    {
      "name": "convert_int_string.chai",
      "status": "failed",
      "time": "0.110277",
      "output": null,
      "parsed_errors": [

      ]
    },
    {
      "name": "convert_double_string.chai",
      "status": "failed",
      "time": "0.110277",
      "output": null,
      "parsed_errors": [

      ]
    },
    {
      "name": "convert_string_int.chai",
      "status": "failed",
      "time": "0.0946064",
      "output": null,
      "parsed_errors": [

      ]
    },
    {
      "name": "continue_for.chai",
      "status": "failed",
      "time": "0.125879",
      "output": null,
      "parsed_errors": [

      ]
    },
    {
      "name": "continue_while.chai",
      "status": "failed",
      "time": "0.110277",
      "output": null,
      "parsed_errors": [

      ]
    },
    {
      "name": "drop_while.chai",
      "status": "failed",
      "time": "0.186783",
      "output": null,
      "parsed_errors": [

      ]
    },
    {
      "name": "dynamic_object_dynamic_attrs.chai",
      "status": "failed",
      "time": "0.186783",
      "output": null,
      "parsed_errors": [

      ]
    },
    {
      "name": "divide_by_zero_protection.chai",
      "status": "failed",
      "time": "0.203194",
      "output": null,
      "parsed_errors": [

      ]
    },
    {
      "name": "deep_array_lookup.chai",
      "status": "failed",
      "time": "0.203194",
      "output": null,
      "parsed_errors": [

      ]
    },
    {
      "name": "dispatch_functions.chai",
      "status": "failed",
      "time": "0.203194",
      "output": null,
      "parsed_errors": [

      ]
    },
    {
      "name": "eval.chai",
      "status": "failed",
      "time": "0.0624828",
      "output": null,
      "parsed_errors": [

      ]
    },
    {
      "name": "drop.chai",
      "status": "failed",
      "time": "0.280458",
      "output": null,
      "parsed_errors": [

      ]
    },
    {
      "name": "equ_shortform.chai",
      "status": "failed",
      "time": "0.125523",
      "output": null,
      "parsed_errors": [

      ]
    },
    {
      "name": "eval_file.chai",
      "status": "failed",
      "time": "0.10988",
      "output": null,
      "parsed_errors": [

      ]
    },
    {
      "name": "eval_error.chai",
      "status": "failed",
      "time": "0.10988",
      "output": null,
      "parsed_errors": [

      ]
    },
    {
      "name": "empty.chai",
      "status": "failed",
      "time": "0.141485",
      "output": null,
      "parsed_errors": [

      ]
    },
    {
      "name": "exception_typed_2.chai",
      "status": "failed",
      "time": "0.0933838",
      "output": null,
      "parsed_errors": [

      ]
    },
    {
      "name": "exception.chai",
      "status": "failed",
      "time": "0.141745",
      "output": null,
      "parsed_errors": [

      ]
    },
    {
      "name": "exception_typed.chai",
      "status": "failed",
      "time": "0.110886",
      "output": null,
      "parsed_errors": [

      ]
    },
    {
      "name": "exception_guards.chai",
      "status": "failed",
      "time": "0.126883",
      "output": null,
      "parsed_errors": [

      ]
    },
    {
      "name": "exception_finally.chai",
      "status": "failed",
      "time": "0.126883",
      "output": null,
      "parsed_errors": [

      ]
    },
    {
      "name": "even.chai",
      "status": "failed",
      "time": "0.141745",
      "output": null,
      "parsed_errors": [

      ]
    },
    {
      "name": "float.chai",
      "status": "failed",
      "time": "0.124186",
      "output": null,
      "parsed_errors": [

      ]
    },
    {
      "name": "for.chai",
      "status": "failed",
      "time": "0.124186",
      "output": null,
      "parsed_errors": [

      ]
    },
    {
      "name": "for_each.chai",
      "status": "failed",
      "time": "0.108614",
      "output": null,
      "parsed_errors": [

      ]
    },
    {
      "name": "foldl.chai",
      "status": "failed",
      "time": "0.124186",
      "output": null,
      "parsed_errors": [

      ]
    },
    {
      "name": "filter.chai",
      "status": "failed",
      "time": "0.13888",
      "output": null,
      "parsed_errors": [

      ]
    },
    {
      "name": "function_attributes.chai",
      "status": "failed",
      "time": "0.0952206",
      "output": null,
      "parsed_errors": [

      ]
    },
    {
      "name": "for_each_range.chai",
      "status": "failed",
      "time": "0.235043",
      "output": null,
      "parsed_errors": [

      ]
    },
    {
      "name": "function_members.chai",
      "status": "failed",
      "time": "0.0952206",
      "output": null,
      "parsed_errors": [

      ]
    },
    {
      "name": "function_introspection.chai",
      "status": "failed",
      "time": "0.0952206",
      "output": null,
      "parsed_errors": [

      ]
    },
    {
      "name": "for_each_retro.chai",
      "status": "failed",
      "time": "0.110826",
      "output": null,
      "parsed_errors": [

      ]
    },
    {
      "name": "function_array_adjacent.chai",
      "status": "failed",
      "time": "0.0952206",
      "output": null,
      "parsed_errors": [

      ]
    },
    {
      "name": "global_const_in_module.chai",
      "status": "failed",
      "time": "0.124981",
      "output": null,
      "parsed_errors": [

      ]
    },
    {
      "name": "global.chai",
      "status": "failed",
      "time": "0.124981",
      "output": null,
      "parsed_errors": [

      ]
    },
    {
      "name": "future.chai",
      "status": "failed",
      "time": "0.156244",
      "output": null,
      "parsed_errors": [

      ]
    },
    {
      "name": "function_reassignment.chai",
      "status": "failed",
      "time": "0.156244",
      "output": null,
      "parsed_errors": [

      ]
    },
    {
      "name": "function_redefinition.chai",
      "status": "failed",
      "time": "0.156244",
      "output": null,
      "parsed_errors": [

      ]
    },
    {
      "name": "generate_range.chai",
      "status": "failed",
      "time": "0.18758",
      "output": null,
      "parsed_errors": [

      ]
    },
    {
      "name": "if_elseif.chai",
      "status": "failed",
      "time": "0.125084",
      "output": null,
      "parsed_errors": [

      ]
    },
    {
      "name": "hashbang.chai",
      "status": "failed",
      "time": "0.125084",
      "output": null,
      "parsed_errors": [

      ]
    },
    {
      "name": "global_in_script.chai",
      "status": "failed",
      "time": "0.141491",
      "output": null,
      "parsed_errors": [

      ]
    },
    {
      "name": "if.chai",
      "status": "failed",
      "time": "0.125084",
      "output": null,
      "parsed_errors": [

      ]
    },
    {
      "name": "instring_eval.chai",
      "status": "failed",
      "time": "0.0780411",
      "output": null,
      "parsed_errors": [

      ]
    },
    {
      "name": "if_else.chai",
      "status": "failed",
      "time": "0.233696",
      "output": null,
      "parsed_errors": [

      ]
    },
    {
      "name": "inheritance.chai",
      "status": "failed",
      "time": "0.0780411",
      "output": null,
      "parsed_errors": [

      ]
    },
    {
      "name": "instring_eval_more.chai",
      "status": "failed",
      "time": "0.0942669",
      "output": null,
      "parsed_errors": [

      ]
    },
    {
      "name": "if_elseif_else.chai",
      "status": "failed",
      "time": "0.11006",
      "output": null,
      "parsed_errors": [

      ]
    },
    {
      "name": "index_operator.chai",
      "status": "failed",
      "time": "0.11006",
      "output": null,
      "parsed_errors": [

      ]
    },
    {
      "name": "is_undef.chai",
      "status": "failed",
      "time": "0.138849",
      "output": null,
      "parsed_errors": [

      ]
    },
    {
      "name": "lambda.chai",
      "status": "failed",
      "time": "0.138849",
      "output": null,
      "parsed_errors": [

      ]
    },
    {
      "name": "list_push_back.chai",
      "status": "failed",
      "time": "0.12505",
      "output": null,
      "parsed_errors": [

      ]
    },
    {
      "name": "invalid_function_assignment.chai",
      "status": "failed",
      "time": "0.155756",
      "output": null,
      "parsed_errors": [

      ]
    },
    {
      "name": "invalid_function_reassignment.chai",
      "status": "failed",
      "time": "0.138849",
      "output": null,
      "parsed_errors": [

      ]
    },
    {
      "name": "malformed_inline_map.chai",
      "status": "failed",
      "time": "0.0945568",
      "output": null,
      "parsed_errors": [

      ]
    },
    {
      "name": "logical_short_circuiting.chai",
      "status": "failed",
      "time": "0.110167",
      "output": null,
      "parsed_errors": [

      ]
    },
    {
      "name": "join.chai",
      "status": "failed",
      "time": "0.295868",
      "output": null,
      "parsed_errors": [

      ]
    },
    {
      "name": "loop_inner_outer.chai",
      "status": "failed",
      "time": "0.125782",
      "output": null,
      "parsed_errors": [

      ]
    },
    {
      "name": "list_push_front.chai",
      "status": "failed",
      "time": "0.125782",
      "output": null,
      "parsed_errors": [

      ]
    },
    {
      "name": "load_module.chai",
      "status": "failed",
      "time": "0.125782",
      "output": null,
      "parsed_errors": [

      ]
    },
    {
      "name": "map_access.chai",
      "status": "failed",
      "time": "0.0616989",
      "output": null,
      "parsed_errors": [

      ]
    },
    {
      "name": "math_add.chai",
      "status": "failed",
      "time": "0.0787315",
      "output": null,
      "parsed_errors": [

      ]
    },
    {
      "name": "math_add_mixed.chai",
      "status": "failed",
      "time": "0.0787315",
      "output": null,
      "parsed_errors": [

      ]
    },
    {
      "name": "map_count.chai",
      "status": "failed",
      "time": "0.0944252",
      "output": null,
      "parsed_errors": [

      ]
    },
    {
      "name": "map_inplace_init.chai",
      "status": "failed",
      "time": "0.109928",
      "output": null,
      "parsed_errors": [

      ]
    },
    {
      "name": "map.chai",
      "status": "failed",
      "time": "0.12475",
      "output": null,
      "parsed_errors": [

      ]
    },
    {
      "name": "math_inc.chai",
      "status": "failed",
      "time": "0.125301",
      "output": null,
      "parsed_errors": [

      ]
    },
    {
      "name": "math_mod.chai",
      "status": "failed",
      "time": "0.141466",
      "output": null,
      "parsed_errors": [

      ]
    },
    {
      "name": "math_mult.chai",
      "status": "failed",
      "time": "0.142355",
      "output": null,
      "parsed_errors": [

      ]
    },
    {
      "name": "math_negate.chai",
      "status": "failed",
      "time": "0.157051",
      "output": null,
      "parsed_errors": [

      ]
    },
    {
      "name": "math_dec.chai",
      "status": "failed",
      "time": "0.203382",
      "output": null,
      "parsed_errors": [

      ]
    },
    {
      "name": "math_div.chai",
      "status": "failed",
      "time": "0.187824",
      "output": null,
      "parsed_errors": [

      ]
    },
    {
      "name": "member_variable_access.chai",
      "status": "failed",
      "time": "0.249849",
      "output": null,
      "parsed_errors": [

      ]
    },
    {
      "name": "memberscope.chai",
      "status": "failed",
      "time": "0.249849",
      "output": null,
      "parsed_errors": [

      ]
    },
    {
      "name": "math_paren.chai",
      "status": "failed",
      "time": "0.265411",
      "output": null,
      "parsed_errors": [

      ]
    },
    {
      "name": "math_sub.chai",
      "status": "failed",
      "time": "0.265411",
      "output": null,
      "parsed_errors": [

      ]
    },
    {
      "name": "max.chai",
      "status": "failed",
      "time": "0.296871",
      "output": null,
      "parsed_errors": [

      ]
    },
    {
      "name": "mmd1.chai",
      "status": "failed",
      "time": "0.108574",
      "output": null,
      "parsed_errors": [

      ]
    },
    {
      "name": "method_missing.chai",
      "status": "failed",
      "time": "0.389854",
      "output": null,
      "parsed_errors": [

      ]
    },
    {
      "name": "min.chai",
      "status": "failed",
      "time": "0.124992",
      "output": null,
      "parsed_errors": [

      ]
    },
    {
      "name": "mmd2.chai",
      "status": "failed",
      "time": "0.109402",
      "output": null,
      "parsed_errors": [

      ]
    },
    {
      "name": "method_sugar.chai",
      "status": "failed",
      "time": "0.124992",
      "output": null,
      "parsed_errors": [

      ]
    },
    {
      "name": "object_attr.chai",
      "status": "failed",
      "time": "0.203123",
      "output": null,
      "parsed_errors": [

      ]
    },
    {
      "name": "multiline_oper.chai",
      "status": "failed",
      "time": "0.218637",
      "output": null,
      "parsed_errors": [

      ]
    },
    {
      "name": "null_object_access.chai",
      "status": "failed",
      "time": "0.218851",
      "output": null,
      "parsed_errors": [

      ]
    },
    {
      "name": "number_formats.chai",
      "status": "failed",
      "time": "0.218851",
      "output": null,
      "parsed_errors": [

      ]
    },
    {
      "name": "multiline.chai",
      "status": "failed",
      "time": "0.234365",
      "output": null,
      "parsed_errors": [

      ]
    },
    {
      "name": "number_suffixes.chai",
      "status": "failed",
      "time": "0.376705",
      "output": null,
      "parsed_errors": [

      ]
    },
    {
      "name": "object_attr_same_name.chai",
      "status": "failed",
      "time": "0.142326",
      "output": null,
      "parsed_errors": [

      ]
    },
    {
      "name": "object_constructor_guards.chai",
      "status": "failed",
      "time": "0.126703",
      "output": null,
      "parsed_errors": [

      ]
    },
    {
      "name": "object_method_guards.chai",
      "status": "failed",
      "time": "0.126703",
      "output": null,
      "parsed_errors": [

      ]
    },
    {
      "name": "object_clone.chai",
      "status": "failed",
      "time": "0.141413",
      "output": null,
      "parsed_errors": [

      ]
    },
    {
      "name": "odd.chai",
      "status": "failed",
      "time": "0.171936",
      "output": null,
      "parsed_errors": [

      ]
    },
    {
      "name": "operator_overload2.chai",
      "status": "failed",
      "time": "0.124361",
      "output": null,
      "parsed_errors": [

      ]
    },
    {
      "name": "operator_scoping.chai",
      "status": "failed",
      "time": "0.139997",
      "output": null,
      "parsed_errors": [

      ]
    },
    {
      "name": "operators_float.chai",
      "status": "failed",
      "time": "0.139997",
      "output": null,
      "parsed_errors": [

      ]
    },
    {
      "name": "operator_overload.chai",
      "status": "failed",
      "time": "0.15626",
      "output": null,
      "parsed_errors": [

      ]
    },
    {
      "name": "operators_int.chai",
      "status": "failed",
      "time": "0.171822",
      "output": null,
      "parsed_errors": [

      ]
    },
    {
      "name": "performance.chai",
      "status": "failed",
      "time": "0.0781193",
      "output": null,
      "parsed_errors": [

      ]
    },
    {
      "name": "pointer_passed_to_constructor.chai",
      "status": "failed",
      "time": "0.0945358",
      "output": null,
      "parsed_errors": [

      ]
    },
    {
      "name": "precedence_1.chai",
      "status": "failed",
      "time": "0.0945358",
      "output": null,
      "parsed_errors": [

      ]
    },
    {
      "name": "pair.chai",
      "status": "failed",
      "time": "0.110167",
      "output": null,
      "parsed_errors": [

      ]
    },
    {
      "name": "pass_by_reference.chai",
      "status": "failed",
      "time": "0.110167",
      "output": null,
      "parsed_errors": [

      ]
    },
    {
      "name": "range.chai",
      "status": "failed",
      "time": "0.0937557",
      "output": null,
      "parsed_errors": [

      ]
    },
    {
      "name": "range_back.chai",
      "status": "failed",
      "time": "0.0937557",
      "output": null,
      "parsed_errors": [

      ]
    },
    {
      "name": "precedence_eq.chai",
      "status": "failed",
      "time": "0.0937557",
      "output": null,
      "parsed_errors": [

      ]
    },
    {
      "name": "product.chai",
      "status": "failed",
      "time": "0.0937557",
      "output": null,
      "parsed_errors": [

      ]
    },
    {
      "name": "precedence_2.chai",
      "status": "failed",
      "time": "0.107641",
      "output": null,
      "parsed_errors": [

      ]
    },
    {
      "name": "precedence_3.chai",
      "status": "failed",
      "time": "0.107641",
      "output": null,
      "parsed_errors": [

      ]
    },
    {
      "name": "range_inplace.chai",
      "status": "failed",
      "time": "0.0451488",
      "output": null,
      "parsed_errors": [

      ]
    },
    {
      "name": "reflection_test.chai",
      "status": "failed",
      "time": "0.10766",
      "output": null,
      "parsed_errors": [

      ]
    },
    {
      "name": "retro.chai",
      "status": "failed",
      "time": "0.0934906",
      "output": null,
      "parsed_errors": [

      ]
    },
    {
      "name": "reduce.chai",
      "status": "failed",
      "time": "0.10766",
      "output": null,
      "parsed_errors": [

      ]
    },
    {
      "name": "range_contains.chai",
      "status": "failed",
      "time": "0.124989",
      "output": null,
      "parsed_errors": [

      ]
    },
    {
      "name": "range_find.chai",
      "status": "failed",
      "time": "0.124989",
      "output": null,
      "parsed_errors": [

      ]
    },
    {
      "name": "scoping.chai",
      "status": "failed",
      "time": "0.141405",
      "output": null,
      "parsed_errors": [

      ]
    },
    {
      "name": "runtime_error.chai",
      "status": "failed",
      "time": "0.155296",
      "output": null,
      "parsed_errors": [

      ]
    },
    {
      "name": "shift.chai",
      "status": "failed",
      "time": "0.141405",
      "output": null,
      "parsed_errors": [

      ]
    },
    {
      "name": "retroretro.chai",
      "status": "failed",
      "time": "0.155296",
      "output": null,
      "parsed_errors": [

      ]
    },
    {
      "name": "return.chai",
      "status": "failed",
      "time": "0.170162",
      "output": null,
      "parsed_errors": [

      ]
    },
    {
      "name": "string_charptr.chai",
      "status": "failed",
      "time": "0.187502",
      "output": null,
      "parsed_errors": [

      ]
    },
    {
      "name": "string_find_first_of.chai",
      "status": "failed",
      "time": "0.124992",
      "output": null,
      "parsed_errors": [

      ]
    },
    {
      "name": "string_find_last_not_of.chai",
      "status": "failed",
      "time": "0.124992",
      "output": null,
      "parsed_errors": [

      ]
    },
    {
      "name": "string_concat.chai",
      "status": "failed",
      "time": "0.140169",
      "output": null,
      "parsed_errors": [

      ]
    },
    {
      "name": "string_find.chai",
      "status": "failed",
      "time": "0.140169",
      "output": null,
      "parsed_errors": [

      ]
    },
    {
      "name": "string_size.chai",
      "status": "failed",
      "time": "0.0944405",
      "output": null,
      "parsed_errors": [

      ]
    },
    {
      "name": "string_find_first_not_of.chai",
      "status": "failed",
      "time": "0.265856",
      "output": null,
      "parsed_errors": [

      ]
    },
    {
      "name": "string_rfind.chai",
      "status": "failed",
      "time": "0.0944405",
      "output": null,
      "parsed_errors": [

      ]
    },
    {
      "name": "string_literal_access.chai",
      "status": "failed",
      "time": "0.109394",
      "output": null,
      "parsed_errors": [

      ]
    },
    {
      "name": "string_find_last_of.chai",
      "status": "failed",
      "time": "0.124067",
      "output": null,
      "parsed_errors": [

      ]
    },
    {
      "name": "string_init.chai",
      "status": "failed",
      "time": "0.109394",
      "output": null,
      "parsed_errors": [

      ]
    },
    {
      "name": "switch_break.chai",
      "status": "failed",
      "time": "0.124992",
      "output": null,
      "parsed_errors": [

      ]
    },
    {
      "name": "switch_empty.chai",
      "status": "failed",
      "time": "0.108679",
      "output": null,
      "parsed_errors": [

      ]
    },
    {
      "name": "switch_fallthru.chai",
      "status": "failed",
      "time": "0.108679",
      "output": null,
      "parsed_errors": [

      ]
    },
    {
      "name": "switch_default.chai",
      "status": "failed",
      "time": "0.124302",
      "output": null,
      "parsed_errors": [

      ]
    },
    {
      "name": "string_substr.chai",
      "status": "failed",
      "time": "0.140615",
      "output": null,
      "parsed_errors": [

      ]
    },
    {
      "name": "sum.chai",
      "status": "failed",
      "time": "0.140615",
      "output": null,
      "parsed_errors": [

      ]
    },
    {
      "name": "ternary_condition.chai",
      "status": "failed",
      "time": "0.0781403",
      "output": null,
      "parsed_errors": [

      ]
    },
    {
      "name": "take_while.chai",
      "status": "failed",
      "time": "0.0923233",
      "output": null,
      "parsed_errors": [

      ]
    },
    {
      "name": "take.chai",
      "status": "failed",
      "time": "0.107935",
      "output": null,
      "parsed_errors": [

      ]
    },
    {
      "name": "temporary_lifetime.chai",
      "status": "failed",
      "time": "0.0937519",
      "output": null,
      "parsed_errors": [

      ]
    },
    {
      "name": "switch_fallthru_and_break.chai",
      "status": "failed",
      "time": "0.107935",
      "output": null,
      "parsed_errors": [

      ]
    },
    {
      "name": "system_introspection.chai",
      "status": "failed",
      "time": "0.107935",
      "output": null,
      "parsed_errors": [

      ]
    },
    {
      "name": "var_ref_decl.chai",
      "status": "failed",
      "time": "0.0627956",
      "output": null,
      "parsed_errors": [

      ]
    },
    {
      "name": "user_defined_conversions_2.chai",
      "status": "failed",
      "time": "0.0627956",
      "output": null,
      "parsed_errors": [

      ]
    },
    {
      "name": "user_defined_conversions.chai",
      "status": "failed",
      "time": "0.0778084",
      "output": null,
      "parsed_errors": [

      ]
    },
    {
      "name": "var_decl.chai",
      "status": "failed",
      "time": "0.0627956",
      "output": null,
      "parsed_errors": [

      ]
    },
    {
      "name": "type_info.chai",
      "status": "failed",
      "time": "0.0778084",
      "output": null,
      "parsed_errors": [

      ]
    },
    {
      "name": "use.chai",
      "status": "failed",
      "time": "0.0940914",
      "output": null,
      "parsed_errors": [

      ]
    },
    {
      "name": "vector_literal_acccess.chai",
      "status": "failed",
      "time": "0.0936909",
      "output": null,
      "parsed_errors": [

      ]
    },
    {
      "name": "vector_inplace_init.chai",
      "status": "failed",
      "time": "0.0936909",
      "output": null,
      "parsed_errors": [

      ]
    },
    {
      "name": "vector_erase_at.chai",
      "status": "failed",
      "time": "0.109324",
      "output": null,
      "parsed_errors": [

      ]
    },
    {
      "name": "vector_insert_at.chai",
      "status": "failed",
      "time": "0.109324",
      "output": null,
      "parsed_errors": [

      ]
    },
    {
      "name": "variable_redefinition.chai",
      "status": "failed",
      "time": "0.124235",
      "output": null,
      "parsed_errors": [

      ]
    },
    {
      "name": "vector_access.chai",
      "status": "failed",
      "time": "0.124235",
      "output": null,
      "parsed_errors": [

      ]
    },
    {
      "name": "vector_push_empty.chai",
      "status": "failed",
      "time": "0.203077",
      "output": null,
      "parsed_errors": [

      ]
    },
    {
      "name": "zip.chai",
      "status": "failed",
      "time": "0.187452",
      "output": null,
      "parsed_errors": [

      ]
    },
    {
      "name": "vector_push_back.chai",
      "status": "failed",
      "time": "0.203077",
      "output": null,
      "parsed_errors": [

      ]
    },
    {
      "name": "vector_of_one.chai",
      "status": "failed",
      "time": "0.234358",
      "output": null,
      "parsed_errors": [

      ]
    },
    {
      "name": "vector_of_suffixed_numbers.chai",
      "status": "failed",
      "time": "0.234154",
      "output": null,
      "parsed_errors": [

      ]
    },
    {
      "name": "vector_paren_literal_access.chai",
      "status": "failed",
      "time": "0.296688",
      "output": null,
      "parsed_errors": [

      ]
    },
    {
      "name": "Function objects can be created from chaiscript functions",
      "status": "failed",
      "time": "0.0318089",
      "output": "\n~~~~~~~~~~~~~~~~~~~~~~~~~~~~~~~~~~~~~~~~~~~~~~~~~~~~~~~~~~~~~~~~~~~~~~~~~~~~~~~\ncompiled_tests.exe is a Catch v1.1 b1 host application.\nRun with -? for options\n\n-------------------------------------------------------------------------------\nFunction objects can be created from chaiscript functions\n-------------------------------------------------------------------------------\nc:\\programming\\10914850\\runs\\cs-ef92b6619e-i386-vs14\\unittests\\compiled_tests.cpp(79)\n...............................................................................\n\nc:\\programming\\10914850\\runs\\cs-ef92b6619e-i386-vs14\\unittests\\compiled_tests.cpp(79): FAILED:\ndue to unexpected exception with message:\n  Unable to find module: chaiscript_stdlib-5.7.0 Errors: The specified module\n  could not be found.\n  ; The specified module could not be found.\n  ; The specified module could not be found.\n  ; The specified module could not be found.\n  ; The specified module could not be found.\n  ; The specified module could not be found.\n  ; The specified module could not be found.\n  ; The specified module could not be found.\n  ; The specified module could not be found.\n  ; The specified module could not be found.\n  ; The specified module could not be found.\n  ; The specified module could not be found.\n  \n\n===============================================================================\ntest cases: 1 | 1 failed\nassertions: 1 | 1 failed\n\n",
      "parsed_errors": [

      ]
    },
    {
      "name": "ChaiScript can be created and destroyed on heap",
      "status": "failed",
      "time": "0.0318089",
      "output": "\n~~~~~~~~~~~~~~~~~~~~~~~~~~~~~~~~~~~~~~~~~~~~~~~~~~~~~~~~~~~~~~~~~~~~~~~~~~~~~~~\ncompiled_tests.exe is a Catch v1.1 b1 host application.\nRun with -? for options\n\n-------------------------------------------------------------------------------\nChaiScript can be created and destroyed on heap\n-------------------------------------------------------------------------------\nc:\\programming\\10914850\\runs\\cs-ef92b6619e-i386-vs14\\unittests\\compiled_tests.cpp(94)\n...............................................................................\n\nc:\\programming\\10914850\\runs\\cs-ef92b6619e-i386-vs14\\unittests\\compiled_tests.cpp(94): FAILED:\ndue to unexpected exception with message:\n  Unable to find module: chaiscript_stdlib-5.7.0 Errors: The specified module\n  could not be found.\n  ; The specified module could not be found.\n  ; The specified module could not be found.\n  ; The specified module could not be found.\n  ; The specified module could not be found.\n  ; The specified module could not be found.\n  ; The specified module could not be found.\n  ; The specified module could not be found.\n  ; The specified module could not be found.\n  ; The specified module could not be found.\n  ; The specified module could not be found.\n  ; The specified module could not be found.\n  \n\n===============================================================================\ntest cases: 1 | 1 failed\nassertions: 1 | 1 failed\n\n",
      "parsed_errors": [

      ]
    },
    {
      "name": "Dynamic_Object attributes can be shared with C++",
      "status": "failed",
      "time": "0.0318089",
      "output": "\n~~~~~~~~~~~~~~~~~~~~~~~~~~~~~~~~~~~~~~~~~~~~~~~~~~~~~~~~~~~~~~~~~~~~~~~~~~~~~~~\ncompiled_tests.exe is a Catch v1.1 b1 host application.\nRun with -? for options\n\n-------------------------------------------------------------------------------\nDynamic_Object attributes can be shared with C++\n-------------------------------------------------------------------------------\nc:\\programming\\10914850\\runs\\cs-ef92b6619e-i386-vs14\\unittests\\compiled_tests.cpp(52)\n...............................................................................\n\nc:\\programming\\10914850\\runs\\cs-ef92b6619e-i386-vs14\\unittests\\compiled_tests.cpp(52): FAILED:\ndue to unexpected exception with message:\n  Unable to find module: chaiscript_stdlib-5.7.0 Errors: The specified module\n  could not be found.\n  ; The specified module could not be found.\n  ; The specified module could not be found.\n  ; The specified module could not be found.\n  ; The specified module could not be found.\n  ; The specified module could not be found.\n  ; The specified module could not be found.\n  ; The specified module could not be found.\n  ; The specified module could not be found.\n  ; The specified module could not be found.\n  ; The specified module could not be found.\n  ; The specified module could not be found.\n  \n\n===============================================================================\ntest cases: 1 | 1 failed\nassertions: 1 | 1 failed\n\n",
      "parsed_errors": [

      ]
    },
    {
      "name": "zip_with.chai",
      "status": "failed",
      "time": "0.0781002",
      "output": null,
      "parsed_errors": [

      ]
    },
    {
      "name": "C++11 Lambdas Can Be Registered",
      "status": "failed",
      "time": "0.061739",
      "output": "\n~~~~~~~~~~~~~~~~~~~~~~~~~~~~~~~~~~~~~~~~~~~~~~~~~~~~~~~~~~~~~~~~~~~~~~~~~~~~~~~\ncompiled_tests.exe is a Catch v1.1 b1 host application.\nRun with -? for options\n\n-------------------------------------------------------------------------------\nC++11 Lambdas Can Be Registered\n-------------------------------------------------------------------------------\nc:\\programming\\10914850\\runs\\cs-ef92b6619e-i386-vs14\\unittests\\compiled_tests.cpp(33)\n...............................................................................\n\nc:\\programming\\10914850\\runs\\cs-ef92b6619e-i386-vs14\\unittests\\compiled_tests.cpp(33): FAILED:\ndue to unexpected exception with message:\n  Unable to find module: chaiscript_stdlib-5.7.0 Errors: The specified module\n  could not be found.\n  ; The specified module could not be found.\n  ; The specified module could not be found.\n  ; The specified module could not be found.\n  ; The specified module could not be found.\n  ; The specified module could not be found.\n  ; The specified module could not be found.\n  ; The specified module could not be found.\n  ; The specified module could not be found.\n  ; The specified module could not be found.\n  ; The specified module could not be found.\n  ; The specified module could not be found.\n  \n\n===============================================================================\ntest cases: 1 | 1 failed\nassertions: 1 | 1 failed\n\n",
      "parsed_errors": [

      ]
    },
    {
      "name": "Throw unhandled type",
      "status": "failed",
      "time": "0.0159492",
      "output": "\n~~~~~~~~~~~~~~~~~~~~~~~~~~~~~~~~~~~~~~~~~~~~~~~~~~~~~~~~~~~~~~~~~~~~~~~~~~~~~~~\ncompiled_tests.exe is a Catch v1.1 b1 host application.\nRun with -? for options\n\n-------------------------------------------------------------------------------\nThrow unhandled type\n-------------------------------------------------------------------------------\nc:\\programming\\10914850\\runs\\cs-ef92b6619e-i386-vs14\\unittests\\compiled_tests.cpp(224)\n...............................................................................\n\nc:\\programming\\10914850\\runs\\cs-ef92b6619e-i386-vs14\\unittests\\compiled_tests.cpp(224): FAILED:\ndue to unexpected exception with message:\n  Unable to find module: chaiscript_stdlib-5.7.0 Errors: The specified module\n  could not be found.\n  ; The specified module could not be found.\n  ; The specified module could not be found.\n  ; The specified module could not be found.\n  ; The specified module could not be found.\n  ; The specified module could not be found.\n  ; The specified module could not be found.\n  ; The specified module could not be found.\n  ; The specified module could not be found.\n  ; The specified module could not be found.\n  ; The specified module could not be found.\n  ; The specified module could not be found.\n  \n\n===============================================================================\ntest cases: 1 | 1 failed\nassertions: 1 | 1 failed\n\n",
      "parsed_errors": [

      ]
    },
    {
      "name": "Throw int or double",
      "status": "failed",
      "time": "0.0309658",
      "output": "\n~~~~~~~~~~~~~~~~~~~~~~~~~~~~~~~~~~~~~~~~~~~~~~~~~~~~~~~~~~~~~~~~~~~~~~~~~~~~~~~\ncompiled_tests.exe is a Catch v1.1 b1 host application.\nRun with -? for options\n\n-------------------------------------------------------------------------------\nThrow int or double\n-------------------------------------------------------------------------------\nc:\\programming\\10914850\\runs\\cs-ef92b6619e-i386-vs14\\unittests\\compiled_tests.cpp(192)\n...............................................................................\n\nc:\\programming\\10914850\\runs\\cs-ef92b6619e-i386-vs14\\unittests\\compiled_tests.cpp(192): FAILED:\ndue to unexpected exception with message:\n  Unable to find module: chaiscript_stdlib-5.7.0 Errors: The specified module\n  could not be found.\n  ; The specified module could not be found.\n  ; The specified module could not be found.\n  ; The specified module could not be found.\n  ; The specified module could not be found.\n  ; The specified module could not be found.\n  ; The specified module could not be found.\n  ; The specified module could not be found.\n  ; The specified module could not be found.\n  ; The specified module could not be found.\n  ; The specified module could not be found.\n  ; The specified module could not be found.\n  \n\n===============================================================================\ntest cases: 1 | 1 failed\nassertions: 1 | 1 failed\n\n",
      "parsed_errors": [

      ]
    },
    {
      "name": "Throw a runtime_error",
      "status": "failed",
      "time": "0.0159492",
      "output": "\n~~~~~~~~~~~~~~~~~~~~~~~~~~~~~~~~~~~~~~~~~~~~~~~~~~~~~~~~~~~~~~~~~~~~~~~~~~~~~~~\ncompiled_tests.exe is a Catch v1.1 b1 host application.\nRun with -? for options\n\n-------------------------------------------------------------------------------\nThrow a runtime_error\n-------------------------------------------------------------------------------\nc:\\programming\\10914850\\runs\\cs-ef92b6619e-i386-vs14\\unittests\\compiled_tests.cpp(204)\n...............................................................................\n\nc:\\programming\\10914850\\runs\\cs-ef92b6619e-i386-vs14\\unittests\\compiled_tests.cpp(204): FAILED:\ndue to unexpected exception with message:\n  Unable to find module: chaiscript_stdlib-5.7.0 Errors: The specified module\n  could not be found.\n  ; The specified module could not be found.\n  ; The specified module could not be found.\n  ; The specified module could not be found.\n  ; The specified module could not be found.\n  ; The specified module could not be found.\n  ; The specified module could not be found.\n  ; The specified module could not be found.\n  ; The specified module could not be found.\n  ; The specified module could not be found.\n  ; The specified module could not be found.\n  ; The specified module could not be found.\n  \n\n===============================================================================\ntest cases: 1 | 1 failed\nassertions: 1 | 1 failed\n\n",
      "parsed_errors": [

      ]
    },
    {
      "name": "Throw an int",
      "status": "failed",
      "time": "0.0309658",
      "output": "\n~~~~~~~~~~~~~~~~~~~~~~~~~~~~~~~~~~~~~~~~~~~~~~~~~~~~~~~~~~~~~~~~~~~~~~~~~~~~~~~\ncompiled_tests.exe is a Catch v1.1 b1 host application.\nRun with -? for options\n\n-------------------------------------------------------------------------------\nThrow an int\n-------------------------------------------------------------------------------\nc:\\programming\\10914850\\runs\\cs-ef92b6619e-i386-vs14\\unittests\\compiled_tests.cpp(180)\n...............................................................................\n\nc:\\programming\\10914850\\runs\\cs-ef92b6619e-i386-vs14\\unittests\\compiled_tests.cpp(180): FAILED:\ndue to unexpected exception with message:\n  Unable to find module: chaiscript_stdlib-5.7.0 Errors: The specified module\n  could not be found.\n  ; The specified module could not be found.\n  ; The specified module could not be found.\n  ; The specified module could not be found.\n  ; The specified module could not be found.\n  ; The specified module could not be found.\n  ; The specified module could not be found.\n  ; The specified module could not be found.\n  ; The specified module could not be found.\n  ; The specified module could not be found.\n  ; The specified module could not be found.\n  ; The specified module could not be found.\n  \n\n===============================================================================\ntest cases: 1 | 1 failed\nassertions: 1 | 1 failed\n\n",
      "parsed_errors": [

      ]
    },
    {
      "name": "Test automatic arithmetic conversions",
      "status": "failed",
      "time": "0.0309658",
      "output": "\n~~~~~~~~~~~~~~~~~~~~~~~~~~~~~~~~~~~~~~~~~~~~~~~~~~~~~~~~~~~~~~~~~~~~~~~~~~~~~~~\ncompiled_tests.exe is a Catch v1.1 b1 host application.\nRun with -? for options\n\n-------------------------------------------------------------------------------\nTest automatic arithmetic conversions\n-------------------------------------------------------------------------------\nc:\\programming\\10914850\\runs\\cs-ef92b6619e-i386-vs14\\unittests\\compiled_tests.cpp(126)\n...............................................................................\n\nc:\\programming\\10914850\\runs\\cs-ef92b6619e-i386-vs14\\unittests\\compiled_tests.cpp(126): FAILED:\ndue to unexpected exception with message:\n  Unable to find module: chaiscript_stdlib-5.7.0 Errors: The specified module\n  could not be found.\n  ; The specified module could not be found.\n  ; The specified module could not be found.\n  ; The specified module could not be found.\n  ; The specified module could not be found.\n  ; The specified module could not be found.\n  ; The specified module could not be found.\n  ; The specified module could not be found.\n  ; The specified module could not be found.\n  ; The specified module could not be found.\n  ; The specified module could not be found.\n  ; The specified module could not be found.\n  \n\n===============================================================================\ntest cases: 1 | 1 failed\nassertions: 1 | 1 failed\n\n",
      "parsed_errors": [

      ]
    },
    {
      "name": "Generic exception handling with C++",
      "status": "failed",
      "time": "0.0309658",
      "output": "\n~~~~~~~~~~~~~~~~~~~~~~~~~~~~~~~~~~~~~~~~~~~~~~~~~~~~~~~~~~~~~~~~~~~~~~~~~~~~~~~\ncompiled_tests.exe is a Catch v1.1 b1 host application.\nRun with -? for options\n\n-------------------------------------------------------------------------------\nGeneric exception handling with C++\n-------------------------------------------------------------------------------\nc:\\programming\\10914850\\runs\\cs-ef92b6619e-i386-vs14\\unittests\\compiled_tests.cpp(167)\n...............................................................................\n\nc:\\programming\\10914850\\runs\\cs-ef92b6619e-i386-vs14\\unittests\\compiled_tests.cpp(167): FAILED:\ndue to unexpected exception with message:\n  Unable to find module: chaiscript_stdlib-5.7.0 Errors: The specified module\n  could not be found.\n  ; The specified module could not be found.\n  ; The specified module could not be found.\n  ; The specified module could not be found.\n  ; The specified module could not be found.\n  ; The specified module could not be found.\n  ; The specified module could not be found.\n  ; The specified module could not be found.\n  ; The specified module could not be found.\n  ; The specified module could not be found.\n  ; The specified module could not be found.\n  ; The specified module could not be found.\n  \n\n===============================================================================\ntest cases: 1 | 1 failed\nassertions: 1 | 1 failed\n\n",
      "parsed_errors": [

      ]
    },
    {
      "name": "Short comparison with int",
      "status": "failed",
      "time": "0.0165768",
      "output": "\n~~~~~~~~~~~~~~~~~~~~~~~~~~~~~~~~~~~~~~~~~~~~~~~~~~~~~~~~~~~~~~~~~~~~~~~~~~~~~~~\ncompiled_tests.exe is a Catch v1.1 b1 host application.\nRun with -? for options\n\n-------------------------------------------------------------------------------\nShort comparison with int\n-------------------------------------------------------------------------------\nc:\\programming\\10914850\\runs\\cs-ef92b6619e-i386-vs14\\unittests\\compiled_tests.cpp(405)\n...............................................................................\n\nc:\\programming\\10914850\\runs\\cs-ef92b6619e-i386-vs14\\unittests\\compiled_tests.cpp(405): FAILED:\ndue to unexpected exception with message:\n  Unable to find module: chaiscript_stdlib-5.7.0 Errors: The specified module\n  could not be found.\n  ; The specified module could not be found.\n  ; The specified module could not be found.\n  ; The specified module could not be found.\n  ; The specified module could not be found.\n  ; The specified module could not be found.\n  ; The specified module could not be found.\n  ; The specified module could not be found.\n  ; The specified module could not be found.\n  ; The specified module could not be found.\n  ; The specified module could not be found.\n  ; The specified module could not be found.\n  \n\n===============================================================================\ntest cases: 1 | 1 failed\nassertions: 1 | 1 failed\n\n",
      "parsed_errors": [

      ]
    },
    {
      "name": "Set and restore chai state",
      "status": "failed",
      "time": "0.0165768",
      "output": "\n~~~~~~~~~~~~~~~~~~~~~~~~~~~~~~~~~~~~~~~~~~~~~~~~~~~~~~~~~~~~~~~~~~~~~~~~~~~~~~~\ncompiled_tests.exe is a Catch v1.1 b1 host application.\nRun with -? for options\n\n-------------------------------------------------------------------------------\nSet and restore chai state\n-------------------------------------------------------------------------------\nc:\\programming\\10914850\\runs\\cs-ef92b6619e-i386-vs14\\unittests\\compiled_tests.cpp(359)\n...............................................................................\n\nc:\\programming\\10914850\\runs\\cs-ef92b6619e-i386-vs14\\unittests\\compiled_tests.cpp(359): FAILED:\ndue to unexpected exception with message:\n  Unable to find module: chaiscript_stdlib-5.7.0 Errors: The specified module\n  could not be found.\n  ; The specified module could not be found.\n  ; The specified module could not be found.\n  ; The specified module could not be found.\n  ; The specified module could not be found.\n  ; The specified module could not be found.\n  ; The specified module could not be found.\n  ; The specified module could not be found.\n  ; The specified module could not be found.\n  ; The specified module could not be found.\n  ; The specified module could not be found.\n  ; The specified module could not be found.\n  \n\n===============================================================================\ntest cases: 1 | 1 failed\nassertions: 1 | 1 failed\n\n",
      "parsed_errors": [

      ]
    },
    {
      "name": "Test lookup of type names",
      "status": "failed",
      "time": "0.0165768",
      "output": "\n~~~~~~~~~~~~~~~~~~~~~~~~~~~~~~~~~~~~~~~~~~~~~~~~~~~~~~~~~~~~~~~~~~~~~~~~~~~~~~~\ncompiled_tests.exe is a Catch v1.1 b1 host application.\nRun with -? for options\n\n-------------------------------------------------------------------------------\nTest lookup of type names\n-------------------------------------------------------------------------------\nc:\\programming\\10914850\\runs\\cs-ef92b6619e-i386-vs14\\unittests\\compiled_tests.cpp(428)\n...............................................................................\n\nc:\\programming\\10914850\\runs\\cs-ef92b6619e-i386-vs14\\unittests\\compiled_tests.cpp(428): FAILED:\ndue to unexpected exception with message:\n  Unable to find module: chaiscript_stdlib-5.7.0 Errors: The specified module\n  could not be found.\n  ; The specified module could not be found.\n  ; The specified module could not be found.\n  ; The specified module could not be found.\n  ; The specified module could not be found.\n  ; The specified module could not be found.\n  ; The specified module could not be found.\n  ; The specified module could not be found.\n  ; The specified module could not be found.\n  ; The specified module could not be found.\n  ; The specified module could not be found.\n  ; The specified module could not be found.\n  \n\n===============================================================================\ntest cases: 1 | 1 failed\nassertions: 1 | 1 failed\n\n",
      "parsed_errors": [

      ]
    },
    {
      "name": "Functor cast",
      "status": "failed",
      "time": "0.0469151",
      "output": "\n~~~~~~~~~~~~~~~~~~~~~~~~~~~~~~~~~~~~~~~~~~~~~~~~~~~~~~~~~~~~~~~~~~~~~~~~~~~~~~~\ncompiled_tests.exe is a Catch v1.1 b1 host application.\nRun with -? for options\n\n-------------------------------------------------------------------------------\nFunctor cast\n-------------------------------------------------------------------------------\nc:\\programming\\10914850\\runs\\cs-ef92b6619e-i386-vs14\\unittests\\compiled_tests.cpp(339)\n...............................................................................\n\nc:\\programming\\10914850\\runs\\cs-ef92b6619e-i386-vs14\\unittests\\compiled_tests.cpp(339): FAILED:\ndue to unexpected exception with message:\n  Unable to find module: chaiscript_stdlib-5.7.0 Errors: The specified module\n  could not be found.\n  ; The specified module could not be found.\n  ; The specified module could not be found.\n  ; The specified module could not be found.\n  ; The specified module could not be found.\n  ; The specified module could not be found.\n  ; The specified module could not be found.\n  ; The specified module could not be found.\n  ; The specified module could not be found.\n  ; The specified module could not be found.\n  ; The specified module could not be found.\n  ; The specified module could not be found.\n  \n\n===============================================================================\ntest cases: 1 | 1 failed\nassertions: 1 | 1 failed\n\n",
      "parsed_errors": [

      ]
    },
    {
      "name": "No unexpected exceptions leak",
      "status": "failed",
      "time": "0.0469151",
      "output": "\n~~~~~~~~~~~~~~~~~~~~~~~~~~~~~~~~~~~~~~~~~~~~~~~~~~~~~~~~~~~~~~~~~~~~~~~~~~~~~~~\ncompiled_tests.exe is a Catch v1.1 b1 host application.\nRun with -? for options\n\n-------------------------------------------------------------------------------\nNo unexpected exceptions leak\n-------------------------------------------------------------------------------\nc:\\programming\\10914850\\runs\\cs-ef92b6619e-i386-vs14\\unittests\\compiled_tests.cpp(253)\n...............................................................................\n\nc:\\programming\\10914850\\runs\\cs-ef92b6619e-i386-vs14\\unittests\\compiled_tests.cpp(253): FAILED:\ndue to unexpected exception with message:\n  Unable to find module: chaiscript_stdlib-5.7.0 Errors: The specified module\n  could not be found.\n  ; The specified module could not be found.\n  ; The specified module could not be found.\n  ; The specified module could not be found.\n  ; The specified module could not be found.\n  ; The specified module could not be found.\n  ; The specified module could not be found.\n  ; The specified module could not be found.\n  ; The specified module could not be found.\n  ; The specified module could not be found.\n  ; The specified module could not be found.\n  ; The specified module could not be found.\n  \n\n===============================================================================\ntest cases: 1 | 1 failed\nassertions: 1 | 1 failed\n\n",
      "parsed_errors": [

      ]
    },
    {
      "name": "Function ordering",
      "status": "failed",
      "time": "0.0469151",
      "output": "\n~~~~~~~~~~~~~~~~~~~~~~~~~~~~~~~~~~~~~~~~~~~~~~~~~~~~~~~~~~~~~~~~~~~~~~~~~~~~~~~\ncompiled_tests.exe is a Catch v1.1 b1 host application.\nRun with -? for options\n\n-------------------------------------------------------------------------------\nFunction ordering\n-------------------------------------------------------------------------------\nc:\\programming\\10914850\\runs\\cs-ef92b6619e-i386-vs14\\unittests\\compiled_tests.cpp(316)\n...............................................................................\n\nc:\\programming\\10914850\\runs\\cs-ef92b6619e-i386-vs14\\unittests\\compiled_tests.cpp(316): FAILED:\ndue to unexpected exception with message:\n  Unable to find module: chaiscript_stdlib-5.7.0 Errors: The specified module\n  could not be found.\n  ; The specified module could not be found.\n  ; The specified module could not be found.\n  ; The specified module could not be found.\n  ; The specified module could not be found.\n  ; The specified module could not be found.\n  ; The specified module could not be found.\n  ; The specified module could not be found.\n  ; The specified module could not be found.\n  ; The specified module could not be found.\n  ; The specified module could not be found.\n  ; The specified module could not be found.\n  \n\n===============================================================================\ntest cases: 1 | 1 failed\nassertions: 1 | 1 failed\n\n",
      "parsed_errors": [

      ]
    },
    {
      "name": "Object lifetime test 2",
      "status": "failed",
      "time": "0.0154591",
      "output": "\n~~~~~~~~~~~~~~~~~~~~~~~~~~~~~~~~~~~~~~~~~~~~~~~~~~~~~~~~~~~~~~~~~~~~~~~~~~~~~~~\ncompiled_tests.exe is a Catch v1.1 b1 host application.\nRun with -? for options\n\n-------------------------------------------------------------------------------\nObject lifetime test 2\n-------------------------------------------------------------------------------\nc:\\programming\\10914850\\runs\\cs-ef92b6619e-i386-vs14\\unittests\\compiled_tests.cpp(697)\n...............................................................................\n\nc:\\programming\\10914850\\runs\\cs-ef92b6619e-i386-vs14\\unittests\\compiled_tests.cpp(697): FAILED:\ndue to unexpected exception with message:\n  Unable to find module: chaiscript_stdlib-5.7.0 Errors: The specified module\n  could not be found.\n  ; The specified module could not be found.\n  ; The specified module could not be found.\n  ; The specified module could not be found.\n  ; The specified module could not be found.\n  ; The specified module could not be found.\n  ; The specified module could not be found.\n  ; The specified module could not be found.\n  ; The specified module could not be found.\n  ; The specified module could not be found.\n  ; The specified module could not be found.\n  ; The specified module could not be found.\n  \n\n===============================================================================\ntest cases: 1 | 1 failed\nassertions: 1 | 1 failed\n\n",
      "parsed_errors": [

      ]
    },
    {
      "name": "Object lifetime tests",
      "status": "failed",
      "time": "0.0316925",
      "output": "\n~~~~~~~~~~~~~~~~~~~~~~~~~~~~~~~~~~~~~~~~~~~~~~~~~~~~~~~~~~~~~~~~~~~~~~~~~~~~~~~\ncompiled_tests.exe is a Catch v1.1 b1 host application.\nRun with -? for options\n\n-------------------------------------------------------------------------------\nObject lifetime tests\n-------------------------------------------------------------------------------\nc:\\programming\\10914850\\runs\\cs-ef92b6619e-i386-vs14\\unittests\\compiled_tests.cpp(637)\n...............................................................................\n\nc:\\programming\\10914850\\runs\\cs-ef92b6619e-i386-vs14\\unittests\\compiled_tests.cpp(637): FAILED:\ndue to unexpected exception with message:\n  Unable to find module: chaiscript_stdlib-5.7.0 Errors: The specified module\n  could not be found.\n  ; The specified module could not be found.\n  ; The specified module could not be found.\n  ; The specified module could not be found.\n  ; The specified module could not be found.\n  ; The specified module could not be found.\n  ; The specified module could not be found.\n  ; The specified module could not be found.\n  ; The specified module could not be found.\n  ; The specified module could not be found.\n  ; The specified module could not be found.\n  ; The specified module could not be found.\n  \n\n===============================================================================\ntest cases: 1 | 1 failed\nassertions: 1 | 1 failed\n\n",
      "parsed_errors": [

      ]
    },
    {
      "name": "Boxed_Cast_Test",
      "status": "passed",
      "time": "0.0783882",
      "output": null,
      "parsed_errors": [

      ]
    },
    {
      "name": "Object copy counts",
      "status": "failed",
      "time": "0.0946217",
      "output": "\n~~~~~~~~~~~~~~~~~~~~~~~~~~~~~~~~~~~~~~~~~~~~~~~~~~~~~~~~~~~~~~~~~~~~~~~~~~~~~~~\ncompiled_tests.exe is a Catch v1.1 b1 host application.\nRun with -? for options\n\n-------------------------------------------------------------------------------\nObject copy counts\n-------------------------------------------------------------------------------\nc:\\programming\\10914850\\runs\\cs-ef92b6619e-i386-vs14\\unittests\\compiled_tests.cpp(581)\n...............................................................................\n\nc:\\programming\\10914850\\runs\\cs-ef92b6619e-i386-vs14\\unittests\\compiled_tests.cpp(581): FAILED:\ndue to unexpected exception with message:\n  Unable to find module: chaiscript_stdlib-5.7.0 Errors: The specified module\n  could not be found.\n  ; The specified module could not be found.\n  ; The specified module could not be found.\n  ; The specified module could not be found.\n  ; The specified module could not be found.\n  ; The specified module could not be found.\n  ; The specified module could not be found.\n  ; The specified module could not be found.\n  ; The specified module could not be found.\n  ; The specified module could not be found.\n  ; The specified module could not be found.\n  ; The specified module could not be found.\n  \n\n===============================================================================\ntest cases: 1 | 1 failed\nassertions: 1 | 1 failed\n\n",
      "parsed_errors": [

      ]
    },
    {
      "name": "Simultaneous ChaiScript tests",
      "status": "failed",
      "time": "0.0946217",
      "output": "\n~~~~~~~~~~~~~~~~~~~~~~~~~~~~~~~~~~~~~~~~~~~~~~~~~~~~~~~~~~~~~~~~~~~~~~~~~~~~~~~\ncompiled_tests.exe is a Catch v1.1 b1 host application.\nRun with -? for options\n\n-------------------------------------------------------------------------------\nSimultaneous ChaiScript tests\n-------------------------------------------------------------------------------\nc:\\programming\\10914850\\runs\\cs-ef92b6619e-i386-vs14\\unittests\\compiled_tests.cpp(454)\n...............................................................................\n\nc:\\programming\\10914850\\runs\\cs-ef92b6619e-i386-vs14\\unittests\\compiled_tests.cpp(454): FAILED:\ndue to unexpected exception with message:\n  Unable to find module: chaiscript_stdlib-5.7.0 Errors: The specified module\n  could not be found.\n  ; The specified module could not be found.\n  ; The specified module could not be found.\n  ; The specified module could not be found.\n  ; The specified module could not be found.\n  ; The specified module could not be found.\n  ; The specified module could not be found.\n  ; The specified module could not be found.\n  ; The specified module could not be found.\n  ; The specified module could not be found.\n  ; The specified module could not be found.\n  ; The specified module could not be found.\n  \n\n===============================================================================\ntest cases: 1 | 1 failed\nassertions: 1 | 1 failed\n\n",
      "parsed_errors": [

      ]
    },
    {
      "name": "Utility_Test utility class wrapper",
      "status": "failed",
      "time": "0.0946217",
      "output": "\n~~~~~~~~~~~~~~~~~~~~~~~~~~~~~~~~~~~~~~~~~~~~~~~~~~~~~~~~~~~~~~~~~~~~~~~~~~~~~~~\ncompiled_tests.exe is a Catch v1.1 b1 host application.\nRun with -? for options\n\n-------------------------------------------------------------------------------\nUtility_Test utility class wrapper\n-------------------------------------------------------------------------------\nc:\\programming\\10914850\\runs\\cs-ef92b6619e-i386-vs14\\unittests\\compiled_tests.cpp(488)\n...............................................................................\n\nc:\\programming\\10914850\\runs\\cs-ef92b6619e-i386-vs14\\unittests\\compiled_tests.cpp(488): FAILED:\ndue to unexpected exception with message:\n  Unable to find module: chaiscript_stdlib-5.7.0 Errors: The specified module\n  could not be found.\n  ; The specified module could not be found.\n  ; The specified module could not be found.\n  ; The specified module could not be found.\n  ; The specified module could not be found.\n  ; The specified module could not be found.\n  ; The specified module could not be found.\n  ; The specified module could not be found.\n  ; The specified module could not be found.\n  ; The specified module could not be found.\n  ; The specified module could not be found.\n  ; The specified module could not be found.\n  \n\n===============================================================================\ntest cases: 1 | 1 failed\nassertions: 1 | 1 failed\n\n",
      "parsed_errors": [

      ]
    },
    {
      "name": "MultiFile_Test",
      "status": "passed",
      "time": "0.031292",
      "output": null,
      "parsed_errors": [

      ]
    },
    {
      "name": "Multithreaded_Test",
      "status": "failed",
      "time": "0.0624027",
      "output": null,
      "parsed_errors": [

      ]
    },
    {
      "name": "Integer_Literal_Test",
      "status": "failed",
      "time": "0.07798",
      "output": null,
      "parsed_errors": [

      ]
    },
    {
      "name": "Type_Info_Test",
      "status": "passed",
      "time": "0.140638",
      "output": "Size of Type_Info 16\n",
      "parsed_errors": [

      ]
    },
    {
      "name": "C_Linkage_Test",
      "status": "failed",
      "time": "0.109318",
      "output": null,
      "parsed_errors": [

      ]
    }
  ],
  "failure": null,
  "package_results": [

  ]
}

