---
title: ChaiScript-647f8842fd7174e8efc66da83c1a5559ac64fe70-i386-Windows-10-VisualStudio-14
permalink: ChaiScript-647f8842fd7174e8efc66da83c1a5559ac64fe70-i386-Windows-10-VisualStudio-14.html
tags: data
layout: ci_results
date: '2016-04-23 20:22:04'
unhandled_failure: false
build_error_count: 3
build_warning_count: 0
package_error_count: 0
package_warning_count: 0
test_count: 391
test_passed_count: 2
repository: ChaiScript/ChaiScript
compiler: Visual Studio
compiler_version: 14
architecture: 
os: Windows
os_release: '10'
is_release: false
release_packaged: false
packaging_skipped: true
package_name: 
tag_name: 
commit_sha: 647f8842fd7174e8efc66da83c1a5559ac64fe70
branch_name: cleanups_and_reworkds
test_run: true
pull_request_issue_id: ''
pull_request_base_repository: ''
pull_request_base_ref: ''
device_id: i386-Windows-10-VisualStudio-14
pending: false
analyze_only: false
build_time: 384.718778
test_time: 4.047685
package_time: 
install_time: 
results_repository: ChaiScript/ChaiScript-BuildResults
machine_name: DESKTOP-IKJAE0J
machine_ip: 10.0.2.15
test_pass_limit: 99.9999
test_warn_limit: 90.0
coverage_enabled: false
coverage_pass_limit: 90
coverage_warn_limit: 75
coverage_lines: 0
coverage_total_lines: 0
coverage_functions: 0
coverage_total_functions: 0
coverage_url: 
asset_url: 
performance_total_time: 
performance_test_count: 0

---
{
  "build_results": [
    {
      "filename": "include/chaiscript/chaiscript_stdlib.hpp",
      "linenumber": "56",
      "colnumber": 0,
      "messagetype": "error",
      "message": "C2065 'future_type': undeclared identifier"
    },
    {
      "filename": "include/chaiscript/chaiscript_stdlib.hpp",
      "linenumber": "56",
      "colnumber": 0,
      "messagetype": "error",
      "message": "C2275 'std::future<chaiscript::Boxed_Value>': illegal use of this type as an expression"
    },
    {
      "filename": "include/chaiscript/chaiscript_stdlib.hpp",
      "linenumber": "56",
      "colnumber": 0,
      "messagetype": "error",
      "message": "C2653 'standard_library': is not a class or namespace name"
    }
  ],
  "test_results": [
    {
      "name": "version_check",
      "status": "notrun",
      "time": 0,
      "output": "",
      "parsed_errors": [

      ]
    },
    {
      "name": "version_check_2",
      "status": "notrun",
      "time": 0,
      "output": "",
      "parsed_errors": [

      ]
    },
    {
      "name": "help",
      "status": "notrun",
      "time": 0,
      "output": "",
      "parsed_errors": [

      ]
    },
    {
      "name": "unit.3.x/assign_const.chai",
      "status": "notrun",
      "time": 0,
      "output": "",
      "parsed_errors": [

      ]
    },
    {
      "name": "unit.3.x/bind.chai",
      "status": "notrun",
      "time": 0,
      "output": "",
      "parsed_errors": [

      ]
    },
    {
      "name": "unit.3.x/bind2.chai",
      "status": "notrun",
      "time": 0,
      "output": "",
      "parsed_errors": [

      ]
    },
    {
      "name": "unit.3.x/block_start.chai",
      "status": "notrun",
      "time": 0,
      "output": "",
      "parsed_errors": [

      ]
    },
    {
      "name": "unit.3.x/bool_not.chai",
      "status": "notrun",
      "time": 0,
      "output": "",
      "parsed_errors": [

      ]
    },
    {
      "name": "unit.3.x/break_while.chai",
      "status": "notrun",
      "time": 0,
      "output": "",
      "parsed_errors": [

      ]
    },
    {
      "name": "unit.3.x/char_init.chai",
      "status": "notrun",
      "time": 0,
      "output": "",
      "parsed_errors": [

      ]
    },
    {
      "name": "unit.3.x/classification.chai",
      "status": "notrun",
      "time": 0,
      "output": "",
      "parsed_errors": [

      ]
    },
    {
      "name": "unit.3.x/collate.chai",
      "status": "notrun",
      "time": 0,
      "output": "",
      "parsed_errors": [

      ]
    },
    {
      "name": "unit.3.x/compare_gt.chai",
      "status": "notrun",
      "time": 0,
      "output": "",
      "parsed_errors": [

      ]
    },
    {
      "name": "unit.3.x/compare_lt.chai",
      "status": "notrun",
      "time": 0,
      "output": "",
      "parsed_errors": [

      ]
    },
    {
      "name": "unit.3.x/concat.chai",
      "status": "notrun",
      "time": 0,
      "output": "",
      "parsed_errors": [

      ]
    },
    {
      "name": "unit.3.x/const_range_test.chai",
      "status": "notrun",
      "time": 0,
      "output": "",
      "parsed_errors": [

      ]
    },
    {
      "name": "unit.3.x/convert_double_string.chai",
      "status": "notrun",
      "time": 0,
      "output": "",
      "parsed_errors": [

      ]
    },
    {
      "name": "unit.3.x/convert_int_string.chai",
      "status": "notrun",
      "time": 0,
      "output": "",
      "parsed_errors": [

      ]
    },
    {
      "name": "unit.3.x/convert_string_double.chai",
      "status": "notrun",
      "time": 0,
      "output": "",
      "parsed_errors": [

      ]
    },
    {
      "name": "unit.3.x/convert_string_int.chai",
      "status": "notrun",
      "time": 0,
      "output": "",
      "parsed_errors": [

      ]
    },
    {
      "name": "unit.3.x/deep_array_lookup.chai",
      "status": "notrun",
      "time": 0,
      "output": "",
      "parsed_errors": [

      ]
    },
    {
      "name": "unit.3.x/dispatch_functions.chai",
      "status": "notrun",
      "time": 0,
      "output": "",
      "parsed_errors": [

      ]
    },
    {
      "name": "unit.3.x/drop.chai",
      "status": "notrun",
      "time": 0,
      "output": "",
      "parsed_errors": [

      ]
    },
    {
      "name": "unit.3.x/drop_while.chai",
      "status": "notrun",
      "time": 0,
      "output": "",
      "parsed_errors": [

      ]
    },
    {
      "name": "unit.3.x/empty.chai",
      "status": "notrun",
      "time": 0,
      "output": "",
      "parsed_errors": [

      ]
    },
    {
      "name": "unit.3.x/equ_shortform.chai",
      "status": "notrun",
      "time": 0,
      "output": "",
      "parsed_errors": [

      ]
    },
    {
      "name": "unit.3.x/eval.chai",
      "status": "notrun",
      "time": 0,
      "output": "",
      "parsed_errors": [

      ]
    },
    {
      "name": "unit.3.x/eval_error.chai",
      "status": "notrun",
      "time": 0,
      "output": "",
      "parsed_errors": [

      ]
    },
    {
      "name": "unit.3.x/even.chai",
      "status": "notrun",
      "time": 0,
      "output": "",
      "parsed_errors": [

      ]
    },
    {
      "name": "unit.3.x/exception.chai",
      "status": "notrun",
      "time": 0,
      "output": "",
      "parsed_errors": [

      ]
    },
    {
      "name": "unit.3.x/exception_finally.chai",
      "status": "notrun",
      "time": 0,
      "output": "",
      "parsed_errors": [

      ]
    },
    {
      "name": "unit.3.x/exception_guards.chai",
      "status": "notrun",
      "time": 0,
      "output": "",
      "parsed_errors": [

      ]
    },
    {
      "name": "unit.3.x/filter.chai",
      "status": "notrun",
      "time": 0,
      "output": "",
      "parsed_errors": [

      ]
    },
    {
      "name": "unit.3.x/float.chai",
      "status": "notrun",
      "time": 0,
      "output": "",
      "parsed_errors": [

      ]
    },
    {
      "name": "unit.3.x/foldl.chai",
      "status": "notrun",
      "time": 0,
      "output": "",
      "parsed_errors": [

      ]
    },
    {
      "name": "unit.3.x/for.chai",
      "status": "notrun",
      "time": 0,
      "output": "",
      "parsed_errors": [

      ]
    },
    {
      "name": "unit.3.x/for_each.chai",
      "status": "notrun",
      "time": 0,
      "output": "",
      "parsed_errors": [

      ]
    },
    {
      "name": "unit.3.x/for_each_range.chai",
      "status": "notrun",
      "time": 0,
      "output": "",
      "parsed_errors": [

      ]
    },
    {
      "name": "unit.3.x/for_each_retro.chai",
      "status": "notrun",
      "time": 0,
      "output": "",
      "parsed_errors": [

      ]
    },
    {
      "name": "unit.3.x/function_array_adjacent.chai",
      "status": "notrun",
      "time": 0,
      "output": "",
      "parsed_errors": [

      ]
    },
    {
      "name": "unit.3.x/function_introspection.chai",
      "status": "notrun",
      "time": 0,
      "output": "",
      "parsed_errors": [

      ]
    },
    {
      "name": "unit.3.x/function_reassignment.chai",
      "status": "notrun",
      "time": 0,
      "output": "",
      "parsed_errors": [

      ]
    },
    {
      "name": "unit.3.x/generate_range.chai",
      "status": "notrun",
      "time": 0,
      "output": "",
      "parsed_errors": [

      ]
    },
    {
      "name": "unit.3.x/global_const_in_module.chai",
      "status": "notrun",
      "time": 0,
      "output": "",
      "parsed_errors": [

      ]
    },
    {
      "name": "unit.3.x/if.chai",
      "status": "notrun",
      "time": 0,
      "output": "",
      "parsed_errors": [

      ]
    },
    {
      "name": "unit.3.x/if_else.chai",
      "status": "notrun",
      "time": 0,
      "output": "",
      "parsed_errors": [

      ]
    },
    {
      "name": "unit.3.x/if_elseif.chai",
      "status": "notrun",
      "time": 0,
      "output": "",
      "parsed_errors": [

      ]
    },
    {
      "name": "unit.3.x/if_elseif_else.chai",
      "status": "notrun",
      "time": 0,
      "output": "",
      "parsed_errors": [

      ]
    },
    {
      "name": "unit.3.x/index_operator.chai",
      "status": "notrun",
      "time": 0,
      "output": "",
      "parsed_errors": [

      ]
    },
    {
      "name": "unit.3.x/inheritance.chai",
      "status": "notrun",
      "time": 0,
      "output": "",
      "parsed_errors": [

      ]
    },
    {
      "name": "unit.3.x/instring_eval.chai",
      "status": "notrun",
      "time": 0,
      "output": "",
      "parsed_errors": [

      ]
    },
    {
      "name": "unit.3.x/instring_eval_more.chai",
      "status": "notrun",
      "time": 0,
      "output": "",
      "parsed_errors": [

      ]
    },
    {
      "name": "unit.3.x/invalid_function_assignment.chai",
      "status": "notrun",
      "time": 0,
      "output": "",
      "parsed_errors": [

      ]
    },
    {
      "name": "unit.3.x/invalid_function_reassignment.chai",
      "status": "notrun",
      "time": 0,
      "output": "",
      "parsed_errors": [

      ]
    },
    {
      "name": "unit.3.x/is_undef.chai",
      "status": "notrun",
      "time": 0,
      "output": "",
      "parsed_errors": [

      ]
    },
    {
      "name": "unit.3.x/join.chai",
      "status": "notrun",
      "time": 0,
      "output": "",
      "parsed_errors": [

      ]
    },
    {
      "name": "unit.3.x/lambda.chai",
      "status": "notrun",
      "time": 0,
      "output": "",
      "parsed_errors": [

      ]
    },
    {
      "name": "unit.3.x/list_push_back.chai",
      "status": "notrun",
      "time": 0,
      "output": "",
      "parsed_errors": [

      ]
    },
    {
      "name": "unit.3.x/list_push_front.chai",
      "status": "notrun",
      "time": 0,
      "output": "",
      "parsed_errors": [

      ]
    },
    {
      "name": "unit.3.x/load_module.chai",
      "status": "notrun",
      "time": 0,
      "output": "",
      "parsed_errors": [

      ]
    },
    {
      "name": "unit.3.x/loop_inner_outer.chai",
      "status": "notrun",
      "time": 0,
      "output": "",
      "parsed_errors": [

      ]
    },
    {
      "name": "unit.3.x/malformed_inline_map.chai",
      "status": "notrun",
      "time": 0,
      "output": "",
      "parsed_errors": [

      ]
    },
    {
      "name": "unit.3.x/map.chai",
      "status": "notrun",
      "time": 0,
      "output": "",
      "parsed_errors": [

      ]
    },
    {
      "name": "unit.3.x/map_access.chai",
      "status": "notrun",
      "time": 0,
      "output": "",
      "parsed_errors": [

      ]
    },
    {
      "name": "unit.3.x/map_inplace_init.chai",
      "status": "notrun",
      "time": 0,
      "output": "",
      "parsed_errors": [

      ]
    },
    {
      "name": "unit.3.x/math_add.chai",
      "status": "notrun",
      "time": 0,
      "output": "",
      "parsed_errors": [

      ]
    },
    {
      "name": "unit.3.x/math_add_mixed.chai",
      "status": "notrun",
      "time": 0,
      "output": "",
      "parsed_errors": [

      ]
    },
    {
      "name": "unit.3.x/math_dec.chai",
      "status": "notrun",
      "time": 0,
      "output": "",
      "parsed_errors": [

      ]
    },
    {
      "name": "unit.3.x/math_div.chai",
      "status": "notrun",
      "time": 0,
      "output": "",
      "parsed_errors": [

      ]
    },
    {
      "name": "unit.3.x/math_inc.chai",
      "status": "notrun",
      "time": 0,
      "output": "",
      "parsed_errors": [

      ]
    },
    {
      "name": "unit.3.x/math_mod.chai",
      "status": "notrun",
      "time": 0,
      "output": "",
      "parsed_errors": [

      ]
    },
    {
      "name": "unit.3.x/math_mult.chai",
      "status": "notrun",
      "time": 0,
      "output": "",
      "parsed_errors": [

      ]
    },
    {
      "name": "unit.3.x/math_negate.chai",
      "status": "notrun",
      "time": 0,
      "output": "",
      "parsed_errors": [

      ]
    },
    {
      "name": "unit.3.x/math_paren.chai",
      "status": "notrun",
      "time": 0,
      "output": "",
      "parsed_errors": [

      ]
    },
    {
      "name": "unit.3.x/math_sub.chai",
      "status": "notrun",
      "time": 0,
      "output": "",
      "parsed_errors": [

      ]
    },
    {
      "name": "unit.3.x/max.chai",
      "status": "notrun",
      "time": 0,
      "output": "",
      "parsed_errors": [

      ]
    },
    {
      "name": "unit.3.x/memberscope.chai",
      "status": "notrun",
      "time": 0,
      "output": "",
      "parsed_errors": [

      ]
    },
    {
      "name": "unit.3.x/method_sugar.chai",
      "status": "notrun",
      "time": 0,
      "output": "",
      "parsed_errors": [

      ]
    },
    {
      "name": "unit.3.x/min.chai",
      "status": "notrun",
      "time": 0,
      "output": "",
      "parsed_errors": [

      ]
    },
    {
      "name": "unit.3.x/mmd1.chai",
      "status": "notrun",
      "time": 0,
      "output": "",
      "parsed_errors": [

      ]
    },
    {
      "name": "unit.3.x/mmd2.chai",
      "status": "notrun",
      "time": 0,
      "output": "",
      "parsed_errors": [

      ]
    },
    {
      "name": "unit.3.x/multiline.chai",
      "status": "notrun",
      "time": 0,
      "output": "",
      "parsed_errors": [

      ]
    },
    {
      "name": "unit.3.x/number_formats.chai",
      "status": "notrun",
      "time": 0,
      "output": "",
      "parsed_errors": [

      ]
    },
    {
      "name": "unit.3.x/object_attr.chai",
      "status": "notrun",
      "time": 0,
      "output": "",
      "parsed_errors": [

      ]
    },
    {
      "name": "unit.3.x/object_attr_same_name.chai",
      "status": "notrun",
      "time": 0,
      "output": "",
      "parsed_errors": [

      ]
    },
    {
      "name": "unit.3.x/object_clone.chai",
      "status": "notrun",
      "time": 0,
      "output": "",
      "parsed_errors": [

      ]
    },
    {
      "name": "unit.3.x/object_constructor_guards.chai",
      "status": "notrun",
      "time": 0,
      "output": "",
      "parsed_errors": [

      ]
    },
    {
      "name": "unit.3.x/object_method_guards.chai",
      "status": "notrun",
      "time": 0,
      "output": "",
      "parsed_errors": [

      ]
    },
    {
      "name": "unit.3.x/odd.chai",
      "status": "notrun",
      "time": 0,
      "output": "",
      "parsed_errors": [

      ]
    },
    {
      "name": "unit.3.x/operator_overload.chai",
      "status": "notrun",
      "time": 0,
      "output": "",
      "parsed_errors": [

      ]
    },
    {
      "name": "unit.3.x/operator_overload2.chai",
      "status": "notrun",
      "time": 0,
      "output": "",
      "parsed_errors": [

      ]
    },
    {
      "name": "unit.3.x/operators_float.chai",
      "status": "notrun",
      "time": 0,
      "output": "",
      "parsed_errors": [

      ]
    },
    {
      "name": "unit.3.x/operators_int.chai",
      "status": "notrun",
      "time": 0,
      "output": "",
      "parsed_errors": [

      ]
    },
    {
      "name": "unit.3.x/pair.chai",
      "status": "notrun",
      "time": 0,
      "output": "",
      "parsed_errors": [

      ]
    },
    {
      "name": "unit.3.x/pointer_passed_to_constructor.chai",
      "status": "notrun",
      "time": 0,
      "output": "",
      "parsed_errors": [

      ]
    },
    {
      "name": "unit.3.x/precedence_1.chai",
      "status": "notrun",
      "time": 0,
      "output": "",
      "parsed_errors": [

      ]
    },
    {
      "name": "unit.3.x/precedence_2.chai",
      "status": "notrun",
      "time": 0,
      "output": "",
      "parsed_errors": [

      ]
    },
    {
      "name": "unit.3.x/precedence_3.chai",
      "status": "notrun",
      "time": 0,
      "output": "",
      "parsed_errors": [

      ]
    },
    {
      "name": "unit.3.x/precedence_eq.chai",
      "status": "notrun",
      "time": 0,
      "output": "",
      "parsed_errors": [

      ]
    },
    {
      "name": "unit.3.x/product.chai",
      "status": "notrun",
      "time": 0,
      "output": "",
      "parsed_errors": [

      ]
    },
    {
      "name": "unit.3.x/range.chai",
      "status": "notrun",
      "time": 0,
      "output": "",
      "parsed_errors": [

      ]
    },
    {
      "name": "unit.3.x/range_back.chai",
      "status": "notrun",
      "time": 0,
      "output": "",
      "parsed_errors": [

      ]
    },
    {
      "name": "unit.3.x/range_contains.chai",
      "status": "notrun",
      "time": 0,
      "output": "",
      "parsed_errors": [

      ]
    },
    {
      "name": "unit.3.x/range_find.chai",
      "status": "notrun",
      "time": 0,
      "output": "",
      "parsed_errors": [

      ]
    },
    {
      "name": "unit.3.x/range_inplace.chai",
      "status": "notrun",
      "time": 0,
      "output": "",
      "parsed_errors": [

      ]
    },
    {
      "name": "unit.3.x/reduce.chai",
      "status": "notrun",
      "time": 0,
      "output": "",
      "parsed_errors": [

      ]
    },
    {
      "name": "unit.3.x/ref_equal.chai",
      "status": "notrun",
      "time": 0,
      "output": "",
      "parsed_errors": [

      ]
    },
    {
      "name": "unit.3.x/retro.chai",
      "status": "notrun",
      "time": 0,
      "output": "",
      "parsed_errors": [

      ]
    },
    {
      "name": "unit.3.x/retroretro.chai",
      "status": "notrun",
      "time": 0,
      "output": "",
      "parsed_errors": [

      ]
    },
    {
      "name": "unit.3.x/return.chai",
      "status": "notrun",
      "time": 0,
      "output": "",
      "parsed_errors": [

      ]
    },
    {
      "name": "unit.3.x/runtime_error.chai",
      "status": "notrun",
      "time": 0,
      "output": "",
      "parsed_errors": [

      ]
    },
    {
      "name": "unit.3.x/shift.chai",
      "status": "notrun",
      "time": 0,
      "output": "",
      "parsed_errors": [

      ]
    },
    {
      "name": "unit.3.x/string_charptr.chai",
      "status": "notrun",
      "time": 0,
      "output": "",
      "parsed_errors": [

      ]
    },
    {
      "name": "unit.3.x/string_concat.chai",
      "status": "notrun",
      "time": 0,
      "output": "",
      "parsed_errors": [

      ]
    },
    {
      "name": "unit.3.x/string_find.chai",
      "status": "notrun",
      "time": 0,
      "output": "",
      "parsed_errors": [

      ]
    },
    {
      "name": "unit.3.x/string_find_first_not_of.chai",
      "status": "notrun",
      "time": 0,
      "output": "",
      "parsed_errors": [

      ]
    },
    {
      "name": "unit.3.x/string_find_first_of.chai",
      "status": "notrun",
      "time": 0,
      "output": "",
      "parsed_errors": [

      ]
    },
    {
      "name": "unit.3.x/string_find_last_not_of.chai",
      "status": "notrun",
      "time": 0,
      "output": "",
      "parsed_errors": [

      ]
    },
    {
      "name": "unit.3.x/string_find_last_of.chai",
      "status": "notrun",
      "time": 0,
      "output": "",
      "parsed_errors": [

      ]
    },
    {
      "name": "unit.3.x/string_init.chai",
      "status": "notrun",
      "time": 0,
      "output": "",
      "parsed_errors": [

      ]
    },
    {
      "name": "unit.3.x/string_literal_access.chai",
      "status": "notrun",
      "time": 0,
      "output": "",
      "parsed_errors": [

      ]
    },
    {
      "name": "unit.3.x/string_rfind.chai",
      "status": "notrun",
      "time": 0,
      "output": "",
      "parsed_errors": [

      ]
    },
    {
      "name": "unit.3.x/sum.chai",
      "status": "notrun",
      "time": 0,
      "output": "",
      "parsed_errors": [

      ]
    },
    {
      "name": "unit.3.x/switch_break.chai",
      "status": "notrun",
      "time": 0,
      "output": "",
      "parsed_errors": [

      ]
    },
    {
      "name": "unit.3.x/switch_default.chai",
      "status": "notrun",
      "time": 0,
      "output": "",
      "parsed_errors": [

      ]
    },
    {
      "name": "unit.3.x/switch_empty.chai",
      "status": "notrun",
      "time": 0,
      "output": "",
      "parsed_errors": [

      ]
    },
    {
      "name": "unit.3.x/switch_fallthru.chai",
      "status": "notrun",
      "time": 0,
      "output": "",
      "parsed_errors": [

      ]
    },
    {
      "name": "unit.3.x/switch_fallthru_and_break.chai",
      "status": "notrun",
      "time": 0,
      "output": "",
      "parsed_errors": [

      ]
    },
    {
      "name": "unit.3.x/take.chai",
      "status": "notrun",
      "time": 0,
      "output": "",
      "parsed_errors": [

      ]
    },
    {
      "name": "unit.3.x/take_while.chai",
      "status": "notrun",
      "time": 0,
      "output": "",
      "parsed_errors": [

      ]
    },
    {
      "name": "unit.3.x/type_info.chai",
      "status": "notrun",
      "time": 0,
      "output": "",
      "parsed_errors": [

      ]
    },
    {
      "name": "unit.3.x/use.chai",
      "status": "notrun",
      "time": 0,
      "output": "",
      "parsed_errors": [

      ]
    },
    {
      "name": "unit.3.x/vector_access.chai",
      "status": "notrun",
      "time": 0,
      "output": "",
      "parsed_errors": [

      ]
    },
    {
      "name": "unit.3.x/vector_erase_at.chai",
      "status": "notrun",
      "time": 0,
      "output": "",
      "parsed_errors": [

      ]
    },
    {
      "name": "unit.3.x/vector_inplace_init.chai",
      "status": "notrun",
      "time": 0,
      "output": "",
      "parsed_errors": [

      ]
    },
    {
      "name": "unit.3.x/vector_insert_at.chai",
      "status": "notrun",
      "time": 0,
      "output": "",
      "parsed_errors": [

      ]
    },
    {
      "name": "unit.3.x/vector_literal_acccess.chai",
      "status": "notrun",
      "time": 0,
      "output": "",
      "parsed_errors": [

      ]
    },
    {
      "name": "unit.3.x/vector_of_one.chai",
      "status": "notrun",
      "time": 0,
      "output": "",
      "parsed_errors": [

      ]
    },
    {
      "name": "unit.3.x/vector_paren_literal_access.chai",
      "status": "notrun",
      "time": 0,
      "output": "",
      "parsed_errors": [

      ]
    },
    {
      "name": "unit.3.x/vector_push_back.chai",
      "status": "notrun",
      "time": 0,
      "output": "",
      "parsed_errors": [

      ]
    },
    {
      "name": "unit.3.x/vector_push_empty.chai",
      "status": "notrun",
      "time": 0,
      "output": "",
      "parsed_errors": [

      ]
    },
    {
      "name": "unit.3.x/zip.chai",
      "status": "notrun",
      "time": 0,
      "output": "",
      "parsed_errors": [

      ]
    },
    {
      "name": "unit.3.x/zip_with.chai",
      "status": "notrun",
      "time": 0,
      "output": "",
      "parsed_errors": [

      ]
    },
    {
      "name": "unit.array_access.chai",
      "status": "notrun",
      "time": 0,
      "output": "",
      "parsed_errors": [

      ]
    },
    {
      "name": "unit.array_types.chai",
      "status": "notrun",
      "time": 0,
      "output": "",
      "parsed_errors": [

      ]
    },
    {
      "name": "unit.assign_const.chai",
      "status": "notrun",
      "time": 0,
      "output": "",
      "parsed_errors": [

      ]
    },
    {
      "name": "unit.bind.chai",
      "status": "notrun",
      "time": 0,
      "output": "",
      "parsed_errors": [

      ]
    },
    {
      "name": "unit.bind2.chai",
      "status": "notrun",
      "time": 0,
      "output": "",
      "parsed_errors": [

      ]
    },
    {
      "name": "unit.block_start.chai",
      "status": "notrun",
      "time": 0,
      "output": "",
      "parsed_errors": [

      ]
    },
    {
      "name": "unit.bool_comparisons.chai",
      "status": "notrun",
      "time": 0,
      "output": "",
      "parsed_errors": [

      ]
    },
    {
      "name": "unit.bool_not.chai",
      "status": "notrun",
      "time": 0,
      "output": "",
      "parsed_errors": [

      ]
    },
    {
      "name": "unit.break_for.chai",
      "status": "notrun",
      "time": 0,
      "output": "",
      "parsed_errors": [

      ]
    },
    {
      "name": "unit.break_while.chai",
      "status": "notrun",
      "time": 0,
      "output": "",
      "parsed_errors": [

      ]
    },
    {
      "name": "unit.char_init.chai",
      "status": "notrun",
      "time": 0,
      "output": "",
      "parsed_errors": [

      ]
    },
    {
      "name": "unit.class.chai",
      "status": "notrun",
      "time": 0,
      "output": "",
      "parsed_errors": [

      ]
    },
    {
      "name": "unit.classification.chai",
      "status": "notrun",
      "time": 0,
      "output": "",
      "parsed_errors": [

      ]
    },
    {
      "name": "unit.collate.chai",
      "status": "notrun",
      "time": 0,
      "output": "",
      "parsed_errors": [

      ]
    },
    {
      "name": "unit.compare_gt.chai",
      "status": "notrun",
      "time": 0,
      "output": "",
      "parsed_errors": [

      ]
    },
    {
      "name": "unit.compare_lt.chai",
      "status": "notrun",
      "time": 0,
      "output": "",
      "parsed_errors": [

      ]
    },
    {
      "name": "unit.concat.chai",
      "status": "notrun",
      "time": 0,
      "output": "",
      "parsed_errors": [

      ]
    },
    {
      "name": "unit.const_range_test.chai",
      "status": "notrun",
      "time": 0,
      "output": "",
      "parsed_errors": [

      ]
    },
    {
      "name": "unit.continue_for.chai",
      "status": "notrun",
      "time": 0,
      "output": "",
      "parsed_errors": [

      ]
    },
    {
      "name": "unit.continue_while.chai",
      "status": "notrun",
      "time": 0,
      "output": "",
      "parsed_errors": [

      ]
    },
    {
      "name": "unit.convert_double_string.chai",
      "status": "notrun",
      "time": 0,
      "output": "",
      "parsed_errors": [

      ]
    },
    {
      "name": "unit.convert_int_string.chai",
      "status": "notrun",
      "time": 0,
      "output": "",
      "parsed_errors": [

      ]
    },
    {
      "name": "unit.convert_string_double.chai",
      "status": "notrun",
      "time": 0,
      "output": "",
      "parsed_errors": [

      ]
    },
    {
      "name": "unit.convert_string_int.chai",
      "status": "notrun",
      "time": 0,
      "output": "",
      "parsed_errors": [

      ]
    },
    {
      "name": "unit.deep_array_lookup.chai",
      "status": "notrun",
      "time": 0,
      "output": "",
      "parsed_errors": [

      ]
    },
    {
      "name": "unit.dispatch_functions.chai",
      "status": "notrun",
      "time": 0,
      "output": "",
      "parsed_errors": [

      ]
    },
    {
      "name": "unit.divide_by_zero_protection.chai",
      "status": "notrun",
      "time": 0,
      "output": "",
      "parsed_errors": [

      ]
    },
    {
      "name": "unit.drop.chai",
      "status": "notrun",
      "time": 0,
      "output": "",
      "parsed_errors": [

      ]
    },
    {
      "name": "unit.drop_while.chai",
      "status": "notrun",
      "time": 0,
      "output": "",
      "parsed_errors": [

      ]
    },
    {
      "name": "unit.dynamic_object_assignment.chai",
      "status": "notrun",
      "time": 0,
      "output": "",
      "parsed_errors": [

      ]
    },
    {
      "name": "unit.dynamic_object_dynamic_attrs.chai",
      "status": "notrun",
      "time": 0,
      "output": "",
      "parsed_errors": [

      ]
    },
    {
      "name": "unit.dynamic_object_dynamic_attrs_explicit.chai",
      "status": "notrun",
      "time": 0,
      "output": "",
      "parsed_errors": [

      ]
    },
    {
      "name": "unit.empty.chai",
      "status": "notrun",
      "time": 0,
      "output": "",
      "parsed_errors": [

      ]
    },
    {
      "name": "unit.equ_shortform.chai",
      "status": "notrun",
      "time": 0,
      "output": "",
      "parsed_errors": [

      ]
    },
    {
      "name": "unit.eval.chai",
      "status": "notrun",
      "time": 0,
      "output": "",
      "parsed_errors": [

      ]
    },
    {
      "name": "unit.eval_error.chai",
      "status": "notrun",
      "time": 0,
      "output": "",
      "parsed_errors": [

      ]
    },
    {
      "name": "unit.eval_file.chai",
      "status": "notrun",
      "time": 0,
      "output": "",
      "parsed_errors": [

      ]
    },
    {
      "name": "unit.even.chai",
      "status": "notrun",
      "time": 0,
      "output": "",
      "parsed_errors": [

      ]
    },
    {
      "name": "unit.exception.chai",
      "status": "notrun",
      "time": 0,
      "output": "",
      "parsed_errors": [

      ]
    },
    {
      "name": "unit.exception_finally.chai",
      "status": "notrun",
      "time": 0,
      "output": "",
      "parsed_errors": [

      ]
    },
    {
      "name": "unit.exception_guards.chai",
      "status": "notrun",
      "time": 0,
      "output": "",
      "parsed_errors": [

      ]
    },
    {
      "name": "unit.exception_typed.chai",
      "status": "notrun",
      "time": 0,
      "output": "",
      "parsed_errors": [

      ]
    },
    {
      "name": "unit.exception_typed_2.chai",
      "status": "notrun",
      "time": 0,
      "output": "",
      "parsed_errors": [

      ]
    },
    {
      "name": "unit.filter.chai",
      "status": "notrun",
      "time": 0,
      "output": "",
      "parsed_errors": [

      ]
    },
    {
      "name": "unit.float.chai",
      "status": "notrun",
      "time": 0,
      "output": "",
      "parsed_errors": [

      ]
    },
    {
      "name": "unit.foldl.chai",
      "status": "notrun",
      "time": 0,
      "output": "",
      "parsed_errors": [

      ]
    },
    {
      "name": "unit.for.chai",
      "status": "notrun",
      "time": 0,
      "output": "",
      "parsed_errors": [

      ]
    },
    {
      "name": "unit.for_each.chai",
      "status": "notrun",
      "time": 0,
      "output": "",
      "parsed_errors": [

      ]
    },
    {
      "name": "unit.for_each_range.chai",
      "status": "notrun",
      "time": 0,
      "output": "",
      "parsed_errors": [

      ]
    },
    {
      "name": "unit.for_each_retro.chai",
      "status": "notrun",
      "time": 0,
      "output": "",
      "parsed_errors": [

      ]
    },
    {
      "name": "unit.function_array_adjacent.chai",
      "status": "notrun",
      "time": 0,
      "output": "",
      "parsed_errors": [

      ]
    },
    {
      "name": "unit.function_attributes.chai",
      "status": "notrun",
      "time": 0,
      "output": "",
      "parsed_errors": [

      ]
    },
    {
      "name": "unit.function_introspection.chai",
      "status": "notrun",
      "time": 0,
      "output": "",
      "parsed_errors": [

      ]
    },
    {
      "name": "unit.function_members.chai",
      "status": "notrun",
      "time": 0,
      "output": "",
      "parsed_errors": [

      ]
    },
    {
      "name": "unit.function_reassignment.chai",
      "status": "notrun",
      "time": 0,
      "output": "",
      "parsed_errors": [

      ]
    },
    {
      "name": "unit.function_redefinition.chai",
      "status": "notrun",
      "time": 0,
      "output": "",
      "parsed_errors": [

      ]
    },
    {
      "name": "unit.future.chai",
      "status": "notrun",
      "time": 0,
      "output": "",
      "parsed_errors": [

      ]
    },
    {
      "name": "unit.generate_range.chai",
      "status": "notrun",
      "time": 0,
      "output": "",
      "parsed_errors": [

      ]
    },
    {
      "name": "unit.global.chai",
      "status": "notrun",
      "time": 0,
      "output": "",
      "parsed_errors": [

      ]
    },
    {
      "name": "unit.global_const_in_module.chai",
      "status": "notrun",
      "time": 0,
      "output": "",
      "parsed_errors": [

      ]
    },
    {
      "name": "unit.global_in_script.chai",
      "status": "notrun",
      "time": 0,
      "output": "",
      "parsed_errors": [

      ]
    },
    {
      "name": "unit.global_lcase.chai",
      "status": "notrun",
      "time": 0,
      "output": "",
      "parsed_errors": [

      ]
    },
    {
      "name": "unit.hashbang.chai",
      "status": "notrun",
      "time": 0,
      "output": "",
      "parsed_errors": [

      ]
    },
    {
      "name": "unit.hex_escapes.chai",
      "status": "notrun",
      "time": 0,
      "output": "",
      "parsed_errors": [

      ]
    },
    {
      "name": "unit.if.chai",
      "status": "notrun",
      "time": 0,
      "output": "",
      "parsed_errors": [

      ]
    },
    {
      "name": "unit.if_else.chai",
      "status": "notrun",
      "time": 0,
      "output": "",
      "parsed_errors": [

      ]
    },
    {
      "name": "unit.if_elseif.chai",
      "status": "notrun",
      "time": 0,
      "output": "",
      "parsed_errors": [

      ]
    },
    {
      "name": "unit.if_elseif_else.chai",
      "status": "notrun",
      "time": 0,
      "output": "",
      "parsed_errors": [

      ]
    },
    {
      "name": "unit.index_operator.chai",
      "status": "notrun",
      "time": 0,
      "output": "",
      "parsed_errors": [

      ]
    },
    {
      "name": "unit.inheritance.chai",
      "status": "notrun",
      "time": 0,
      "output": "",
      "parsed_errors": [

      ]
    },
    {
      "name": "unit.instring_eval.chai",
      "status": "notrun",
      "time": 0,
      "output": "",
      "parsed_errors": [

      ]
    },
    {
      "name": "unit.instring_eval_more.chai",
      "status": "notrun",
      "time": 0,
      "output": "",
      "parsed_errors": [

      ]
    },
    {
      "name": "unit.instring_eval_with_string.chai",
      "status": "notrun",
      "time": 0,
      "output": "",
      "parsed_errors": [

      ]
    },
    {
      "name": "unit.invalid_function_assignment.chai",
      "status": "notrun",
      "time": 0,
      "output": "",
      "parsed_errors": [

      ]
    },
    {
      "name": "unit.invalid_function_reassignment.chai",
      "status": "notrun",
      "time": 0,
      "output": "",
      "parsed_errors": [

      ]
    },
    {
      "name": "unit.is_undef.chai",
      "status": "notrun",
      "time": 0,
      "output": "",
      "parsed_errors": [

      ]
    },
    {
      "name": "unit.join.chai",
      "status": "notrun",
      "time": 0,
      "output": "",
      "parsed_errors": [

      ]
    },
    {
      "name": "unit.json_1.chai",
      "status": "notrun",
      "time": 0,
      "output": "",
      "parsed_errors": [

      ]
    },
    {
      "name": "unit.json_10.chai",
      "status": "notrun",
      "time": 0,
      "output": "",
      "parsed_errors": [

      ]
    },
    {
      "name": "unit.json_11.chai",
      "status": "notrun",
      "time": 0,
      "output": "",
      "parsed_errors": [

      ]
    },
    {
      "name": "unit.json_12.chai",
      "status": "notrun",
      "time": 0,
      "output": "",
      "parsed_errors": [

      ]
    },
    {
      "name": "unit.json_13.chai",
      "status": "notrun",
      "time": 0,
      "output": "",
      "parsed_errors": [

      ]
    },
    {
      "name": "unit.json_2.chai",
      "status": "notrun",
      "time": 0,
      "output": "",
      "parsed_errors": [

      ]
    },
    {
      "name": "unit.json_3.chai",
      "status": "notrun",
      "time": 0,
      "output": "",
      "parsed_errors": [

      ]
    },
    {
      "name": "unit.json_4.chai",
      "status": "notrun",
      "time": 0,
      "output": "",
      "parsed_errors": [

      ]
    },
    {
      "name": "unit.json_5.chai",
      "status": "notrun",
      "time": 0,
      "output": "",
      "parsed_errors": [

      ]
    },
    {
      "name": "unit.json_6.chai",
      "status": "notrun",
      "time": 0,
      "output": "",
      "parsed_errors": [

      ]
    },
    {
      "name": "unit.json_7.chai",
      "status": "notrun",
      "time": 0,
      "output": "",
      "parsed_errors": [

      ]
    },
    {
      "name": "unit.json_8.chai",
      "status": "notrun",
      "time": 0,
      "output": "",
      "parsed_errors": [

      ]
    },
    {
      "name": "unit.json_9.chai",
      "status": "notrun",
      "time": 0,
      "output": "",
      "parsed_errors": [

      ]
    },
    {
      "name": "unit.json_roundtrip.chai",
      "status": "notrun",
      "time": 0,
      "output": "",
      "parsed_errors": [

      ]
    },
    {
      "name": "unit.lambda.chai",
      "status": "notrun",
      "time": 0,
      "output": "",
      "parsed_errors": [

      ]
    },
    {
      "name": "unit.list_push_back.chai",
      "status": "notrun",
      "time": 0,
      "output": "",
      "parsed_errors": [

      ]
    },
    {
      "name": "unit.list_push_front.chai",
      "status": "notrun",
      "time": 0,
      "output": "",
      "parsed_errors": [

      ]
    },
    {
      "name": "unit.load_module.chai",
      "status": "notrun",
      "time": 0,
      "output": "",
      "parsed_errors": [

      ]
    },
    {
      "name": "unit.logical_short_circuiting.chai",
      "status": "notrun",
      "time": 0,
      "output": "",
      "parsed_errors": [

      ]
    },
    {
      "name": "unit.loop_inner_outer.chai",
      "status": "notrun",
      "time": 0,
      "output": "",
      "parsed_errors": [

      ]
    },
    {
      "name": "unit.malformed_inline_map.chai",
      "status": "notrun",
      "time": 0,
      "output": "",
      "parsed_errors": [

      ]
    },
    {
      "name": "unit.map.chai",
      "status": "notrun",
      "time": 0,
      "output": "",
      "parsed_errors": [

      ]
    },
    {
      "name": "unit.map_access.chai",
      "status": "notrun",
      "time": 0,
      "output": "",
      "parsed_errors": [

      ]
    },
    {
      "name": "unit.map_count.chai",
      "status": "notrun",
      "time": 0,
      "output": "",
      "parsed_errors": [

      ]
    },
    {
      "name": "unit.map_inplace_init.chai",
      "status": "notrun",
      "time": 0,
      "output": "",
      "parsed_errors": [

      ]
    },
    {
      "name": "unit.math_add.chai",
      "status": "notrun",
      "time": 0,
      "output": "",
      "parsed_errors": [

      ]
    },
    {
      "name": "unit.math_add_mixed.chai",
      "status": "notrun",
      "time": 0,
      "output": "",
      "parsed_errors": [

      ]
    },
    {
      "name": "unit.math_dec.chai",
      "status": "notrun",
      "time": 0,
      "output": "",
      "parsed_errors": [

      ]
    },
    {
      "name": "unit.math_div.chai",
      "status": "notrun",
      "time": 0,
      "output": "",
      "parsed_errors": [

      ]
    },
    {
      "name": "unit.math_inc.chai",
      "status": "notrun",
      "time": 0,
      "output": "",
      "parsed_errors": [

      ]
    },
    {
      "name": "unit.math_mod.chai",
      "status": "notrun",
      "time": 0,
      "output": "",
      "parsed_errors": [

      ]
    },
    {
      "name": "unit.math_mult.chai",
      "status": "notrun",
      "time": 0,
      "output": "",
      "parsed_errors": [

      ]
    },
    {
      "name": "unit.math_negate.chai",
      "status": "notrun",
      "time": 0,
      "output": "",
      "parsed_errors": [

      ]
    },
    {
      "name": "unit.math_paren.chai",
      "status": "notrun",
      "time": 0,
      "output": "",
      "parsed_errors": [

      ]
    },
    {
      "name": "unit.math_sub.chai",
      "status": "notrun",
      "time": 0,
      "output": "",
      "parsed_errors": [

      ]
    },
    {
      "name": "unit.max.chai",
      "status": "notrun",
      "time": 0,
      "output": "",
      "parsed_errors": [

      ]
    },
    {
      "name": "unit.member_variable_access.chai",
      "status": "notrun",
      "time": 0,
      "output": "",
      "parsed_errors": [

      ]
    },
    {
      "name": "unit.memberscope.chai",
      "status": "notrun",
      "time": 0,
      "output": "",
      "parsed_errors": [

      ]
    },
    {
      "name": "unit.method_missing.chai",
      "status": "notrun",
      "time": 0,
      "output": "",
      "parsed_errors": [

      ]
    },
    {
      "name": "unit.method_sugar.chai",
      "status": "notrun",
      "time": 0,
      "output": "",
      "parsed_errors": [

      ]
    },
    {
      "name": "unit.min.chai",
      "status": "notrun",
      "time": 0,
      "output": "",
      "parsed_errors": [

      ]
    },
    {
      "name": "unit.mmd1.chai",
      "status": "notrun",
      "time": 0,
      "output": "",
      "parsed_errors": [

      ]
    },
    {
      "name": "unit.mmd2.chai",
      "status": "notrun",
      "time": 0,
      "output": "",
      "parsed_errors": [

      ]
    },
    {
      "name": "unit.move_async.chai",
      "status": "notrun",
      "time": 0,
      "output": "",
      "parsed_errors": [

      ]
    },
    {
      "name": "unit.multiline.chai",
      "status": "notrun",
      "time": 0,
      "output": "",
      "parsed_errors": [

      ]
    },
    {
      "name": "unit.multiline_oper.chai",
      "status": "notrun",
      "time": 0,
      "output": "",
      "parsed_errors": [

      ]
    },
    {
      "name": "unit.non_const_param.chai",
      "status": "notrun",
      "time": 0,
      "output": "",
      "parsed_errors": [

      ]
    },
    {
      "name": "unit.null_object_access.chai",
      "status": "notrun",
      "time": 0,
      "output": "",
      "parsed_errors": [

      ]
    },
    {
      "name": "unit.number_formats.chai",
      "status": "notrun",
      "time": 0,
      "output": "",
      "parsed_errors": [

      ]
    },
    {
      "name": "unit.number_suffixes.chai",
      "status": "notrun",
      "time": 0,
      "output": "",
      "parsed_errors": [

      ]
    },
    {
      "name": "unit.object_attr.chai",
      "status": "notrun",
      "time": 0,
      "output": "",
      "parsed_errors": [

      ]
    },
    {
      "name": "unit.object_attr_same_name.chai",
      "status": "notrun",
      "time": 0,
      "output": "",
      "parsed_errors": [

      ]
    },
    {
      "name": "unit.object_clone.chai",
      "status": "notrun",
      "time": 0,
      "output": "",
      "parsed_errors": [

      ]
    },
    {
      "name": "unit.object_constructor_guards.chai",
      "status": "notrun",
      "time": 0,
      "output": "",
      "parsed_errors": [

      ]
    },
    {
      "name": "unit.object_method_guards.chai",
      "status": "notrun",
      "time": 0,
      "output": "",
      "parsed_errors": [

      ]
    },
    {
      "name": "unit.octal_escapes.chai",
      "status": "notrun",
      "time": 0,
      "output": "",
      "parsed_errors": [

      ]
    },
    {
      "name": "unit.odd.chai",
      "status": "notrun",
      "time": 0,
      "output": "",
      "parsed_errors": [

      ]
    },
    {
      "name": "unit.operator_overload.chai",
      "status": "notrun",
      "time": 0,
      "output": "",
      "parsed_errors": [

      ]
    },
    {
      "name": "unit.operator_overload2.chai",
      "status": "notrun",
      "time": 0,
      "output": "",
      "parsed_errors": [

      ]
    },
    {
      "name": "unit.operator_overload3.chai",
      "status": "notrun",
      "time": 0,
      "output": "",
      "parsed_errors": [

      ]
    },
    {
      "name": "unit.operator_overload4.chai",
      "status": "notrun",
      "time": 0,
      "output": "",
      "parsed_errors": [

      ]
    },
    {
      "name": "unit.operator_parsing.chai",
      "status": "notrun",
      "time": 0,
      "output": "",
      "parsed_errors": [

      ]
    },
    {
      "name": "unit.operator_scoping.chai",
      "status": "notrun",
      "time": 0,
      "output": "",
      "parsed_errors": [

      ]
    },
    {
      "name": "unit.operators_float.chai",
      "status": "notrun",
      "time": 0,
      "output": "",
      "parsed_errors": [

      ]
    },
    {
      "name": "unit.operators_int.chai",
      "status": "notrun",
      "time": 0,
      "output": "",
      "parsed_errors": [

      ]
    },
    {
      "name": "unit.order_of_operations.chai",
      "status": "notrun",
      "time": 0,
      "output": "",
      "parsed_errors": [

      ]
    },
    {
      "name": "unit.pair.chai",
      "status": "notrun",
      "time": 0,
      "output": "",
      "parsed_errors": [

      ]
    },
    {
      "name": "unit.parser_test.chai",
      "status": "notrun",
      "time": 0,
      "output": "",
      "parsed_errors": [

      ]
    },
    {
      "name": "unit.pass_by_reference.chai",
      "status": "notrun",
      "time": 0,
      "output": "",
      "parsed_errors": [

      ]
    },
    {
      "name": "unit.performance.chai",
      "status": "notrun",
      "time": 0,
      "output": "",
      "parsed_errors": [

      ]
    },
    {
      "name": "unit.pointer_passed_to_constructor.chai",
      "status": "notrun",
      "time": 0,
      "output": "",
      "parsed_errors": [

      ]
    },
    {
      "name": "unit.precedence_1.chai",
      "status": "notrun",
      "time": 0,
      "output": "",
      "parsed_errors": [

      ]
    },
    {
      "name": "unit.precedence_2.chai",
      "status": "notrun",
      "time": 0,
      "output": "",
      "parsed_errors": [

      ]
    },
    {
      "name": "unit.precedence_3.chai",
      "status": "notrun",
      "time": 0,
      "output": "",
      "parsed_errors": [

      ]
    },
    {
      "name": "unit.precedence_eq.chai",
      "status": "notrun",
      "time": 0,
      "output": "",
      "parsed_errors": [

      ]
    },
    {
      "name": "unit.product.chai",
      "status": "notrun",
      "time": 0,
      "output": "",
      "parsed_errors": [

      ]
    },
    {
      "name": "unit.range.chai",
      "status": "notrun",
      "time": 0,
      "output": "",
      "parsed_errors": [

      ]
    },
    {
      "name": "unit.range_back.chai",
      "status": "notrun",
      "time": 0,
      "output": "",
      "parsed_errors": [

      ]
    },
    {
      "name": "unit.range_contains.chai",
      "status": "notrun",
      "time": 0,
      "output": "",
      "parsed_errors": [

      ]
    },
    {
      "name": "unit.range_find.chai",
      "status": "notrun",
      "time": 0,
      "output": "",
      "parsed_errors": [

      ]
    },
    {
      "name": "unit.range_inplace.chai",
      "status": "notrun",
      "time": 0,
      "output": "",
      "parsed_errors": [

      ]
    },
    {
      "name": "unit.reduce.chai",
      "status": "notrun",
      "time": 0,
      "output": "",
      "parsed_errors": [

      ]
    },
    {
      "name": "unit.reflection_test.chai",
      "status": "notrun",
      "time": 0,
      "output": "",
      "parsed_errors": [

      ]
    },
    {
      "name": "unit.retro.chai",
      "status": "notrun",
      "time": 0,
      "output": "",
      "parsed_errors": [

      ]
    },
    {
      "name": "unit.retroretro.chai",
      "status": "notrun",
      "time": 0,
      "output": "",
      "parsed_errors": [

      ]
    },
    {
      "name": "unit.return.chai",
      "status": "notrun",
      "time": 0,
      "output": "",
      "parsed_errors": [

      ]
    },
    {
      "name": "unit.return_value_assignment.chai",
      "status": "notrun",
      "time": 0,
      "output": "",
      "parsed_errors": [

      ]
    },
    {
      "name": "unit.runtime_error.chai",
      "status": "notrun",
      "time": 0,
      "output": "",
      "parsed_errors": [

      ]
    },
    {
      "name": "unit.scoping.chai",
      "status": "notrun",
      "time": 0,
      "output": "",
      "parsed_errors": [

      ]
    },
    {
      "name": "unit.shared_ptr_update.chai",
      "status": "notrun",
      "time": 0,
      "output": "",
      "parsed_errors": [

      ]
    },
    {
      "name": "unit.shift.chai",
      "status": "notrun",
      "time": 0,
      "output": "",
      "parsed_errors": [

      ]
    },
    {
      "name": "unit.string_charptr.chai",
      "status": "notrun",
      "time": 0,
      "output": "",
      "parsed_errors": [

      ]
    },
    {
      "name": "unit.string_concat.chai",
      "status": "notrun",
      "time": 0,
      "output": "",
      "parsed_errors": [

      ]
    },
    {
      "name": "unit.string_find.chai",
      "status": "notrun",
      "time": 0,
      "output": "",
      "parsed_errors": [

      ]
    },
    {
      "name": "unit.string_find_first_not_of.chai",
      "status": "notrun",
      "time": 0,
      "output": "",
      "parsed_errors": [

      ]
    },
    {
      "name": "unit.string_find_first_of.chai",
      "status": "notrun",
      "time": 0,
      "output": "",
      "parsed_errors": [

      ]
    },
    {
      "name": "unit.string_find_last_not_of.chai",
      "status": "notrun",
      "time": 0,
      "output": "",
      "parsed_errors": [

      ]
    },
    {
      "name": "unit.string_find_last_of.chai",
      "status": "notrun",
      "time": 0,
      "output": "",
      "parsed_errors": [

      ]
    },
    {
      "name": "unit.string_init.chai",
      "status": "notrun",
      "time": 0,
      "output": "",
      "parsed_errors": [

      ]
    },
    {
      "name": "unit.string_literal_access.chai",
      "status": "notrun",
      "time": 0,
      "output": "",
      "parsed_errors": [

      ]
    },
    {
      "name": "unit.string_rfind.chai",
      "status": "notrun",
      "time": 0,
      "output": "",
      "parsed_errors": [

      ]
    },
    {
      "name": "unit.string_size.chai",
      "status": "notrun",
      "time": 0,
      "output": "",
      "parsed_errors": [

      ]
    },
    {
      "name": "unit.string_substr.chai",
      "status": "notrun",
      "time": 0,
      "output": "",
      "parsed_errors": [

      ]
    },
    {
      "name": "unit.sum.chai",
      "status": "notrun",
      "time": 0,
      "output": "",
      "parsed_errors": [

      ]
    },
    {
      "name": "unit.switch_break.chai",
      "status": "notrun",
      "time": 0,
      "output": "",
      "parsed_errors": [

      ]
    },
    {
      "name": "unit.switch_default.chai",
      "status": "notrun",
      "time": 0,
      "output": "",
      "parsed_errors": [

      ]
    },
    {
      "name": "unit.switch_default_2.chai",
      "status": "notrun",
      "time": 0,
      "output": "",
      "parsed_errors": [

      ]
    },
    {
      "name": "unit.switch_empty.chai",
      "status": "notrun",
      "time": 0,
      "output": "",
      "parsed_errors": [

      ]
    },
    {
      "name": "unit.switch_fallthru.chai",
      "status": "notrun",
      "time": 0,
      "output": "",
      "parsed_errors": [

      ]
    },
    {
      "name": "unit.switch_fallthru_and_break.chai",
      "status": "notrun",
      "time": 0,
      "output": "",
      "parsed_errors": [

      ]
    },
    {
      "name": "unit.system_introspection.chai",
      "status": "notrun",
      "time": 0,
      "output": "",
      "parsed_errors": [

      ]
    },
    {
      "name": "unit.take.chai",
      "status": "notrun",
      "time": 0,
      "output": "",
      "parsed_errors": [

      ]
    },
    {
      "name": "unit.take_while.chai",
      "status": "notrun",
      "time": 0,
      "output": "",
      "parsed_errors": [

      ]
    },
    {
      "name": "unit.temporary_lifetime.chai",
      "status": "notrun",
      "time": 0,
      "output": "",
      "parsed_errors": [

      ]
    },
    {
      "name": "unit.ternary_condition.chai",
      "status": "notrun",
      "time": 0,
      "output": "",
      "parsed_errors": [

      ]
    },
    {
      "name": "unit.type_info.chai",
      "status": "notrun",
      "time": 0,
      "output": "",
      "parsed_errors": [

      ]
    },
    {
      "name": "unit.use.chai",
      "status": "notrun",
      "time": 0,
      "output": "",
      "parsed_errors": [

      ]
    },
    {
      "name": "unit.user_defined_conversions.chai",
      "status": "notrun",
      "time": 0,
      "output": "",
      "parsed_errors": [

      ]
    },
    {
      "name": "unit.user_defined_conversions_2.chai",
      "status": "notrun",
      "time": 0,
      "output": "",
      "parsed_errors": [

      ]
    },
    {
      "name": "unit.var_decl.chai",
      "status": "notrun",
      "time": 0,
      "output": "",
      "parsed_errors": [

      ]
    },
    {
      "name": "unit.var_ref_decl.chai",
      "status": "notrun",
      "time": 0,
      "output": "",
      "parsed_errors": [

      ]
    },
    {
      "name": "unit.variable_redefinition.chai",
      "status": "notrun",
      "time": 0,
      "output": "",
      "parsed_errors": [

      ]
    },
    {
      "name": "unit.vector_access.chai",
      "status": "notrun",
      "time": 0,
      "output": "",
      "parsed_errors": [

      ]
    },
    {
      "name": "unit.vector_assignment.chai",
      "status": "notrun",
      "time": 0,
      "output": "",
      "parsed_errors": [

      ]
    },
    {
      "name": "unit.vector_assignment_3.chai",
      "status": "notrun",
      "time": 0,
      "output": "",
      "parsed_errors": [

      ]
    },
    {
      "name": "unit.vector_erase_at.chai",
      "status": "notrun",
      "time": 0,
      "output": "",
      "parsed_errors": [

      ]
    },
    {
      "name": "unit.vector_inplace_init.chai",
      "status": "notrun",
      "time": 0,
      "output": "",
      "parsed_errors": [

      ]
    },
    {
      "name": "unit.vector_insert_at.chai",
      "status": "notrun",
      "time": 0,
      "output": "",
      "parsed_errors": [

      ]
    },
    {
      "name": "unit.vector_literal_acccess.chai",
      "status": "notrun",
      "time": 0,
      "output": "",
      "parsed_errors": [

      ]
    },
    {
      "name": "unit.vector_of_one.chai",
      "status": "notrun",
      "time": 0,
      "output": "",
      "parsed_errors": [

      ]
    },
    {
      "name": "unit.vector_of_suffixed_numbers.chai",
      "status": "notrun",
      "time": 0,
      "output": "",
      "parsed_errors": [

      ]
    },
    {
      "name": "unit.vector_paren_literal_access.chai",
      "status": "notrun",
      "time": 0,
      "output": "",
      "parsed_errors": [

      ]
    },
    {
      "name": "unit.vector_push_back.chai",
      "status": "notrun",
      "time": 0,
      "output": "",
      "parsed_errors": [

      ]
    },
    {
      "name": "unit.vector_push_empty.chai",
      "status": "notrun",
      "time": 0,
      "output": "",
      "parsed_errors": [

      ]
    },
    {
      "name": "unit.zip.chai",
      "status": "notrun",
      "time": 0,
      "output": "",
      "parsed_errors": [

      ]
    },
    {
      "name": "unit.zip_with.chai",
      "status": "notrun",
      "time": 0,
      "output": "",
      "parsed_errors": [

      ]
    },
    {
      "name": "compiled.\"C++11 Lambdas Can Be Registered\"",
      "status": "failed",
      "time": "0.0614815",
      "output": "\n~~~~~~~~~~~~~~~~~~~~~~~~~~~~~~~~~~~~~~~~~~~~~~~~~~~~~~~~~~~~~~~~~~~~~~~~~~~~~~~\ncompiled_tests.exe is a Catch v1.3.5 host application.\nRun with -? for options\n\n-------------------------------------------------------------------------------\nC++11 Lambdas Can Be Registered\n-------------------------------------------------------------------------------\nc:\\ci\\chaiscript-647f8842fd-i386-vs14\\unittests\\compiled_tests.cpp(32)\n...............................................................................\n\nc:\\ci\\chaiscript-647f8842fd-i386-vs14\\unittests\\compiled_tests.cpp(32): FAILED:\ndue to unexpected exception with message:\n  Unable to find module: chaiscript_stdlib-6.0.0 Errors: The specified module\n  could not be found.\n  ; The specified module could not be found.\n  ; The specified module could not be found.\n  ; The specified module could not be found.\n  ; The specified module could not be found.\n  ; The specified module could not be found.\n  ; The specified module could not be found.\n  ; The specified module could not be found.\n  ; The specified module could not be found.\n  ; The specified module could not be found.\n  ; The specified module could not be found.\n  ; The specified module could not be found.\n  \n\n===============================================================================\ntest cases: 1 | 1 failed\nassertions: 1 | 1 failed\n\n",
      "parsed_errors": [

      ]
    },
    {
      "name": "compiled.\"Dynamic_Object attributes can be shared with C++\"",
      "status": "failed",
      "time": "0.0304375",
      "output": "\n~~~~~~~~~~~~~~~~~~~~~~~~~~~~~~~~~~~~~~~~~~~~~~~~~~~~~~~~~~~~~~~~~~~~~~~~~~~~~~~\ncompiled_tests.exe is a Catch v1.3.5 host application.\nRun with -? for options\n\n-------------------------------------------------------------------------------\nDynamic_Object attributes can be shared with C++\n-------------------------------------------------------------------------------\nc:\\ci\\chaiscript-647f8842fd-i386-vs14\\unittests\\compiled_tests.cpp(50)\n...............................................................................\n\nc:\\ci\\chaiscript-647f8842fd-i386-vs14\\unittests\\compiled_tests.cpp(50): FAILED:\ndue to unexpected exception with message:\n  Unable to find module: chaiscript_stdlib-6.0.0 Errors: The specified module\n  could not be found.\n  ; The specified module could not be found.\n  ; The specified module could not be found.\n  ; The specified module could not be found.\n  ; The specified module could not be found.\n  ; The specified module could not be found.\n  ; The specified module could not be found.\n  ; The specified module could not be found.\n  ; The specified module could not be found.\n  ; The specified module could not be found.\n  ; The specified module could not be found.\n  ; The specified module could not be found.\n  \n\n===============================================================================\ntest cases: 1 | 1 failed\nassertions: 1 | 1 failed\n\n",
      "parsed_errors": [

      ]
    },
    {
      "name": "compiled.\"Function objects can be created from chaiscript functions\"",
      "status": "failed",
      "time": "0.0312462",
      "output": "\n~~~~~~~~~~~~~~~~~~~~~~~~~~~~~~~~~~~~~~~~~~~~~~~~~~~~~~~~~~~~~~~~~~~~~~~~~~~~~~~\ncompiled_tests.exe is a Catch v1.3.5 host application.\nRun with -? for options\n\n-------------------------------------------------------------------------------\nFunction objects can be created from chaiscript functions\n-------------------------------------------------------------------------------\nc:\\ci\\chaiscript-647f8842fd-i386-vs14\\unittests\\compiled_tests.cpp(77)\n...............................................................................\n\nc:\\ci\\chaiscript-647f8842fd-i386-vs14\\unittests\\compiled_tests.cpp(77): FAILED:\ndue to unexpected exception with message:\n  Unable to find module: chaiscript_stdlib-6.0.0 Errors: The specified module\n  could not be found.\n  ; The specified module could not be found.\n  ; The specified module could not be found.\n  ; The specified module could not be found.\n  ; The specified module could not be found.\n  ; The specified module could not be found.\n  ; The specified module could not be found.\n  ; The specified module could not be found.\n  ; The specified module could not be found.\n  ; The specified module could not be found.\n  ; The specified module could not be found.\n  ; The specified module could not be found.\n  \n\n===============================================================================\ntest cases: 1 | 1 failed\nassertions: 1 | 1 failed\n\n",
      "parsed_errors": [

      ]
    },
    {
      "name": "compiled.\"ChaiScript can be created and destroyed on heap\"",
      "status": "failed",
      "time": "0.0624962",
      "output": "\n~~~~~~~~~~~~~~~~~~~~~~~~~~~~~~~~~~~~~~~~~~~~~~~~~~~~~~~~~~~~~~~~~~~~~~~~~~~~~~~\ncompiled_tests.exe is a Catch v1.3.5 host application.\nRun with -? for options\n\n-------------------------------------------------------------------------------\nChaiScript can be created and destroyed on heap\n-------------------------------------------------------------------------------\nc:\\ci\\chaiscript-647f8842fd-i386-vs14\\unittests\\compiled_tests.cpp(92)\n...............................................................................\n\nc:\\ci\\chaiscript-647f8842fd-i386-vs14\\unittests\\compiled_tests.cpp(92): FAILED:\ndue to unexpected exception with message:\n  Unable to find module: chaiscript_stdlib-6.0.0 Errors: The specified module\n  could not be found.\n  ; The specified module could not be found.\n  ; The specified module could not be found.\n  ; The specified module could not be found.\n  ; The specified module could not be found.\n  ; The specified module could not be found.\n  ; The specified module could not be found.\n  ; The specified module could not be found.\n  ; The specified module could not be found.\n  ; The specified module could not be found.\n  ; The specified module could not be found.\n  ; The specified module could not be found.\n  \n\n===============================================================================\ntest cases: 1 | 1 failed\nassertions: 1 | 1 failed\n\n",
      "parsed_errors": [

      ]
    },
    {
      "name": "compiled.\"Test automatic arithmetic conversions\"",
      "status": "failed",
      "time": "0.0312786",
      "output": "\n~~~~~~~~~~~~~~~~~~~~~~~~~~~~~~~~~~~~~~~~~~~~~~~~~~~~~~~~~~~~~~~~~~~~~~~~~~~~~~~\ncompiled_tests.exe is a Catch v1.3.5 host application.\nRun with -? for options\n\n-------------------------------------------------------------------------------\nTest automatic arithmetic conversions\n-------------------------------------------------------------------------------\nc:\\ci\\chaiscript-647f8842fd-i386-vs14\\unittests\\compiled_tests.cpp(124)\n...............................................................................\n\nc:\\ci\\chaiscript-647f8842fd-i386-vs14\\unittests\\compiled_tests.cpp(124): FAILED:\ndue to unexpected exception with message:\n  Unable to find module: chaiscript_stdlib-6.0.0 Errors: The specified module\n  could not be found.\n  ; The specified module could not be found.\n  ; The specified module could not be found.\n  ; The specified module could not be found.\n  ; The specified module could not be found.\n  ; The specified module could not be found.\n  ; The specified module could not be found.\n  ; The specified module could not be found.\n  ; The specified module could not be found.\n  ; The specified module could not be found.\n  ; The specified module could not be found.\n  ; The specified module could not be found.\n  \n\n===============================================================================\ntest cases: 1 | 1 failed\nassertions: 1 | 1 failed\n\n",
      "parsed_errors": [

      ]
    },
    {
      "name": "compiled.\"Generic exception handling with C++\"",
      "status": "failed",
      "time": "0.0468655",
      "output": "\n~~~~~~~~~~~~~~~~~~~~~~~~~~~~~~~~~~~~~~~~~~~~~~~~~~~~~~~~~~~~~~~~~~~~~~~~~~~~~~~\ncompiled_tests.exe is a Catch v1.3.5 host application.\nRun with -? for options\n\n-------------------------------------------------------------------------------\nGeneric exception handling with C++\n-------------------------------------------------------------------------------\nc:\\ci\\chaiscript-647f8842fd-i386-vs14\\unittests\\compiled_tests.cpp(165)\n...............................................................................\n\nc:\\ci\\chaiscript-647f8842fd-i386-vs14\\unittests\\compiled_tests.cpp(165): FAILED:\ndue to unexpected exception with message:\n  Unable to find module: chaiscript_stdlib-6.0.0 Errors: The specified module\n  could not be found.\n  ; The specified module could not be found.\n  ; The specified module could not be found.\n  ; The specified module could not be found.\n  ; The specified module could not be found.\n  ; The specified module could not be found.\n  ; The specified module could not be found.\n  ; The specified module could not be found.\n  ; The specified module could not be found.\n  ; The specified module could not be found.\n  ; The specified module could not be found.\n  ; The specified module could not be found.\n  \n\n===============================================================================\ntest cases: 1 | 1 failed\nassertions: 1 | 1 failed\n\n",
      "parsed_errors": [

      ]
    },
    {
      "name": "compiled.\"Throw an int\"",
      "status": "failed",
      "time": "0.0310974",
      "output": "\n~~~~~~~~~~~~~~~~~~~~~~~~~~~~~~~~~~~~~~~~~~~~~~~~~~~~~~~~~~~~~~~~~~~~~~~~~~~~~~~\ncompiled_tests.exe is a Catch v1.3.5 host application.\nRun with -? for options\n\n-------------------------------------------------------------------------------\nThrow an int\n-------------------------------------------------------------------------------\nc:\\ci\\chaiscript-647f8842fd-i386-vs14\\unittests\\compiled_tests.cpp(178)\n...............................................................................\n\nc:\\ci\\chaiscript-647f8842fd-i386-vs14\\unittests\\compiled_tests.cpp(178): FAILED:\ndue to unexpected exception with message:\n  Unable to find module: chaiscript_stdlib-6.0.0 Errors: The specified module\n  could not be found.\n  ; The specified module could not be found.\n  ; The specified module could not be found.\n  ; The specified module could not be found.\n  ; The specified module could not be found.\n  ; The specified module could not be found.\n  ; The specified module could not be found.\n  ; The specified module could not be found.\n  ; The specified module could not be found.\n  ; The specified module could not be found.\n  ; The specified module could not be found.\n  ; The specified module could not be found.\n  \n\n===============================================================================\ntest cases: 1 | 1 failed\nassertions: 1 | 1 failed\n\n",
      "parsed_errors": [

      ]
    },
    {
      "name": "compiled.\"Throw int or double\"",
      "status": "failed",
      "time": "0.0310974",
      "output": "\n~~~~~~~~~~~~~~~~~~~~~~~~~~~~~~~~~~~~~~~~~~~~~~~~~~~~~~~~~~~~~~~~~~~~~~~~~~~~~~~\ncompiled_tests.exe is a Catch v1.3.5 host application.\nRun with -? for options\n\n-------------------------------------------------------------------------------\nThrow int or double\n-------------------------------------------------------------------------------\nc:\\ci\\chaiscript-647f8842fd-i386-vs14\\unittests\\compiled_tests.cpp(190)\n...............................................................................\n\nc:\\ci\\chaiscript-647f8842fd-i386-vs14\\unittests\\compiled_tests.cpp(190): FAILED:\ndue to unexpected exception with message:\n  Unable to find module: chaiscript_stdlib-6.0.0 Errors: The specified module\n  could not be found.\n  ; The specified module could not be found.\n  ; The specified module could not be found.\n  ; The specified module could not be found.\n  ; The specified module could not be found.\n  ; The specified module could not be found.\n  ; The specified module could not be found.\n  ; The specified module could not be found.\n  ; The specified module could not be found.\n  ; The specified module could not be found.\n  ; The specified module could not be found.\n  ; The specified module could not be found.\n  \n\n===============================================================================\ntest cases: 1 | 1 failed\nassertions: 1 | 1 failed\n\n",
      "parsed_errors": [

      ]
    },
    {
      "name": "compiled.\"Throw a runtime_error\"",
      "status": "failed",
      "time": "0.046711",
      "output": "\n~~~~~~~~~~~~~~~~~~~~~~~~~~~~~~~~~~~~~~~~~~~~~~~~~~~~~~~~~~~~~~~~~~~~~~~~~~~~~~~\ncompiled_tests.exe is a Catch v1.3.5 host application.\nRun with -? for options\n\n-------------------------------------------------------------------------------\nThrow a runtime_error\n-------------------------------------------------------------------------------\nc:\\ci\\chaiscript-647f8842fd-i386-vs14\\unittests\\compiled_tests.cpp(202)\n...............................................................................\n\nc:\\ci\\chaiscript-647f8842fd-i386-vs14\\unittests\\compiled_tests.cpp(202): FAILED:\ndue to unexpected exception with message:\n  Unable to find module: chaiscript_stdlib-6.0.0 Errors: The specified module\n  could not be found.\n  ; The specified module could not be found.\n  ; The specified module could not be found.\n  ; The specified module could not be found.\n  ; The specified module could not be found.\n  ; The specified module could not be found.\n  ; The specified module could not be found.\n  ; The specified module could not be found.\n  ; The specified module could not be found.\n  ; The specified module could not be found.\n  ; The specified module could not be found.\n  ; The specified module could not be found.\n  \n\n===============================================================================\ntest cases: 1 | 1 failed\nassertions: 1 | 1 failed\n\n",
      "parsed_errors": [

      ]
    },
    {
      "name": "compiled.\"Throw unhandled type\"",
      "status": "failed",
      "time": "0.0624809",
      "output": "\n~~~~~~~~~~~~~~~~~~~~~~~~~~~~~~~~~~~~~~~~~~~~~~~~~~~~~~~~~~~~~~~~~~~~~~~~~~~~~~~\ncompiled_tests.exe is a Catch v1.3.5 host application.\nRun with -? for options\n\n-------------------------------------------------------------------------------\nThrow unhandled type\n-------------------------------------------------------------------------------\nc:\\ci\\chaiscript-647f8842fd-i386-vs14\\unittests\\compiled_tests.cpp(222)\n...............................................................................\n\nc:\\ci\\chaiscript-647f8842fd-i386-vs14\\unittests\\compiled_tests.cpp(222): FAILED:\ndue to unexpected exception with message:\n  Unable to find module: chaiscript_stdlib-6.0.0 Errors: The specified module\n  could not be found.\n  ; The specified module could not be found.\n  ; The specified module could not be found.\n  ; The specified module could not be found.\n  ; The specified module could not be found.\n  ; The specified module could not be found.\n  ; The specified module could not be found.\n  ; The specified module could not be found.\n  ; The specified module could not be found.\n  ; The specified module could not be found.\n  ; The specified module could not be found.\n  ; The specified module could not be found.\n  \n\n===============================================================================\ntest cases: 1 | 1 failed\nassertions: 1 | 1 failed\n\n",
      "parsed_errors": [

      ]
    },
    {
      "name": "compiled.\"No unexpected exceptions leak\"",
      "status": "failed",
      "time": "0.0311089",
      "output": "\n~~~~~~~~~~~~~~~~~~~~~~~~~~~~~~~~~~~~~~~~~~~~~~~~~~~~~~~~~~~~~~~~~~~~~~~~~~~~~~~\ncompiled_tests.exe is a Catch v1.3.5 host application.\nRun with -? for options\n\n-------------------------------------------------------------------------------\nNo unexpected exceptions leak\n-------------------------------------------------------------------------------\nc:\\ci\\chaiscript-647f8842fd-i386-vs14\\unittests\\compiled_tests.cpp(251)\n...............................................................................\n\nc:\\ci\\chaiscript-647f8842fd-i386-vs14\\unittests\\compiled_tests.cpp(251): FAILED:\ndue to unexpected exception with message:\n  Unable to find module: chaiscript_stdlib-6.0.0 Errors: The specified module\n  could not be found.\n  ; The specified module could not be found.\n  ; The specified module could not be found.\n  ; The specified module could not be found.\n  ; The specified module could not be found.\n  ; The specified module could not be found.\n  ; The specified module could not be found.\n  ; The specified module could not be found.\n  ; The specified module could not be found.\n  ; The specified module could not be found.\n  ; The specified module could not be found.\n  ; The specified module could not be found.\n  \n\n===============================================================================\ntest cases: 1 | 1 failed\nassertions: 1 | 1 failed\n\n",
      "parsed_errors": [

      ]
    },
    {
      "name": "compiled.\"Function ordering\"",
      "status": "failed",
      "time": "0.0636845",
      "output": "\n~~~~~~~~~~~~~~~~~~~~~~~~~~~~~~~~~~~~~~~~~~~~~~~~~~~~~~~~~~~~~~~~~~~~~~~~~~~~~~~\ncompiled_tests.exe is a Catch v1.3.5 host application.\nRun with -? for options\n\n-------------------------------------------------------------------------------\nFunction ordering\n-------------------------------------------------------------------------------\nc:\\ci\\chaiscript-647f8842fd-i386-vs14\\unittests\\compiled_tests.cpp(314)\n...............................................................................\n\nc:\\ci\\chaiscript-647f8842fd-i386-vs14\\unittests\\compiled_tests.cpp(314): FAILED:\ndue to unexpected exception with message:\n  Unable to find module: chaiscript_stdlib-6.0.0 Errors: The specified module\n  could not be found.\n  ; The specified module could not be found.\n  ; The specified module could not be found.\n  ; The specified module could not be found.\n  ; The specified module could not be found.\n  ; The specified module could not be found.\n  ; The specified module could not be found.\n  ; The specified module could not be found.\n  ; The specified module could not be found.\n  ; The specified module could not be found.\n  ; The specified module could not be found.\n  ; The specified module could not be found.\n  \n\n===============================================================================\ntest cases: 1 | 1 failed\nassertions: 1 | 1 failed\n\n",
      "parsed_errors": [

      ]
    },
    {
      "name": "compiled.\"Functor cast\"",
      "status": "failed",
      "time": "0.0312557",
      "output": "\n~~~~~~~~~~~~~~~~~~~~~~~~~~~~~~~~~~~~~~~~~~~~~~~~~~~~~~~~~~~~~~~~~~~~~~~~~~~~~~~\ncompiled_tests.exe is a Catch v1.3.5 host application.\nRun with -? for options\n\n-------------------------------------------------------------------------------\nFunctor cast\n-------------------------------------------------------------------------------\nc:\\ci\\chaiscript-647f8842fd-i386-vs14\\unittests\\compiled_tests.cpp(337)\n...............................................................................\n\nc:\\ci\\chaiscript-647f8842fd-i386-vs14\\unittests\\compiled_tests.cpp(337): FAILED:\ndue to unexpected exception with message:\n  Unable to find module: chaiscript_stdlib-6.0.0 Errors: The specified module\n  could not be found.\n  ; The specified module could not be found.\n  ; The specified module could not be found.\n  ; The specified module could not be found.\n  ; The specified module could not be found.\n  ; The specified module could not be found.\n  ; The specified module could not be found.\n  ; The specified module could not be found.\n  ; The specified module could not be found.\n  ; The specified module could not be found.\n  ; The specified module could not be found.\n  ; The specified module could not be found.\n  \n\n===============================================================================\ntest cases: 1 | 1 failed\nassertions: 1 | 1 failed\n\n",
      "parsed_errors": [

      ]
    },
    {
      "name": "compiled.\"Set and restore chai state\"",
      "status": "failed",
      "time": "0.0312557",
      "output": "\n~~~~~~~~~~~~~~~~~~~~~~~~~~~~~~~~~~~~~~~~~~~~~~~~~~~~~~~~~~~~~~~~~~~~~~~~~~~~~~~\ncompiled_tests.exe is a Catch v1.3.5 host application.\nRun with -? for options\n\n-------------------------------------------------------------------------------\nSet and restore chai state\n-------------------------------------------------------------------------------\nc:\\ci\\chaiscript-647f8842fd-i386-vs14\\unittests\\compiled_tests.cpp(357)\n...............................................................................\n\nc:\\ci\\chaiscript-647f8842fd-i386-vs14\\unittests\\compiled_tests.cpp(357): FAILED:\ndue to unexpected exception with message:\n  Unable to find module: chaiscript_stdlib-6.0.0 Errors: The specified module\n  could not be found.\n  ; The specified module could not be found.\n  ; The specified module could not be found.\n  ; The specified module could not be found.\n  ; The specified module could not be found.\n  ; The specified module could not be found.\n  ; The specified module could not be found.\n  ; The specified module could not be found.\n  ; The specified module could not be found.\n  ; The specified module could not be found.\n  ; The specified module could not be found.\n  ; The specified module could not be found.\n  \n\n===============================================================================\ntest cases: 1 | 1 failed\nassertions: 1 | 1 failed\n\n",
      "parsed_errors": [

      ]
    },
    {
      "name": "compiled.\"Test lookup of type names\"",
      "status": "failed",
      "time": "0.0630493",
      "output": "\n~~~~~~~~~~~~~~~~~~~~~~~~~~~~~~~~~~~~~~~~~~~~~~~~~~~~~~~~~~~~~~~~~~~~~~~~~~~~~~~\ncompiled_tests.exe is a Catch v1.3.5 host application.\nRun with -? for options\n\n-------------------------------------------------------------------------------\nTest lookup of type names\n-------------------------------------------------------------------------------\nc:\\ci\\chaiscript-647f8842fd-i386-vs14\\unittests\\compiled_tests.cpp(426)\n...............................................................................\n\nc:\\ci\\chaiscript-647f8842fd-i386-vs14\\unittests\\compiled_tests.cpp(426): FAILED:\ndue to unexpected exception with message:\n  Unable to find module: chaiscript_stdlib-6.0.0 Errors: The specified module\n  could not be found.\n  ; The specified module could not be found.\n  ; The specified module could not be found.\n  ; The specified module could not be found.\n  ; The specified module could not be found.\n  ; The specified module could not be found.\n  ; The specified module could not be found.\n  ; The specified module could not be found.\n  ; The specified module could not be found.\n  ; The specified module could not be found.\n  ; The specified module could not be found.\n  ; The specified module could not be found.\n  \n\n===============================================================================\ntest cases: 1 | 1 failed\nassertions: 1 | 1 failed\n\n",
      "parsed_errors": [

      ]
    },
    {
      "name": "compiled.\"Short comparison with int\"",
      "status": "failed",
      "time": "0.0630493",
      "output": "\n~~~~~~~~~~~~~~~~~~~~~~~~~~~~~~~~~~~~~~~~~~~~~~~~~~~~~~~~~~~~~~~~~~~~~~~~~~~~~~~\ncompiled_tests.exe is a Catch v1.3.5 host application.\nRun with -? for options\n\n-------------------------------------------------------------------------------\nShort comparison with int\n-------------------------------------------------------------------------------\nc:\\ci\\chaiscript-647f8842fd-i386-vs14\\unittests\\compiled_tests.cpp(403)\n...............................................................................\n\nc:\\ci\\chaiscript-647f8842fd-i386-vs14\\unittests\\compiled_tests.cpp(403): FAILED:\ndue to unexpected exception with message:\n  Unable to find module: chaiscript_stdlib-6.0.0 Errors: The specified module\n  could not be found.\n  ; The specified module could not be found.\n  ; The specified module could not be found.\n  ; The specified module could not be found.\n  ; The specified module could not be found.\n  ; The specified module could not be found.\n  ; The specified module could not be found.\n  ; The specified module could not be found.\n  ; The specified module could not be found.\n  ; The specified module could not be found.\n  ; The specified module could not be found.\n  ; The specified module could not be found.\n  \n\n===============================================================================\ntest cases: 1 | 1 failed\nassertions: 1 | 1 failed\n\n",
      "parsed_errors": [

      ]
    },
    {
      "name": "compiled.\"Utility_Test utility class wrapper\"",
      "status": "failed",
      "time": "0.0625134",
      "output": "\n~~~~~~~~~~~~~~~~~~~~~~~~~~~~~~~~~~~~~~~~~~~~~~~~~~~~~~~~~~~~~~~~~~~~~~~~~~~~~~~\ncompiled_tests.exe is a Catch v1.3.5 host application.\nRun with -? for options\n\n-------------------------------------------------------------------------------\nUtility_Test utility class wrapper\n-------------------------------------------------------------------------------\nc:\\ci\\chaiscript-647f8842fd-i386-vs14\\unittests\\compiled_tests.cpp(486)\n...............................................................................\n\nc:\\ci\\chaiscript-647f8842fd-i386-vs14\\unittests\\compiled_tests.cpp(486): FAILED:\ndue to unexpected exception with message:\n  Unable to find module: chaiscript_stdlib-6.0.0 Errors: The specified module\n  could not be found.\n  ; The specified module could not be found.\n  ; The specified module could not be found.\n  ; The specified module could not be found.\n  ; The specified module could not be found.\n  ; The specified module could not be found.\n  ; The specified module could not be found.\n  ; The specified module could not be found.\n  ; The specified module could not be found.\n  ; The specified module could not be found.\n  ; The specified module could not be found.\n  ; The specified module could not be found.\n  \n\n===============================================================================\ntest cases: 1 | 1 failed\nassertions: 1 | 1 failed\n\n",
      "parsed_errors": [

      ]
    },
    {
      "name": "compiled.\"Simultaneous ChaiScript tests\"",
      "status": "failed",
      "time": "0.0625134",
      "output": "\n~~~~~~~~~~~~~~~~~~~~~~~~~~~~~~~~~~~~~~~~~~~~~~~~~~~~~~~~~~~~~~~~~~~~~~~~~~~~~~~\ncompiled_tests.exe is a Catch v1.3.5 host application.\nRun with -? for options\n\n-------------------------------------------------------------------------------\nSimultaneous ChaiScript tests\n-------------------------------------------------------------------------------\nc:\\ci\\chaiscript-647f8842fd-i386-vs14\\unittests\\compiled_tests.cpp(452)\n...............................................................................\n\nc:\\ci\\chaiscript-647f8842fd-i386-vs14\\unittests\\compiled_tests.cpp(452): FAILED:\ndue to unexpected exception with message:\n  Unable to find module: chaiscript_stdlib-6.0.0 Errors: The specified module\n  could not be found.\n  ; The specified module could not be found.\n  ; The specified module could not be found.\n  ; The specified module could not be found.\n  ; The specified module could not be found.\n  ; The specified module could not be found.\n  ; The specified module could not be found.\n  ; The specified module could not be found.\n  ; The specified module could not be found.\n  ; The specified module could not be found.\n  ; The specified module could not be found.\n  ; The specified module could not be found.\n  \n\n===============================================================================\ntest cases: 1 | 1 failed\nassertions: 1 | 1 failed\n\n",
      "parsed_errors": [

      ]
    },
    {
      "name": "compiled.\"Object copy counts\"",
      "status": "failed",
      "time": "0.0633602",
      "output": "\n~~~~~~~~~~~~~~~~~~~~~~~~~~~~~~~~~~~~~~~~~~~~~~~~~~~~~~~~~~~~~~~~~~~~~~~~~~~~~~~\ncompiled_tests.exe is a Catch v1.3.5 host application.\nRun with -? for options\n\n-------------------------------------------------------------------------------\nObject copy counts\n-------------------------------------------------------------------------------\nc:\\ci\\chaiscript-647f8842fd-i386-vs14\\unittests\\compiled_tests.cpp(638)\n...............................................................................\n\nc:\\ci\\chaiscript-647f8842fd-i386-vs14\\unittests\\compiled_tests.cpp(638): FAILED:\ndue to unexpected exception with message:\n  Unable to find module: chaiscript_stdlib-6.0.0 Errors: The specified module\n  could not be found.\n  ; The specified module could not be found.\n  ; The specified module could not be found.\n  ; The specified module could not be found.\n  ; The specified module could not be found.\n  ; The specified module could not be found.\n  ; The specified module could not be found.\n  ; The specified module could not be found.\n  ; The specified module could not be found.\n  ; The specified module could not be found.\n  ; The specified module could not be found.\n  ; The specified module could not be found.\n  \n\n===============================================================================\ntest cases: 1 | 1 failed\nassertions: 1 | 1 failed\n\n",
      "parsed_errors": [

      ]
    },
    {
      "name": "compiled.\"Utility_Test utility class wrapper for enum\"",
      "status": "failed",
      "time": "0.0633602",
      "output": "\n~~~~~~~~~~~~~~~~~~~~~~~~~~~~~~~~~~~~~~~~~~~~~~~~~~~~~~~~~~~~~~~~~~~~~~~~~~~~~~~\ncompiled_tests.exe is a Catch v1.3.5 host application.\nRun with -? for options\n\n-------------------------------------------------------------------------------\nUtility_Test utility class wrapper for enum\n-------------------------------------------------------------------------------\nc:\\ci\\chaiscript-647f8842fd-i386-vs14\\unittests\\compiled_tests.cpp(535)\n...............................................................................\n\nc:\\ci\\chaiscript-647f8842fd-i386-vs14\\unittests\\compiled_tests.cpp(535): FAILED:\ndue to unexpected exception with message:\n  Unable to find module: chaiscript_stdlib-6.0.0 Errors: The specified module\n  could not be found.\n  ; The specified module could not be found.\n  ; The specified module could not be found.\n  ; The specified module could not be found.\n  ; The specified module could not be found.\n  ; The specified module could not be found.\n  ; The specified module could not be found.\n  ; The specified module could not be found.\n  ; The specified module could not be found.\n  ; The specified module could not be found.\n  ; The specified module could not be found.\n  ; The specified module could not be found.\n  \n\n===============================================================================\ntest cases: 1 | 1 failed\nassertions: 1 | 1 failed\n\n",
      "parsed_errors": [

      ]
    },
    {
      "name": "compiled.\"Object lifetime tests\"",
      "status": "failed",
      "time": "0.0314789",
      "output": "\n~~~~~~~~~~~~~~~~~~~~~~~~~~~~~~~~~~~~~~~~~~~~~~~~~~~~~~~~~~~~~~~~~~~~~~~~~~~~~~~\ncompiled_tests.exe is a Catch v1.3.5 host application.\nRun with -? for options\n\n-------------------------------------------------------------------------------\nObject lifetime tests\n-------------------------------------------------------------------------------\nc:\\ci\\chaiscript-647f8842fd-i386-vs14\\unittests\\compiled_tests.cpp(694)\n...............................................................................\n\nc:\\ci\\chaiscript-647f8842fd-i386-vs14\\unittests\\compiled_tests.cpp(694): FAILED:\ndue to unexpected exception with message:\n  Unable to find module: chaiscript_stdlib-6.0.0 Errors: The specified module\n  could not be found.\n  ; The specified module could not be found.\n  ; The specified module could not be found.\n  ; The specified module could not be found.\n  ; The specified module could not be found.\n  ; The specified module could not be found.\n  ; The specified module could not be found.\n  ; The specified module could not be found.\n  ; The specified module could not be found.\n  ; The specified module could not be found.\n  ; The specified module could not be found.\n  ; The specified module could not be found.\n  \n\n===============================================================================\ntest cases: 1 | 1 failed\nassertions: 1 | 1 failed\n\n",
      "parsed_errors": [

      ]
    },
    {
      "name": "compiled.\"Object lifetime test 2\"",
      "status": "failed",
      "time": "0.0614986",
      "output": "\n~~~~~~~~~~~~~~~~~~~~~~~~~~~~~~~~~~~~~~~~~~~~~~~~~~~~~~~~~~~~~~~~~~~~~~~~~~~~~~~\ncompiled_tests.exe is a Catch v1.3.5 host application.\nRun with -? for options\n\n-------------------------------------------------------------------------------\nObject lifetime test 2\n-------------------------------------------------------------------------------\nc:\\ci\\chaiscript-647f8842fd-i386-vs14\\unittests\\compiled_tests.cpp(754)\n...............................................................................\n\nc:\\ci\\chaiscript-647f8842fd-i386-vs14\\unittests\\compiled_tests.cpp(754): FAILED:\ndue to unexpected exception with message:\n  Unable to find module: chaiscript_stdlib-6.0.0 Errors: The specified module\n  could not be found.\n  ; The specified module could not be found.\n  ; The specified module could not be found.\n  ; The specified module could not be found.\n  ; The specified module could not be found.\n  ; The specified module could not be found.\n  ; The specified module could not be found.\n  ; The specified module could not be found.\n  ; The specified module could not be found.\n  ; The specified module could not be found.\n  ; The specified module could not be found.\n  ; The specified module could not be found.\n  \n\n===============================================================================\ntest cases: 1 | 1 failed\nassertions: 1 | 1 failed\n\n",
      "parsed_errors": [

      ]
    },
    {
      "name": "compiled.\"Variable Scope When Calling From C++\"",
      "status": "failed",
      "time": "0.032217",
      "output": "\n~~~~~~~~~~~~~~~~~~~~~~~~~~~~~~~~~~~~~~~~~~~~~~~~~~~~~~~~~~~~~~~~~~~~~~~~~~~~~~~\ncompiled_tests.exe is a Catch v1.3.5 host application.\nRun with -? for options\n\n-------------------------------------------------------------------------------\nVariable Scope When Calling From C++\n-------------------------------------------------------------------------------\nc:\\ci\\chaiscript-647f8842fd-i386-vs14\\unittests\\compiled_tests.cpp(814)\n...............................................................................\n\nc:\\ci\\chaiscript-647f8842fd-i386-vs14\\unittests\\compiled_tests.cpp(814): FAILED:\ndue to unexpected exception with message:\n  Unable to find module: chaiscript_stdlib-6.0.0 Errors: The specified module\n  could not be found.\n  ; The specified module could not be found.\n  ; The specified module could not be found.\n  ; The specified module could not be found.\n  ; The specified module could not be found.\n  ; The specified module could not be found.\n  ; The specified module could not be found.\n  ; The specified module could not be found.\n  ; The specified module could not be found.\n  ; The specified module could not be found.\n  ; The specified module could not be found.\n  ; The specified module could not be found.\n  \n\n===============================================================================\ntest cases: 1 | 1 failed\nassertions: 1 | 1 failed\n\n",
      "parsed_errors": [

      ]
    },
    {
      "name": "compiled.\"Test Derived->Base with non-polymorphic classes\"",
      "status": "failed",
      "time": "0.0625057",
      "output": "\n~~~~~~~~~~~~~~~~~~~~~~~~~~~~~~~~~~~~~~~~~~~~~~~~~~~~~~~~~~~~~~~~~~~~~~~~~~~~~~~\ncompiled_tests.exe is a Catch v1.3.5 host application.\nRun with -? for options\n\n-------------------------------------------------------------------------------\nTest Derived->Base with non-polymorphic classes\n-------------------------------------------------------------------------------\nc:\\ci\\chaiscript-647f8842fd-i386-vs14\\unittests\\compiled_tests.cpp(795)\n...............................................................................\n\nc:\\ci\\chaiscript-647f8842fd-i386-vs14\\unittests\\compiled_tests.cpp(795): FAILED:\ndue to unexpected exception with message:\n  Unable to find module: chaiscript_stdlib-6.0.0 Errors: The specified module\n  could not be found.\n  ; The specified module could not be found.\n  ; The specified module could not be found.\n  ; The specified module could not be found.\n  ; The specified module could not be found.\n  ; The specified module could not be found.\n  ; The specified module could not be found.\n  ; The specified module could not be found.\n  ; The specified module could not be found.\n  ; The specified module could not be found.\n  ; The specified module could not be found.\n  ; The specified module could not be found.\n  \n\n===============================================================================\ntest cases: 1 | 1 failed\nassertions: 1 | 1 failed\n\n",
      "parsed_errors": [

      ]
    },
    {
      "name": "compiled.\"Variable Scope When Calling From C++ 2\"",
      "status": "failed",
      "time": "0.0634766",
      "output": "\n~~~~~~~~~~~~~~~~~~~~~~~~~~~~~~~~~~~~~~~~~~~~~~~~~~~~~~~~~~~~~~~~~~~~~~~~~~~~~~~\ncompiled_tests.exe is a Catch v1.3.5 host application.\nRun with -? for options\n\n-------------------------------------------------------------------------------\nVariable Scope When Calling From C++ 2\n-------------------------------------------------------------------------------\nc:\\ci\\chaiscript-647f8842fd-i386-vs14\\unittests\\compiled_tests.cpp(837)\n...............................................................................\n\nc:\\ci\\chaiscript-647f8842fd-i386-vs14\\unittests\\compiled_tests.cpp(837): FAILED:\ndue to unexpected exception with message:\n  Unable to find module: chaiscript_stdlib-6.0.0 Errors: The specified module\n  could not be found.\n  ; The specified module could not be found.\n  ; The specified module could not be found.\n  ; The specified module could not be found.\n  ; The specified module could not be found.\n  ; The specified module could not be found.\n  ; The specified module could not be found.\n  ; The specified module could not be found.\n  ; The specified module could not be found.\n  ; The specified module could not be found.\n  ; The specified module could not be found.\n  ; The specified module could not be found.\n  \n\n===============================================================================\ntest cases: 1 | 1 failed\nassertions: 1 | 1 failed\n\n",
      "parsed_errors": [

      ]
    },
    {
      "name": "compiled.\"Test long long dispatch\"",
      "status": "failed",
      "time": "0.0791874",
      "output": "\n~~~~~~~~~~~~~~~~~~~~~~~~~~~~~~~~~~~~~~~~~~~~~~~~~~~~~~~~~~~~~~~~~~~~~~~~~~~~~~~\ncompiled_tests.exe is a Catch v1.3.5 host application.\nRun with -? for options\n\n-------------------------------------------------------------------------------\nTest long long dispatch\n-------------------------------------------------------------------------------\nc:\\ci\\chaiscript-647f8842fd-i386-vs14\\unittests\\compiled_tests.cpp(854)\n...............................................................................\n\nc:\\ci\\chaiscript-647f8842fd-i386-vs14\\unittests\\compiled_tests.cpp(854): FAILED:\ndue to unexpected exception with message:\n  Unable to find module: chaiscript_stdlib-6.0.0 Errors: The specified module\n  could not be found.\n  ; The specified module could not be found.\n  ; The specified module could not be found.\n  ; The specified module could not be found.\n  ; The specified module could not be found.\n  ; The specified module could not be found.\n  ; The specified module could not be found.\n  ; The specified module could not be found.\n  ; The specified module could not be found.\n  ; The specified module could not be found.\n  ; The specified module could not be found.\n  ; The specified module could not be found.\n  \n\n===============================================================================\ntest cases: 1 | 1 failed\nassertions: 1 | 1 failed\n\n",
      "parsed_errors": [

      ]
    },
    {
      "name": "compiled.\"Map conversions\"",
      "status": "failed",
      "time": "0.0301819",
      "output": "\n~~~~~~~~~~~~~~~~~~~~~~~~~~~~~~~~~~~~~~~~~~~~~~~~~~~~~~~~~~~~~~~~~~~~~~~~~~~~~~~\ncompiled_tests.exe is a Catch v1.3.5 host application.\nRun with -? for options\n\n-------------------------------------------------------------------------------\nMap conversions\n-------------------------------------------------------------------------------\nc:\\ci\\chaiscript-647f8842fd-i386-vs14\\unittests\\compiled_tests.cpp(922)\n...............................................................................\n\nc:\\ci\\chaiscript-647f8842fd-i386-vs14\\unittests\\compiled_tests.cpp(922): FAILED:\ndue to unexpected exception with message:\n  Unable to find module: chaiscript_stdlib-6.0.0 Errors: The specified module\n  could not be found.\n  ; The specified module could not be found.\n  ; The specified module could not be found.\n  ; The specified module could not be found.\n  ; The specified module could not be found.\n  ; The specified module could not be found.\n  ; The specified module could not be found.\n  ; The specified module could not be found.\n  ; The specified module could not be found.\n  ; The specified module could not be found.\n  ; The specified module could not be found.\n  ; The specified module could not be found.\n  \n\n===============================================================================\ntest cases: 1 | 1 failed\nassertions: 1 | 1 failed\n\n",
      "parsed_errors": [

      ]
    },
    {
      "name": "compiled.\"Return of converted type from script\"",
      "status": "failed",
      "time": "0.045866",
      "output": "\n~~~~~~~~~~~~~~~~~~~~~~~~~~~~~~~~~~~~~~~~~~~~~~~~~~~~~~~~~~~~~~~~~~~~~~~~~~~~~~~\ncompiled_tests.exe is a Catch v1.3.5 host application.\nRun with -? for options\n\n-------------------------------------------------------------------------------\nReturn of converted type from script\n-------------------------------------------------------------------------------\nc:\\ci\\chaiscript-647f8842fd-i386-vs14\\unittests\\compiled_tests.cpp(874)\n...............................................................................\n\nc:\\ci\\chaiscript-647f8842fd-i386-vs14\\unittests\\compiled_tests.cpp(874): FAILED:\ndue to unexpected exception with message:\n  Unable to find module: chaiscript_stdlib-6.0.0 Errors: The specified module\n  could not be found.\n  ; The specified module could not be found.\n  ; The specified module could not be found.\n  ; The specified module could not be found.\n  ; The specified module could not be found.\n  ; The specified module could not be found.\n  ; The specified module could not be found.\n  ; The specified module could not be found.\n  ; The specified module could not be found.\n  ; The specified module could not be found.\n  ; The specified module could not be found.\n  ; The specified module could not be found.\n  \n\n===============================================================================\ntest cases: 1 | 1 failed\nassertions: 1 | 1 failed\n\n",
      "parsed_errors": [

      ]
    },
    {
      "name": "compiled.\"Parse floats with non-posix locale\"",
      "status": "failed",
      "time": "0.0478172",
      "output": "\n~~~~~~~~~~~~~~~~~~~~~~~~~~~~~~~~~~~~~~~~~~~~~~~~~~~~~~~~~~~~~~~~~~~~~~~~~~~~~~~\ncompiled_tests.exe is a Catch v1.3.5 host application.\nRun with -? for options\n\n-------------------------------------------------------------------------------\nParse floats with non-posix locale\n-------------------------------------------------------------------------------\nc:\\ci\\chaiscript-647f8842fd-i386-vs14\\unittests\\compiled_tests.cpp(937)\n...............................................................................\n\nc:\\ci\\chaiscript-647f8842fd-i386-vs14\\unittests\\compiled_tests.cpp(937): FAILED:\ndue to unexpected exception with message:\n  Unable to find module: chaiscript_stdlib-6.0.0 Errors: The specified module\n  could not be found.\n  ; The specified module could not be found.\n  ; The specified module could not be found.\n  ; The specified module could not be found.\n  ; The specified module could not be found.\n  ; The specified module could not be found.\n  ; The specified module could not be found.\n  ; The specified module could not be found.\n  ; The specified module could not be found.\n  ; The specified module could not be found.\n  ; The specified module could not be found.\n  ; The specified module could not be found.\n  \n\n===============================================================================\ntest cases: 1 | 1 failed\nassertions: 1 | 1 failed\n\n",
      "parsed_errors": [

      ]
    },
    {
      "name": "Boxed_Cast_Test",
      "status": "passed",
      "time": "0.0936928",
      "output": null,
      "parsed_errors": [

      ]
    },
    {
      "name": "Type_Info_Test",
      "status": "passed",
      "time": "0.203678",
      "output": "Size of Type_Info 12\nSize of Type_Info 12\nSize of Type_Info 12\nSize of Type_Info 12\nSize of Type_Info 12\nSize of Type_Info 12\nSize of Type_Info 12\nSize of Type_Info 12\n===============================================================================\nAll tests passed (48 assertions in 1 test case)\n\n",
      "parsed_errors": [

      ]
    },
    {
      "name": "Integer_Literal_Test",
      "status": "failed",
      "time": "0.109789",
      "output": null,
      "parsed_errors": [

      ]
    },
    {
      "name": "C_Linkage_Test",
      "status": "failed",
      "time": "0.266563",
      "output": null,
      "parsed_errors": [

      ]
    },
    {
      "name": "MultiFile_Test",
      "status": "notrun",
      "time": 0,
      "output": "",
      "parsed_errors": [

      ]
    },
    {
      "name": "Multithreaded_Test",
      "status": "failed",
      "time": "0.172815",
      "output": null,
      "parsed_errors": [

      ]
    }
  ],
  "failure": null,
  "package_results": [

  ],
  "configuration": {
    "title": "ChaiScript-647f8842fd7174e8efc66da83c1a5559ac64fe70-i386-Windows-10-VisualStudio-14",
    "permalink": "ChaiScript-647f8842fd7174e8efc66da83c1a5559ac64fe70-i386-Windows-10-VisualStudio-14.html",
    "tags": "data",
    "layout": "ci_results",
    "date": "2016-04-23 20:22:04",
    "unhandled_failure": false,
    "build_error_count": 3,
    "build_warning_count": 0,
    "package_error_count": 0,
    "package_warning_count": 0,
    "test_count": 391,
    "test_passed_count": 2,
    "repository": "ChaiScript/ChaiScript",
    "compiler": "Visual Studio",
    "compiler_version": 14,
    "architecture": null,
    "os": "Windows",
    "os_release": "10",
    "is_release": false,
    "release_packaged": false,
    "packaging_skipped": true,
    "package_name": null,
    "tag_name": null,
    "commit_sha": "647f8842fd7174e8efc66da83c1a5559ac64fe70",
    "branch_name": "cleanups_and_reworkds",
    "test_run": true,
    "pull_request_issue_id": "",
    "pull_request_base_repository": "",
    "pull_request_base_ref": "",
    "device_id": "i386-Windows-10-VisualStudio-14",
    "pending": false,
    "analyze_only": false,
    "build_time": 384.718778,
    "test_time": 4.047685,
    "package_time": null,
    "install_time": null,
    "results_repository": "ChaiScript/ChaiScript-BuildResults",
    "machine_name": "DESKTOP-IKJAE0J",
    "machine_ip": "10.0.2.15",
    "test_pass_limit": 99.9999,
    "test_warn_limit": 90.0,
    "coverage_enabled": false,
    "coverage_pass_limit": 90,
    "coverage_warn_limit": 75,
    "coverage_lines": 0,
    "coverage_total_lines": 0,
    "coverage_functions": 0,
    "coverage_total_functions": 0,
    "coverage_url": null,
    "asset_url": null,
    "performance_total_time": null,
    "performance_test_count": 0
  },
  "performance_results": null
}
